2021-10-06 09:09:51 DEBUG MainLogTest:12 - This is debug
2021-10-06 09:13:41 DEBUG MainLogTest:12 - This is debug
2021-10-24 15:00:07 DEBUG UserServiceImpl:173 - Call method getUserWithDetails() with id = 2000
2021-10-24 15:00:07 DEBUG UserServiceImpl:39 - Call method getUserById() with id = 2000
2021-10-24 15:00:07 DEBUG UserServiceImpl:49 - User isUser(id=2000, name=Dennis, surname=Yudin, email=dennisYudin@mail.ru, login=Big boss, password=0000, type=customer)
2021-10-24 15:00:07 DEBUG UserServiceImpl:126 - Call method getAllEventsByUserId() with id = 2000
2021-10-24 15:00:07 DEBUG UserServiceImpl:136 - Events are [1000, 1001]
2021-10-24 15:01:06 DEBUG UserServiceImpl:173 - Call method getUserWithDetails() with id = 2000
2021-10-24 15:01:06 DEBUG UserServiceImpl:39 - Call method getUserById() with id = 2000
2021-10-24 15:01:06 DEBUG UserServiceImpl:49 - User isUser(id=2000, name=Dennis, surname=Yudin, email=dennisYudin@mail.ru, login=Big boss, password=0000, type=customer)
2021-10-24 15:01:06 DEBUG UserServiceImpl:126 - Call method getAllEventsByUserId() with id = 2000
2021-10-24 15:01:06 DEBUG UserServiceImpl:136 - Events are [1000, 1001]
2021-10-24 15:02:01 DEBUG UserServiceImpl:173 - Call method getUserWithDetails() with id = 2000
2021-10-24 15:02:01 DEBUG UserServiceImpl:39 - Call method getUserById() with id = 2000
2021-10-24 15:02:01 DEBUG UserServiceImpl:49 - User isUser(id=2000, name=Dennis, surname=Yudin, email=dennisYudin@mail.ru, login=Big boss, password=0000, type=customer)
2021-10-24 15:02:01 DEBUG UserServiceImpl:126 - Call method getAllEventsByUserId() with id = 2000
2021-10-24 15:02:01 DEBUG UserServiceImpl:136 - Events are [1000, 1001]
2021-10-24 15:38:54 DEBUG CategoryServiceImpl:24 - Call method getCategoryById() with id = 1
2021-10-24 15:38:54 DEBUG CategoryServiceImpl:34 - Category isCategory(id=1, title=exhibition)
2021-10-24 15:47:43 DEBUG CategoryServiceImpl:24 - Call method getCategoryById() with id = 1
2021-10-24 15:47:43 DEBUG CategoryServiceImpl:34 - Category is Category(id=1, title=exhibition)
2021-10-24 15:48:04 DEBUG CategoryServiceImpl:24 - Call method getCategoryById() with id = 0
2021-10-24 15:48:04 ERROR CategoryServiceImpl:30 - Could not get category by id = 0
org.springframework.dao.EmptyResultDataAccessException: Incorrect result size: expected 1, actual 0
	at org.springframework.dao.support.DataAccessUtils.nullableSingleResult(DataAccessUtils.java:97)
	at org.springframework.jdbc.core.JdbcTemplate.queryForObject(JdbcTemplate.java:887)
	at dev.andrylat.task2.dao.impl.CategoryDAOImpl.getById(CategoryDAOImpl.java:36)
	at dev.andrylat.task2.services.impl.CategoryServiceImpl.getCategoryById(CategoryServiceImpl.java:28)
	at dev.andrylat.task2.services.impl.CategoryServiceImplTest.lambda$getCategoryById_Should_WhenInputIs$0(CategoryServiceImplTest.java:43)
	at org.junit.jupiter.api.AssertThrows.assertThrows(AssertThrows.java:55)
	at org.junit.jupiter.api.AssertThrows.assertThrows(AssertThrows.java:37)
	at org.junit.jupiter.api.Assertions.assertThrows(Assertions.java:3007)
	at dev.andrylat.task2.services.impl.CategoryServiceImplTest.getCategoryById_Should_WhenInputIs(CategoryServiceImplTest.java:42)
	at java.base/jdk.internal.reflect.NativeMethodAccessorImpl.invoke0(Native Method)
	at java.base/jdk.internal.reflect.NativeMethodAccessorImpl.invoke(NativeMethodAccessorImpl.java:62)
	at java.base/jdk.internal.reflect.DelegatingMethodAccessorImpl.invoke(DelegatingMethodAccessorImpl.java:43)
	at java.base/java.lang.reflect.Method.invoke(Method.java:564)
	at org.junit.platform.commons.util.ReflectionUtils.invokeMethod(ReflectionUtils.java:688)
	at org.junit.jupiter.engine.execution.MethodInvocation.proceed(MethodInvocation.java:60)
	at org.junit.jupiter.engine.execution.InvocationInterceptorChain$ValidatingInvocation.proceed(InvocationInterceptorChain.java:131)
	at org.junit.jupiter.engine.extension.TimeoutExtension.intercept(TimeoutExtension.java:149)
	at org.junit.jupiter.engine.extension.TimeoutExtension.interceptTestableMethod(TimeoutExtension.java:140)
	at org.junit.jupiter.engine.extension.TimeoutExtension.interceptTestMethod(TimeoutExtension.java:84)
	at org.junit.jupiter.engine.execution.ExecutableInvoker$ReflectiveInterceptorCall.lambda$ofVoidMethod$0(ExecutableInvoker.java:115)
	at org.junit.jupiter.engine.execution.ExecutableInvoker.lambda$invoke$0(ExecutableInvoker.java:105)
	at org.junit.jupiter.engine.execution.InvocationInterceptorChain$InterceptedInvocation.proceed(InvocationInterceptorChain.java:106)
	at org.junit.jupiter.engine.execution.InvocationInterceptorChain.proceed(InvocationInterceptorChain.java:64)
	at org.junit.jupiter.engine.execution.InvocationInterceptorChain.chainAndInvoke(InvocationInterceptorChain.java:45)
	at org.junit.jupiter.engine.execution.InvocationInterceptorChain.invoke(InvocationInterceptorChain.java:37)
	at org.junit.jupiter.engine.execution.ExecutableInvoker.invoke(ExecutableInvoker.java:104)
	at org.junit.jupiter.engine.execution.ExecutableInvoker.invoke(ExecutableInvoker.java:98)
	at org.junit.jupiter.engine.descriptor.TestMethodTestDescriptor.lambda$invokeTestMethod$6(TestMethodTestDescriptor.java:210)
	at org.junit.platform.engine.support.hierarchical.ThrowableCollector.execute(ThrowableCollector.java:73)
	at org.junit.jupiter.engine.descriptor.TestMethodTestDescriptor.invokeTestMethod(TestMethodTestDescriptor.java:206)
	at org.junit.jupiter.engine.descriptor.TestMethodTestDescriptor.execute(TestMethodTestDescriptor.java:131)
	at org.junit.jupiter.engine.descriptor.TestMethodTestDescriptor.execute(TestMethodTestDescriptor.java:65)
	at org.junit.platform.engine.support.hierarchical.NodeTestTask.lambda$executeRecursively$5(NodeTestTask.java:139)
	at org.junit.platform.engine.support.hierarchical.ThrowableCollector.execute(ThrowableCollector.java:73)
	at org.junit.platform.engine.support.hierarchical.NodeTestTask.lambda$executeRecursively$7(NodeTestTask.java:129)
	at org.junit.platform.engine.support.hierarchical.Node.around(Node.java:137)
	at org.junit.platform.engine.support.hierarchical.NodeTestTask.lambda$executeRecursively$8(NodeTestTask.java:127)
	at org.junit.platform.engine.support.hierarchical.ThrowableCollector.execute(ThrowableCollector.java:73)
	at org.junit.platform.engine.support.hierarchical.NodeTestTask.executeRecursively(NodeTestTask.java:126)
	at org.junit.platform.engine.support.hierarchical.NodeTestTask.execute(NodeTestTask.java:84)
	at java.base/java.util.ArrayList.forEach(ArrayList.java:1378)
	at org.junit.platform.engine.support.hierarchical.SameThreadHierarchicalTestExecutorService.invokeAll(SameThreadHierarchicalTestExecutorService.java:38)
	at org.junit.platform.engine.support.hierarchical.NodeTestTask.lambda$executeRecursively$5(NodeTestTask.java:143)
	at org.junit.platform.engine.support.hierarchical.ThrowableCollector.execute(ThrowableCollector.java:73)
	at org.junit.platform.engine.support.hierarchical.NodeTestTask.lambda$executeRecursively$7(NodeTestTask.java:129)
	at org.junit.platform.engine.support.hierarchical.Node.around(Node.java:137)
	at org.junit.platform.engine.support.hierarchical.NodeTestTask.lambda$executeRecursively$8(NodeTestTask.java:127)
	at org.junit.platform.engine.support.hierarchical.ThrowableCollector.execute(ThrowableCollector.java:73)
	at org.junit.platform.engine.support.hierarchical.NodeTestTask.executeRecursively(NodeTestTask.java:126)
	at org.junit.platform.engine.support.hierarchical.NodeTestTask.execute(NodeTestTask.java:84)
	at java.base/java.util.ArrayList.forEach(ArrayList.java:1378)
	at org.junit.platform.engine.support.hierarchical.SameThreadHierarchicalTestExecutorService.invokeAll(SameThreadHierarchicalTestExecutorService.java:38)
	at org.junit.platform.engine.support.hierarchical.NodeTestTask.lambda$executeRecursively$5(NodeTestTask.java:143)
	at org.junit.platform.engine.support.hierarchical.ThrowableCollector.execute(ThrowableCollector.java:73)
	at org.junit.platform.engine.support.hierarchical.NodeTestTask.lambda$executeRecursively$7(NodeTestTask.java:129)
	at org.junit.platform.engine.support.hierarchical.Node.around(Node.java:137)
	at org.junit.platform.engine.support.hierarchical.NodeTestTask.lambda$executeRecursively$8(NodeTestTask.java:127)
	at org.junit.platform.engine.support.hierarchical.ThrowableCollector.execute(ThrowableCollector.java:73)
	at org.junit.platform.engine.support.hierarchical.NodeTestTask.executeRecursively(NodeTestTask.java:126)
	at org.junit.platform.engine.support.hierarchical.NodeTestTask.execute(NodeTestTask.java:84)
	at org.junit.platform.engine.support.hierarchical.SameThreadHierarchicalTestExecutorService.submit(SameThreadHierarchicalTestExecutorService.java:32)
	at org.junit.platform.engine.support.hierarchical.HierarchicalTestExecutor.execute(HierarchicalTestExecutor.java:57)
	at org.junit.platform.engine.support.hierarchical.HierarchicalTestEngine.execute(HierarchicalTestEngine.java:51)
	at org.junit.platform.launcher.core.EngineExecutionOrchestrator.execute(EngineExecutionOrchestrator.java:108)
	at org.junit.platform.launcher.core.EngineExecutionOrchestrator.execute(EngineExecutionOrchestrator.java:88)
	at org.junit.platform.launcher.core.EngineExecutionOrchestrator.lambda$execute$0(EngineExecutionOrchestrator.java:54)
	at org.junit.platform.launcher.core.EngineExecutionOrchestrator.withInterceptedStreams(EngineExecutionOrchestrator.java:67)
	at org.junit.platform.launcher.core.EngineExecutionOrchestrator.execute(EngineExecutionOrchestrator.java:52)
	at org.junit.platform.launcher.core.DefaultLauncher.execute(DefaultLauncher.java:96)
	at org.junit.platform.launcher.core.DefaultLauncher.execute(DefaultLauncher.java:75)
	at com.intellij.junit5.JUnit5IdeaTestRunner.startRunnerWithArgs(JUnit5IdeaTestRunner.java:69)
	at com.intellij.rt.junit.IdeaTestRunner$Repeater.startRunnerWithArgs(IdeaTestRunner.java:33)
	at com.intellij.rt.junit.JUnitStarter.prepareStreamsAndStart(JUnitStarter.java:230)
	at com.intellij.rt.junit.JUnitStarter.main(JUnitStarter.java:58)
2021-10-24 15:50:44 DEBUG CategoryServiceImpl:24 - Call method getCategoryById() with id = 0
2021-10-24 15:50:44 ERROR CategoryServiceImpl:30 - Could not get category by id = 0
org.springframework.dao.EmptyResultDataAccessException: Incorrect result size: expected 1, actual 0
	at org.springframework.dao.support.DataAccessUtils.nullableSingleResult(DataAccessUtils.java:97)
	at org.springframework.jdbc.core.JdbcTemplate.queryForObject(JdbcTemplate.java:887)
	at dev.andrylat.task2.dao.impl.CategoryDAOImpl.getById(CategoryDAOImpl.java:36)
	at dev.andrylat.task2.services.impl.CategoryServiceImpl.getCategoryById(CategoryServiceImpl.java:28)
	at dev.andrylat.task2.services.impl.CategoryServiceImplTest.lambda$getCategoryById_Should_WhenInputIs$0(CategoryServiceImplTest.java:44)
	at org.junit.jupiter.api.AssertThrows.assertThrows(AssertThrows.java:55)
	at org.junit.jupiter.api.AssertThrows.assertThrows(AssertThrows.java:37)
	at org.junit.jupiter.api.Assertions.assertThrows(Assertions.java:3007)
	at dev.andrylat.task2.services.impl.CategoryServiceImplTest.getCategoryById_Should_WhenInputIs(CategoryServiceImplTest.java:43)
	at java.base/jdk.internal.reflect.NativeMethodAccessorImpl.invoke0(Native Method)
	at java.base/jdk.internal.reflect.NativeMethodAccessorImpl.invoke(NativeMethodAccessorImpl.java:62)
	at java.base/jdk.internal.reflect.DelegatingMethodAccessorImpl.invoke(DelegatingMethodAccessorImpl.java:43)
	at java.base/java.lang.reflect.Method.invoke(Method.java:564)
	at org.junit.platform.commons.util.ReflectionUtils.invokeMethod(ReflectionUtils.java:688)
	at org.junit.jupiter.engine.execution.MethodInvocation.proceed(MethodInvocation.java:60)
	at org.junit.jupiter.engine.execution.InvocationInterceptorChain$ValidatingInvocation.proceed(InvocationInterceptorChain.java:131)
	at org.junit.jupiter.engine.extension.TimeoutExtension.intercept(TimeoutExtension.java:149)
	at org.junit.jupiter.engine.extension.TimeoutExtension.interceptTestableMethod(TimeoutExtension.java:140)
	at org.junit.jupiter.engine.extension.TimeoutExtension.interceptTestMethod(TimeoutExtension.java:84)
	at org.junit.jupiter.engine.execution.ExecutableInvoker$ReflectiveInterceptorCall.lambda$ofVoidMethod$0(ExecutableInvoker.java:115)
	at org.junit.jupiter.engine.execution.ExecutableInvoker.lambda$invoke$0(ExecutableInvoker.java:105)
	at org.junit.jupiter.engine.execution.InvocationInterceptorChain$InterceptedInvocation.proceed(InvocationInterceptorChain.java:106)
	at org.junit.jupiter.engine.execution.InvocationInterceptorChain.proceed(InvocationInterceptorChain.java:64)
	at org.junit.jupiter.engine.execution.InvocationInterceptorChain.chainAndInvoke(InvocationInterceptorChain.java:45)
	at org.junit.jupiter.engine.execution.InvocationInterceptorChain.invoke(InvocationInterceptorChain.java:37)
	at org.junit.jupiter.engine.execution.ExecutableInvoker.invoke(ExecutableInvoker.java:104)
	at org.junit.jupiter.engine.execution.ExecutableInvoker.invoke(ExecutableInvoker.java:98)
	at org.junit.jupiter.engine.descriptor.TestMethodTestDescriptor.lambda$invokeTestMethod$6(TestMethodTestDescriptor.java:210)
	at org.junit.platform.engine.support.hierarchical.ThrowableCollector.execute(ThrowableCollector.java:73)
	at org.junit.jupiter.engine.descriptor.TestMethodTestDescriptor.invokeTestMethod(TestMethodTestDescriptor.java:206)
	at org.junit.jupiter.engine.descriptor.TestMethodTestDescriptor.execute(TestMethodTestDescriptor.java:131)
	at org.junit.jupiter.engine.descriptor.TestMethodTestDescriptor.execute(TestMethodTestDescriptor.java:65)
	at org.junit.platform.engine.support.hierarchical.NodeTestTask.lambda$executeRecursively$5(NodeTestTask.java:139)
	at org.junit.platform.engine.support.hierarchical.ThrowableCollector.execute(ThrowableCollector.java:73)
	at org.junit.platform.engine.support.hierarchical.NodeTestTask.lambda$executeRecursively$7(NodeTestTask.java:129)
	at org.junit.platform.engine.support.hierarchical.Node.around(Node.java:137)
	at org.junit.platform.engine.support.hierarchical.NodeTestTask.lambda$executeRecursively$8(NodeTestTask.java:127)
	at org.junit.platform.engine.support.hierarchical.ThrowableCollector.execute(ThrowableCollector.java:73)
	at org.junit.platform.engine.support.hierarchical.NodeTestTask.executeRecursively(NodeTestTask.java:126)
	at org.junit.platform.engine.support.hierarchical.NodeTestTask.execute(NodeTestTask.java:84)
	at java.base/java.util.ArrayList.forEach(ArrayList.java:1378)
	at org.junit.platform.engine.support.hierarchical.SameThreadHierarchicalTestExecutorService.invokeAll(SameThreadHierarchicalTestExecutorService.java:38)
	at org.junit.platform.engine.support.hierarchical.NodeTestTask.lambda$executeRecursively$5(NodeTestTask.java:143)
	at org.junit.platform.engine.support.hierarchical.ThrowableCollector.execute(ThrowableCollector.java:73)
	at org.junit.platform.engine.support.hierarchical.NodeTestTask.lambda$executeRecursively$7(NodeTestTask.java:129)
	at org.junit.platform.engine.support.hierarchical.Node.around(Node.java:137)
	at org.junit.platform.engine.support.hierarchical.NodeTestTask.lambda$executeRecursively$8(NodeTestTask.java:127)
	at org.junit.platform.engine.support.hierarchical.ThrowableCollector.execute(ThrowableCollector.java:73)
	at org.junit.platform.engine.support.hierarchical.NodeTestTask.executeRecursively(NodeTestTask.java:126)
	at org.junit.platform.engine.support.hierarchical.NodeTestTask.execute(NodeTestTask.java:84)
	at java.base/java.util.ArrayList.forEach(ArrayList.java:1378)
	at org.junit.platform.engine.support.hierarchical.SameThreadHierarchicalTestExecutorService.invokeAll(SameThreadHierarchicalTestExecutorService.java:38)
	at org.junit.platform.engine.support.hierarchical.NodeTestTask.lambda$executeRecursively$5(NodeTestTask.java:143)
	at org.junit.platform.engine.support.hierarchical.ThrowableCollector.execute(ThrowableCollector.java:73)
	at org.junit.platform.engine.support.hierarchical.NodeTestTask.lambda$executeRecursively$7(NodeTestTask.java:129)
	at org.junit.platform.engine.support.hierarchical.Node.around(Node.java:137)
	at org.junit.platform.engine.support.hierarchical.NodeTestTask.lambda$executeRecursively$8(NodeTestTask.java:127)
	at org.junit.platform.engine.support.hierarchical.ThrowableCollector.execute(ThrowableCollector.java:73)
	at org.junit.platform.engine.support.hierarchical.NodeTestTask.executeRecursively(NodeTestTask.java:126)
	at org.junit.platform.engine.support.hierarchical.NodeTestTask.execute(NodeTestTask.java:84)
	at org.junit.platform.engine.support.hierarchical.SameThreadHierarchicalTestExecutorService.submit(SameThreadHierarchicalTestExecutorService.java:32)
	at org.junit.platform.engine.support.hierarchical.HierarchicalTestExecutor.execute(HierarchicalTestExecutor.java:57)
	at org.junit.platform.engine.support.hierarchical.HierarchicalTestEngine.execute(HierarchicalTestEngine.java:51)
	at org.junit.platform.launcher.core.EngineExecutionOrchestrator.execute(EngineExecutionOrchestrator.java:108)
	at org.junit.platform.launcher.core.EngineExecutionOrchestrator.execute(EngineExecutionOrchestrator.java:88)
	at org.junit.platform.launcher.core.EngineExecutionOrchestrator.lambda$execute$0(EngineExecutionOrchestrator.java:54)
	at org.junit.platform.launcher.core.EngineExecutionOrchestrator.withInterceptedStreams(EngineExecutionOrchestrator.java:67)
	at org.junit.platform.launcher.core.EngineExecutionOrchestrator.execute(EngineExecutionOrchestrator.java:52)
	at org.junit.platform.launcher.core.DefaultLauncher.execute(DefaultLauncher.java:96)
	at org.junit.platform.launcher.core.DefaultLauncher.execute(DefaultLauncher.java:75)
	at com.intellij.junit5.JUnit5IdeaTestRunner.startRunnerWithArgs(JUnit5IdeaTestRunner.java:69)
	at com.intellij.rt.junit.IdeaTestRunner$Repeater.startRunnerWithArgs(IdeaTestRunner.java:33)
	at com.intellij.rt.junit.JUnitStarter.prepareStreamsAndStart(JUnitStarter.java:230)
	at com.intellij.rt.junit.JUnitStarter.main(JUnitStarter.java:58)
2021-10-24 15:51:51 DEBUG CategoryServiceImpl:24 - Call method getCategoryById() with id = 0
2021-10-24 15:51:51 ERROR CategoryServiceImpl:30 - Could not get category by id = 0
org.springframework.dao.EmptyResultDataAccessException: Incorrect result size: expected 1, actual 0
	at org.springframework.dao.support.DataAccessUtils.nullableSingleResult(DataAccessUtils.java:97)
	at org.springframework.jdbc.core.JdbcTemplate.queryForObject(JdbcTemplate.java:887)
	at dev.andrylat.task2.dao.impl.CategoryDAOImpl.getById(CategoryDAOImpl.java:36)
	at dev.andrylat.task2.services.impl.CategoryServiceImpl.getCategoryById(CategoryServiceImpl.java:28)
	at dev.andrylat.task2.services.impl.CategoryServiceImplTest.lambda$getCategoryById_Should_WhenInputIs$0(CategoryServiceImplTest.java:44)
	at org.junit.jupiter.api.AssertThrows.assertThrows(AssertThrows.java:55)
	at org.junit.jupiter.api.AssertThrows.assertThrows(AssertThrows.java:37)
	at org.junit.jupiter.api.Assertions.assertThrows(Assertions.java:3007)
	at dev.andrylat.task2.services.impl.CategoryServiceImplTest.getCategoryById_Should_WhenInputIs(CategoryServiceImplTest.java:43)
	at java.base/jdk.internal.reflect.NativeMethodAccessorImpl.invoke0(Native Method)
	at java.base/jdk.internal.reflect.NativeMethodAccessorImpl.invoke(NativeMethodAccessorImpl.java:62)
	at java.base/jdk.internal.reflect.DelegatingMethodAccessorImpl.invoke(DelegatingMethodAccessorImpl.java:43)
	at java.base/java.lang.reflect.Method.invoke(Method.java:564)
	at org.junit.platform.commons.util.ReflectionUtils.invokeMethod(ReflectionUtils.java:688)
	at org.junit.jupiter.engine.execution.MethodInvocation.proceed(MethodInvocation.java:60)
	at org.junit.jupiter.engine.execution.InvocationInterceptorChain$ValidatingInvocation.proceed(InvocationInterceptorChain.java:131)
	at org.junit.jupiter.engine.extension.TimeoutExtension.intercept(TimeoutExtension.java:149)
	at org.junit.jupiter.engine.extension.TimeoutExtension.interceptTestableMethod(TimeoutExtension.java:140)
	at org.junit.jupiter.engine.extension.TimeoutExtension.interceptTestMethod(TimeoutExtension.java:84)
	at org.junit.jupiter.engine.execution.ExecutableInvoker$ReflectiveInterceptorCall.lambda$ofVoidMethod$0(ExecutableInvoker.java:115)
	at org.junit.jupiter.engine.execution.ExecutableInvoker.lambda$invoke$0(ExecutableInvoker.java:105)
	at org.junit.jupiter.engine.execution.InvocationInterceptorChain$InterceptedInvocation.proceed(InvocationInterceptorChain.java:106)
	at org.junit.jupiter.engine.execution.InvocationInterceptorChain.proceed(InvocationInterceptorChain.java:64)
	at org.junit.jupiter.engine.execution.InvocationInterceptorChain.chainAndInvoke(InvocationInterceptorChain.java:45)
	at org.junit.jupiter.engine.execution.InvocationInterceptorChain.invoke(InvocationInterceptorChain.java:37)
	at org.junit.jupiter.engine.execution.ExecutableInvoker.invoke(ExecutableInvoker.java:104)
	at org.junit.jupiter.engine.execution.ExecutableInvoker.invoke(ExecutableInvoker.java:98)
	at org.junit.jupiter.engine.descriptor.TestMethodTestDescriptor.lambda$invokeTestMethod$6(TestMethodTestDescriptor.java:210)
	at org.junit.platform.engine.support.hierarchical.ThrowableCollector.execute(ThrowableCollector.java:73)
	at org.junit.jupiter.engine.descriptor.TestMethodTestDescriptor.invokeTestMethod(TestMethodTestDescriptor.java:206)
	at org.junit.jupiter.engine.descriptor.TestMethodTestDescriptor.execute(TestMethodTestDescriptor.java:131)
	at org.junit.jupiter.engine.descriptor.TestMethodTestDescriptor.execute(TestMethodTestDescriptor.java:65)
	at org.junit.platform.engine.support.hierarchical.NodeTestTask.lambda$executeRecursively$5(NodeTestTask.java:139)
	at org.junit.platform.engine.support.hierarchical.ThrowableCollector.execute(ThrowableCollector.java:73)
	at org.junit.platform.engine.support.hierarchical.NodeTestTask.lambda$executeRecursively$7(NodeTestTask.java:129)
	at org.junit.platform.engine.support.hierarchical.Node.around(Node.java:137)
	at org.junit.platform.engine.support.hierarchical.NodeTestTask.lambda$executeRecursively$8(NodeTestTask.java:127)
	at org.junit.platform.engine.support.hierarchical.ThrowableCollector.execute(ThrowableCollector.java:73)
	at org.junit.platform.engine.support.hierarchical.NodeTestTask.executeRecursively(NodeTestTask.java:126)
	at org.junit.platform.engine.support.hierarchical.NodeTestTask.execute(NodeTestTask.java:84)
	at java.base/java.util.ArrayList.forEach(ArrayList.java:1378)
	at org.junit.platform.engine.support.hierarchical.SameThreadHierarchicalTestExecutorService.invokeAll(SameThreadHierarchicalTestExecutorService.java:38)
	at org.junit.platform.engine.support.hierarchical.NodeTestTask.lambda$executeRecursively$5(NodeTestTask.java:143)
	at org.junit.platform.engine.support.hierarchical.ThrowableCollector.execute(ThrowableCollector.java:73)
	at org.junit.platform.engine.support.hierarchical.NodeTestTask.lambda$executeRecursively$7(NodeTestTask.java:129)
	at org.junit.platform.engine.support.hierarchical.Node.around(Node.java:137)
	at org.junit.platform.engine.support.hierarchical.NodeTestTask.lambda$executeRecursively$8(NodeTestTask.java:127)
	at org.junit.platform.engine.support.hierarchical.ThrowableCollector.execute(ThrowableCollector.java:73)
	at org.junit.platform.engine.support.hierarchical.NodeTestTask.executeRecursively(NodeTestTask.java:126)
	at org.junit.platform.engine.support.hierarchical.NodeTestTask.execute(NodeTestTask.java:84)
	at java.base/java.util.ArrayList.forEach(ArrayList.java:1378)
	at org.junit.platform.engine.support.hierarchical.SameThreadHierarchicalTestExecutorService.invokeAll(SameThreadHierarchicalTestExecutorService.java:38)
	at org.junit.platform.engine.support.hierarchical.NodeTestTask.lambda$executeRecursively$5(NodeTestTask.java:143)
	at org.junit.platform.engine.support.hierarchical.ThrowableCollector.execute(ThrowableCollector.java:73)
	at org.junit.platform.engine.support.hierarchical.NodeTestTask.lambda$executeRecursively$7(NodeTestTask.java:129)
	at org.junit.platform.engine.support.hierarchical.Node.around(Node.java:137)
	at org.junit.platform.engine.support.hierarchical.NodeTestTask.lambda$executeRecursively$8(NodeTestTask.java:127)
	at org.junit.platform.engine.support.hierarchical.ThrowableCollector.execute(ThrowableCollector.java:73)
	at org.junit.platform.engine.support.hierarchical.NodeTestTask.executeRecursively(NodeTestTask.java:126)
	at org.junit.platform.engine.support.hierarchical.NodeTestTask.execute(NodeTestTask.java:84)
	at org.junit.platform.engine.support.hierarchical.SameThreadHierarchicalTestExecutorService.submit(SameThreadHierarchicalTestExecutorService.java:32)
	at org.junit.platform.engine.support.hierarchical.HierarchicalTestExecutor.execute(HierarchicalTestExecutor.java:57)
	at org.junit.platform.engine.support.hierarchical.HierarchicalTestEngine.execute(HierarchicalTestEngine.java:51)
	at org.junit.platform.launcher.core.EngineExecutionOrchestrator.execute(EngineExecutionOrchestrator.java:108)
	at org.junit.platform.launcher.core.EngineExecutionOrchestrator.execute(EngineExecutionOrchestrator.java:88)
	at org.junit.platform.launcher.core.EngineExecutionOrchestrator.lambda$execute$0(EngineExecutionOrchestrator.java:54)
	at org.junit.platform.launcher.core.EngineExecutionOrchestrator.withInterceptedStreams(EngineExecutionOrchestrator.java:67)
	at org.junit.platform.launcher.core.EngineExecutionOrchestrator.execute(EngineExecutionOrchestrator.java:52)
	at org.junit.platform.launcher.core.DefaultLauncher.execute(DefaultLauncher.java:96)
	at org.junit.platform.launcher.core.DefaultLauncher.execute(DefaultLauncher.java:75)
	at com.intellij.junit5.JUnit5IdeaTestRunner.startRunnerWithArgs(JUnit5IdeaTestRunner.java:69)
	at com.intellij.rt.junit.IdeaTestRunner$Repeater.startRunnerWithArgs(IdeaTestRunner.java:33)
	at com.intellij.rt.junit.JUnitStarter.prepareStreamsAndStart(JUnitStarter.java:230)
	at com.intellij.rt.junit.JUnitStarter.main(JUnitStarter.java:58)
2021-10-24 15:59:09 DEBUG CategoryServiceImpl:41 - Call method findAllCategories()
2021-10-24 15:59:09 DEBUG CategoryServiceImpl:51 - Categories are [Category(id=4, title=Art concert), Category(id=1, title=exhibition), Category(id=2, title=movie), Category(id=3, title=theatre)]
2021-10-24 16:01:13 DEBUG CategoryServiceImpl:41 - Call method findAllCategories()
2021-10-24 16:01:13 DEBUG CategoryServiceImpl:51 - Categories are [Category(id=4, title=Art concert), Category(id=1, title=exhibition), Category(id=2, title=movie), Category(id=3, title=theatre)]
2021-10-24 16:07:06 DEBUG CategoryServiceImpl:41 - Call method findAllCategories()
2021-10-24 16:07:06 DEBUG CategoryServiceImpl:51 - Categories are [Category(id=4, title=Art concert), Category(id=1, title=exhibition)]
2021-10-24 16:07:51 DEBUG CategoryServiceImpl:41 - Call method findAllCategories()
2021-10-24 16:07:51 DEBUG CategoryServiceImpl:51 - Categories are [Category(id=1, title=exhibition), Category(id=2, title=movie), Category(id=3, title=theatre), Category(id=4, title=Art concert)]
2021-10-24 16:08:44 DEBUG CategoryServiceImpl:41 - Call method findAllCategories()
2021-10-24 16:08:44 DEBUG CategoryServiceImpl:51 - Categories are [Category(id=4, title=Art concert), Category(id=1, title=exhibition), Category(id=2, title=movie), Category(id=3, title=theatre)]
2021-10-24 16:10:52 DEBUG CategoryServiceImpl:24 - Call method getCategoryById() with id = 5
2021-10-24 16:10:52 ERROR CategoryServiceImpl:30 - Could not get category by id = 5
org.springframework.dao.EmptyResultDataAccessException: Incorrect result size: expected 1, actual 0
	at org.springframework.dao.support.DataAccessUtils.nullableSingleResult(DataAccessUtils.java:97)
	at org.springframework.jdbc.core.JdbcTemplate.queryForObject(JdbcTemplate.java:887)
	at dev.andrylat.task2.dao.impl.CategoryDAOImpl.getById(CategoryDAOImpl.java:36)
	at dev.andrylat.task2.services.impl.CategoryServiceImpl.getCategoryById(CategoryServiceImpl.java:28)
	at dev.andrylat.task2.services.impl.CategoryServiceImpl.saveCategory(CategoryServiceImpl.java:59)
	at dev.andrylat.task2.services.impl.CategoryServiceImplTest.saveCategory_ShouldSaveCategory_WhenInputIsNewCategoryWithIdAndName(CategoryServiceImplTest.java:154)
	at java.base/jdk.internal.reflect.NativeMethodAccessorImpl.invoke0(Native Method)
	at java.base/jdk.internal.reflect.NativeMethodAccessorImpl.invoke(NativeMethodAccessorImpl.java:62)
	at java.base/jdk.internal.reflect.DelegatingMethodAccessorImpl.invoke(DelegatingMethodAccessorImpl.java:43)
	at java.base/java.lang.reflect.Method.invoke(Method.java:564)
	at org.junit.platform.commons.util.ReflectionUtils.invokeMethod(ReflectionUtils.java:688)
	at org.junit.jupiter.engine.execution.MethodInvocation.proceed(MethodInvocation.java:60)
	at org.junit.jupiter.engine.execution.InvocationInterceptorChain$ValidatingInvocation.proceed(InvocationInterceptorChain.java:131)
	at org.junit.jupiter.engine.extension.TimeoutExtension.intercept(TimeoutExtension.java:149)
	at org.junit.jupiter.engine.extension.TimeoutExtension.interceptTestableMethod(TimeoutExtension.java:140)
	at org.junit.jupiter.engine.extension.TimeoutExtension.interceptTestMethod(TimeoutExtension.java:84)
	at org.junit.jupiter.engine.execution.ExecutableInvoker$ReflectiveInterceptorCall.lambda$ofVoidMethod$0(ExecutableInvoker.java:115)
	at org.junit.jupiter.engine.execution.ExecutableInvoker.lambda$invoke$0(ExecutableInvoker.java:105)
	at org.junit.jupiter.engine.execution.InvocationInterceptorChain$InterceptedInvocation.proceed(InvocationInterceptorChain.java:106)
	at org.junit.jupiter.engine.execution.InvocationInterceptorChain.proceed(InvocationInterceptorChain.java:64)
	at org.junit.jupiter.engine.execution.InvocationInterceptorChain.chainAndInvoke(InvocationInterceptorChain.java:45)
	at org.junit.jupiter.engine.execution.InvocationInterceptorChain.invoke(InvocationInterceptorChain.java:37)
	at org.junit.jupiter.engine.execution.ExecutableInvoker.invoke(ExecutableInvoker.java:104)
	at org.junit.jupiter.engine.execution.ExecutableInvoker.invoke(ExecutableInvoker.java:98)
	at org.junit.jupiter.engine.descriptor.TestMethodTestDescriptor.lambda$invokeTestMethod$6(TestMethodTestDescriptor.java:210)
	at org.junit.platform.engine.support.hierarchical.ThrowableCollector.execute(ThrowableCollector.java:73)
	at org.junit.jupiter.engine.descriptor.TestMethodTestDescriptor.invokeTestMethod(TestMethodTestDescriptor.java:206)
	at org.junit.jupiter.engine.descriptor.TestMethodTestDescriptor.execute(TestMethodTestDescriptor.java:131)
	at org.junit.jupiter.engine.descriptor.TestMethodTestDescriptor.execute(TestMethodTestDescriptor.java:65)
	at org.junit.platform.engine.support.hierarchical.NodeTestTask.lambda$executeRecursively$5(NodeTestTask.java:139)
	at org.junit.platform.engine.support.hierarchical.ThrowableCollector.execute(ThrowableCollector.java:73)
	at org.junit.platform.engine.support.hierarchical.NodeTestTask.lambda$executeRecursively$7(NodeTestTask.java:129)
	at org.junit.platform.engine.support.hierarchical.Node.around(Node.java:137)
	at org.junit.platform.engine.support.hierarchical.NodeTestTask.lambda$executeRecursively$8(NodeTestTask.java:127)
	at org.junit.platform.engine.support.hierarchical.ThrowableCollector.execute(ThrowableCollector.java:73)
	at org.junit.platform.engine.support.hierarchical.NodeTestTask.executeRecursively(NodeTestTask.java:126)
	at org.junit.platform.engine.support.hierarchical.NodeTestTask.execute(NodeTestTask.java:84)
	at java.base/java.util.ArrayList.forEach(ArrayList.java:1378)
	at org.junit.platform.engine.support.hierarchical.SameThreadHierarchicalTestExecutorService.invokeAll(SameThreadHierarchicalTestExecutorService.java:38)
	at org.junit.platform.engine.support.hierarchical.NodeTestTask.lambda$executeRecursively$5(NodeTestTask.java:143)
	at org.junit.platform.engine.support.hierarchical.ThrowableCollector.execute(ThrowableCollector.java:73)
	at org.junit.platform.engine.support.hierarchical.NodeTestTask.lambda$executeRecursively$7(NodeTestTask.java:129)
	at org.junit.platform.engine.support.hierarchical.Node.around(Node.java:137)
	at org.junit.platform.engine.support.hierarchical.NodeTestTask.lambda$executeRecursively$8(NodeTestTask.java:127)
	at org.junit.platform.engine.support.hierarchical.ThrowableCollector.execute(ThrowableCollector.java:73)
	at org.junit.platform.engine.support.hierarchical.NodeTestTask.executeRecursively(NodeTestTask.java:126)
	at org.junit.platform.engine.support.hierarchical.NodeTestTask.execute(NodeTestTask.java:84)
	at java.base/java.util.ArrayList.forEach(ArrayList.java:1378)
	at org.junit.platform.engine.support.hierarchical.SameThreadHierarchicalTestExecutorService.invokeAll(SameThreadHierarchicalTestExecutorService.java:38)
	at org.junit.platform.engine.support.hierarchical.NodeTestTask.lambda$executeRecursively$5(NodeTestTask.java:143)
	at org.junit.platform.engine.support.hierarchical.ThrowableCollector.execute(ThrowableCollector.java:73)
	at org.junit.platform.engine.support.hierarchical.NodeTestTask.lambda$executeRecursively$7(NodeTestTask.java:129)
	at org.junit.platform.engine.support.hierarchical.Node.around(Node.java:137)
	at org.junit.platform.engine.support.hierarchical.NodeTestTask.lambda$executeRecursively$8(NodeTestTask.java:127)
	at org.junit.platform.engine.support.hierarchical.ThrowableCollector.execute(ThrowableCollector.java:73)
	at org.junit.platform.engine.support.hierarchical.NodeTestTask.executeRecursively(NodeTestTask.java:126)
	at org.junit.platform.engine.support.hierarchical.NodeTestTask.execute(NodeTestTask.java:84)
	at org.junit.platform.engine.support.hierarchical.SameThreadHierarchicalTestExecutorService.submit(SameThreadHierarchicalTestExecutorService.java:32)
	at org.junit.platform.engine.support.hierarchical.HierarchicalTestExecutor.execute(HierarchicalTestExecutor.java:57)
	at org.junit.platform.engine.support.hierarchical.HierarchicalTestEngine.execute(HierarchicalTestEngine.java:51)
	at org.junit.platform.launcher.core.EngineExecutionOrchestrator.execute(EngineExecutionOrchestrator.java:108)
	at org.junit.platform.launcher.core.EngineExecutionOrchestrator.execute(EngineExecutionOrchestrator.java:88)
	at org.junit.platform.launcher.core.EngineExecutionOrchestrator.lambda$execute$0(EngineExecutionOrchestrator.java:54)
	at org.junit.platform.launcher.core.EngineExecutionOrchestrator.withInterceptedStreams(EngineExecutionOrchestrator.java:67)
	at org.junit.platform.launcher.core.EngineExecutionOrchestrator.execute(EngineExecutionOrchestrator.java:52)
	at org.junit.platform.launcher.core.DefaultLauncher.execute(DefaultLauncher.java:96)
	at org.junit.platform.launcher.core.DefaultLauncher.execute(DefaultLauncher.java:75)
	at com.intellij.junit5.JUnit5IdeaTestRunner.startRunnerWithArgs(JUnit5IdeaTestRunner.java:69)
	at com.intellij.rt.junit.IdeaTestRunner$Repeater.startRunnerWithArgs(IdeaTestRunner.java:33)
	at com.intellij.rt.junit.JUnitStarter.prepareStreamsAndStart(JUnitStarter.java:230)
	at com.intellij.rt.junit.JUnitStarter.main(JUnitStarter.java:58)
2021-10-25 12:11:23 DEBUG CategoryServiceImpl:24 - Call method getCategoryById() with id = 1
2021-10-25 12:11:23 DEBUG CategoryServiceImpl:34 - Category is Category(id=1, title=exhibition)
2021-10-27 11:25:00 DEBUG EventServiceImpl:174 - Call method getEventWithDetails() with id = 1000
2021-10-27 11:25:00 DEBUG EventServiceImpl:39 - Call method getEventById() with id = 1000
2021-10-27 11:25:00 DEBUG EventServiceImpl:49 - Event isEvent(id=1000, title=Oxxxymiron concert, date=2021-08-13 18:23:00.0, price=5000, status=actual, description=Oxxxymiron is, locationId=101)
2021-10-27 11:25:00 DEBUG EventServiceImpl:127 - Call method getAllCategoriesByEventId() with id = 1000
2021-10-27 11:25:00 DEBUG EventServiceImpl:137 - Categories are [exhibition, movie, theatre]
2021-10-27 11:25:00 DEBUG EventServiceImpl:191 - Call method getLocationById() with id = 101
2021-10-27 11:25:00 DEBUG EventServiceImpl:201 - Location isLocation(id=101, title=Moes, workingHours=06:00-00:00, type=tavern, address=the great street, description=description bla bla bla for test, capacityPeople=750)
2021-10-27 11:25:00 DEBUG EventServiceImpl:185 - EventDTO is EventDTO(eventId=1000, eventName=Oxxxymiron concert, eventDate=2021-08-13 18:23:00.0, eventPrice=5000, eventStatus=actual, eventDescription=Oxxxymiron is, eventCategories=[exhibition, movie, theatre], locationName=Moes, locationWorkingHours=06:00-00:00, locationType=tavern, locationAddress=the great street, locationDescription=description bla bla bla for test, capacityPeople=750)
2021-10-27 11:25:58 DEBUG EventServiceImpl:174 - Call method getEventWithDetails() with id = 1000
2021-10-27 11:25:58 DEBUG EventServiceImpl:39 - Call method getEventById() with id = 1000
2021-10-27 11:25:58 DEBUG EventServiceImpl:49 - Event isEvent(id=1000, title=Oxxxymiron concert, date=2021-08-13 18:23:00.0, price=5000, status=actual, description=Oxxxymiron is, locationId=101)
2021-10-27 11:25:58 DEBUG EventServiceImpl:127 - Call method getAllCategoriesByEventId() with id = 1000
2021-10-27 11:25:58 DEBUG EventServiceImpl:137 - Categories are [exhibition, movie, theatre]
2021-10-27 11:25:58 DEBUG EventServiceImpl:191 - Call method getLocationById() with id = 101
2021-10-27 11:25:58 DEBUG EventServiceImpl:201 - Location isLocation(id=101, title=Moes, workingHours=06:00-00:00, type=tavern, address=the great street, description=description bla bla bla for test, capacityPeople=750)
2021-10-27 11:25:58 DEBUG EventServiceImpl:185 - EventDTO is EventDTO(eventId=1000, eventName=Oxxxymiron concert, eventDate=2021-08-13 18:23:00.0, eventPrice=5000, eventStatus=actual, eventDescription=Oxxxymiron is, eventCategories=[exhibition, movie, theatre], locationName=Moes, locationWorkingHours=06:00-00:00, locationType=tavern, locationAddress=the great street, locationDescription=description bla bla bla for test, capacityPeople=750)
2021-10-27 11:26:36 DEBUG EventServiceImpl:174 - Call method getEventWithDetails() with id = 1000
2021-10-27 11:26:36 DEBUG EventServiceImpl:39 - Call method getEventById() with id = 1000
2021-10-27 11:26:36 DEBUG EventServiceImpl:49 - Event is Event(id=1000, title=Oxxxymiron concert, date=2021-08-13 18:23:00.0, price=5000, status=actual, description=Oxxxymiron is, locationId=101)
2021-10-27 11:26:36 DEBUG EventServiceImpl:127 - Call method getAllCategoriesByEventId() with id = 1000
2021-10-27 11:26:36 DEBUG EventServiceImpl:137 - Categories are [exhibition, movie, theatre]
2021-10-27 11:26:36 DEBUG EventServiceImpl:191 - Call method getLocationById() with id = 101
2021-10-27 11:26:36 DEBUG EventServiceImpl:201 - Location isLocation(id=101, title=Moes, workingHours=06:00-00:00, type=tavern, address=the great street, description=description bla bla bla for test, capacityPeople=750)
2021-10-27 11:26:36 DEBUG EventServiceImpl:185 - EventDTO is EventDTO(eventId=1000, eventName=Oxxxymiron concert, eventDate=2021-08-13 18:23:00.0, eventPrice=5000, eventStatus=actual, eventDescription=Oxxxymiron is, eventCategories=[exhibition, movie, theatre], locationName=Moes, locationWorkingHours=06:00-00:00, locationType=tavern, locationAddress=the great street, locationDescription=description bla bla bla for test, capacityPeople=750)
2021-10-27 11:53:59 DEBUG UserServiceImpl:174 - Call method getUserWithDetails() with id = 2000
2021-10-27 11:53:59 DEBUG UserServiceImpl:39 - Call method getUserById() with id = 2000
2021-10-27 11:53:59 DEBUG UserServiceImpl:49 - User is User(id=2000, name=Dennis, surname=Yudin, email=dennisYudin@mail.ru, login=Big boss, password=0000, type=customer)
2021-10-27 11:53:59 DEBUG UserServiceImpl:183 - userDTO is UserDTO(id=2000, name=Dennis, surname=Yudin, email=dennisYudin@mail.ru, events=[Event(id=1001, title=Basta, date=2019-09-14 15:30:00.0, price=1000, status=actual, description=Bla bla bla, locationId=100), Event(id=1000, title=Oxxxymiron concert, date=2021-08-13 18:23:00.0, price=5000, status=actual, description=Oxxxymiron is, locationId=101)])
2021-10-27 13:09:13 DEBUG CategoryServiceImpl:24 - Call method getCategoryById() with id = 0
2021-10-27 13:09:13 ERROR CategoryServiceImpl:30 - Could not get category by id = 0
org.springframework.dao.EmptyResultDataAccessException: Incorrect result size: expected 1, actual 0
	at org.springframework.dao.support.DataAccessUtils.nullableSingleResult(DataAccessUtils.java:97)
	at org.springframework.jdbc.core.JdbcTemplate.queryForObject(JdbcTemplate.java:887)
	at dev.andrylat.task2.dao.impl.CategoryDAOImpl.getById(CategoryDAOImpl.java:37)
	at dev.andrylat.task2.services.impl.CategoryServiceImpl.getCategoryById(CategoryServiceImpl.java:28)
	at dev.andrylat.task2.services.impl.CategoryServiceImplTest.lambda$getCategoryById_ShouldThrowServiceException_WhenInputIsZero$0(CategoryServiceImplTest.java:56)
	at org.junit.jupiter.api.AssertThrows.assertThrows(AssertThrows.java:55)
	at org.junit.jupiter.api.AssertThrows.assertThrows(AssertThrows.java:37)
	at org.junit.jupiter.api.Assertions.assertThrows(Assertions.java:3007)
	at dev.andrylat.task2.services.impl.CategoryServiceImplTest.getCategoryById_ShouldThrowServiceException_WhenInputIsZero(CategoryServiceImplTest.java:55)
	at java.base/jdk.internal.reflect.NativeMethodAccessorImpl.invoke0(Native Method)
	at java.base/jdk.internal.reflect.NativeMethodAccessorImpl.invoke(NativeMethodAccessorImpl.java:62)
	at java.base/jdk.internal.reflect.DelegatingMethodAccessorImpl.invoke(DelegatingMethodAccessorImpl.java:43)
	at java.base/java.lang.reflect.Method.invoke(Method.java:564)
	at org.junit.platform.commons.util.ReflectionUtils.invokeMethod(ReflectionUtils.java:688)
	at org.junit.jupiter.engine.execution.MethodInvocation.proceed(MethodInvocation.java:60)
	at org.junit.jupiter.engine.execution.InvocationInterceptorChain$ValidatingInvocation.proceed(InvocationInterceptorChain.java:131)
	at org.junit.jupiter.engine.extension.TimeoutExtension.intercept(TimeoutExtension.java:149)
	at org.junit.jupiter.engine.extension.TimeoutExtension.interceptTestableMethod(TimeoutExtension.java:140)
	at org.junit.jupiter.engine.extension.TimeoutExtension.interceptTestMethod(TimeoutExtension.java:84)
	at org.junit.jupiter.engine.execution.ExecutableInvoker$ReflectiveInterceptorCall.lambda$ofVoidMethod$0(ExecutableInvoker.java:115)
	at org.junit.jupiter.engine.execution.ExecutableInvoker.lambda$invoke$0(ExecutableInvoker.java:105)
	at org.junit.jupiter.engine.execution.InvocationInterceptorChain$InterceptedInvocation.proceed(InvocationInterceptorChain.java:106)
	at org.junit.jupiter.engine.execution.InvocationInterceptorChain.proceed(InvocationInterceptorChain.java:64)
	at org.junit.jupiter.engine.execution.InvocationInterceptorChain.chainAndInvoke(InvocationInterceptorChain.java:45)
	at org.junit.jupiter.engine.execution.InvocationInterceptorChain.invoke(InvocationInterceptorChain.java:37)
	at org.junit.jupiter.engine.execution.ExecutableInvoker.invoke(ExecutableInvoker.java:104)
	at org.junit.jupiter.engine.execution.ExecutableInvoker.invoke(ExecutableInvoker.java:98)
	at org.junit.jupiter.engine.descriptor.TestMethodTestDescriptor.lambda$invokeTestMethod$6(TestMethodTestDescriptor.java:210)
	at org.junit.platform.engine.support.hierarchical.ThrowableCollector.execute(ThrowableCollector.java:73)
	at org.junit.jupiter.engine.descriptor.TestMethodTestDescriptor.invokeTestMethod(TestMethodTestDescriptor.java:206)
	at org.junit.jupiter.engine.descriptor.TestMethodTestDescriptor.execute(TestMethodTestDescriptor.java:131)
	at org.junit.jupiter.engine.descriptor.TestMethodTestDescriptor.execute(TestMethodTestDescriptor.java:65)
	at org.junit.platform.engine.support.hierarchical.NodeTestTask.lambda$executeRecursively$5(NodeTestTask.java:139)
	at org.junit.platform.engine.support.hierarchical.ThrowableCollector.execute(ThrowableCollector.java:73)
	at org.junit.platform.engine.support.hierarchical.NodeTestTask.lambda$executeRecursively$7(NodeTestTask.java:129)
	at org.junit.platform.engine.support.hierarchical.Node.around(Node.java:137)
	at org.junit.platform.engine.support.hierarchical.NodeTestTask.lambda$executeRecursively$8(NodeTestTask.java:127)
	at org.junit.platform.engine.support.hierarchical.ThrowableCollector.execute(ThrowableCollector.java:73)
	at org.junit.platform.engine.support.hierarchical.NodeTestTask.executeRecursively(NodeTestTask.java:126)
	at org.junit.platform.engine.support.hierarchical.NodeTestTask.execute(NodeTestTask.java:84)
	at java.base/java.util.ArrayList.forEach(ArrayList.java:1378)
	at org.junit.platform.engine.support.hierarchical.SameThreadHierarchicalTestExecutorService.invokeAll(SameThreadHierarchicalTestExecutorService.java:38)
	at org.junit.platform.engine.support.hierarchical.NodeTestTask.lambda$executeRecursively$5(NodeTestTask.java:143)
	at org.junit.platform.engine.support.hierarchical.ThrowableCollector.execute(ThrowableCollector.java:73)
	at org.junit.platform.engine.support.hierarchical.NodeTestTask.lambda$executeRecursively$7(NodeTestTask.java:129)
	at org.junit.platform.engine.support.hierarchical.Node.around(Node.java:137)
	at org.junit.platform.engine.support.hierarchical.NodeTestTask.lambda$executeRecursively$8(NodeTestTask.java:127)
	at org.junit.platform.engine.support.hierarchical.ThrowableCollector.execute(ThrowableCollector.java:73)
	at org.junit.platform.engine.support.hierarchical.NodeTestTask.executeRecursively(NodeTestTask.java:126)
	at org.junit.platform.engine.support.hierarchical.NodeTestTask.execute(NodeTestTask.java:84)
	at java.base/java.util.ArrayList.forEach(ArrayList.java:1378)
	at org.junit.platform.engine.support.hierarchical.SameThreadHierarchicalTestExecutorService.invokeAll(SameThreadHierarchicalTestExecutorService.java:38)
	at org.junit.platform.engine.support.hierarchical.NodeTestTask.lambda$executeRecursively$5(NodeTestTask.java:143)
	at org.junit.platform.engine.support.hierarchical.ThrowableCollector.execute(ThrowableCollector.java:73)
	at org.junit.platform.engine.support.hierarchical.NodeTestTask.lambda$executeRecursively$7(NodeTestTask.java:129)
	at org.junit.platform.engine.support.hierarchical.Node.around(Node.java:137)
	at org.junit.platform.engine.support.hierarchical.NodeTestTask.lambda$executeRecursively$8(NodeTestTask.java:127)
	at org.junit.platform.engine.support.hierarchical.ThrowableCollector.execute(ThrowableCollector.java:73)
	at org.junit.platform.engine.support.hierarchical.NodeTestTask.executeRecursively(NodeTestTask.java:126)
	at org.junit.platform.engine.support.hierarchical.NodeTestTask.execute(NodeTestTask.java:84)
	at org.junit.platform.engine.support.hierarchical.SameThreadHierarchicalTestExecutorService.submit(SameThreadHierarchicalTestExecutorService.java:32)
	at org.junit.platform.engine.support.hierarchical.HierarchicalTestExecutor.execute(HierarchicalTestExecutor.java:57)
	at org.junit.platform.engine.support.hierarchical.HierarchicalTestEngine.execute(HierarchicalTestEngine.java:51)
	at org.junit.platform.launcher.core.EngineExecutionOrchestrator.execute(EngineExecutionOrchestrator.java:108)
	at org.junit.platform.launcher.core.EngineExecutionOrchestrator.execute(EngineExecutionOrchestrator.java:88)
	at org.junit.platform.launcher.core.EngineExecutionOrchestrator.lambda$execute$0(EngineExecutionOrchestrator.java:54)
	at org.junit.platform.launcher.core.EngineExecutionOrchestrator.withInterceptedStreams(EngineExecutionOrchestrator.java:67)
	at org.junit.platform.launcher.core.EngineExecutionOrchestrator.execute(EngineExecutionOrchestrator.java:52)
	at org.junit.platform.launcher.core.DefaultLauncher.execute(DefaultLauncher.java:96)
	at org.junit.platform.launcher.core.DefaultLauncher.execute(DefaultLauncher.java:75)
	at com.intellij.junit5.JUnit5IdeaTestRunner.startRunnerWithArgs(JUnit5IdeaTestRunner.java:69)
	at com.intellij.rt.junit.IdeaTestRunner$Repeater.startRunnerWithArgs(IdeaTestRunner.java:33)
	at com.intellij.rt.junit.JUnitStarter.prepareStreamsAndStart(JUnitStarter.java:230)
	at com.intellij.rt.junit.JUnitStarter.main(JUnitStarter.java:58)
2021-10-27 13:42:28 DEBUG CategoryServiceImpl:24 - Call method getCategoryById() with id = -1
2021-10-27 13:42:28 ERROR CategoryServiceImpl:30 - Could not get category by id = -1
org.springframework.dao.EmptyResultDataAccessException: Incorrect result size: expected 1, actual 0
	at org.springframework.dao.support.DataAccessUtils.nullableSingleResult(DataAccessUtils.java:97)
	at org.springframework.jdbc.core.JdbcTemplate.queryForObject(JdbcTemplate.java:887)
	at dev.andrylat.task2.dao.impl.CategoryDAOImpl.getById(CategoryDAOImpl.java:37)
	at dev.andrylat.task2.services.impl.CategoryServiceImpl.getCategoryById(CategoryServiceImpl.java:28)
	at dev.andrylat.task2.services.impl.CategoryServiceImplTest.getCategoryById_ShouldGetCategoryById_WhenInputIsId(CategoryServiceImplTest.java:45)
	at java.base/jdk.internal.reflect.NativeMethodAccessorImpl.invoke0(Native Method)
	at java.base/jdk.internal.reflect.NativeMethodAccessorImpl.invoke(NativeMethodAccessorImpl.java:62)
	at java.base/jdk.internal.reflect.DelegatingMethodAccessorImpl.invoke(DelegatingMethodAccessorImpl.java:43)
	at java.base/java.lang.reflect.Method.invoke(Method.java:564)
	at org.junit.platform.commons.util.ReflectionUtils.invokeMethod(ReflectionUtils.java:688)
	at org.junit.jupiter.engine.execution.MethodInvocation.proceed(MethodInvocation.java:60)
	at org.junit.jupiter.engine.execution.InvocationInterceptorChain$ValidatingInvocation.proceed(InvocationInterceptorChain.java:131)
	at org.junit.jupiter.engine.extension.TimeoutExtension.intercept(TimeoutExtension.java:149)
	at org.junit.jupiter.engine.extension.TimeoutExtension.interceptTestableMethod(TimeoutExtension.java:140)
	at org.junit.jupiter.engine.extension.TimeoutExtension.interceptTestMethod(TimeoutExtension.java:84)
	at org.junit.jupiter.engine.execution.ExecutableInvoker$ReflectiveInterceptorCall.lambda$ofVoidMethod$0(ExecutableInvoker.java:115)
	at org.junit.jupiter.engine.execution.ExecutableInvoker.lambda$invoke$0(ExecutableInvoker.java:105)
	at org.junit.jupiter.engine.execution.InvocationInterceptorChain$InterceptedInvocation.proceed(InvocationInterceptorChain.java:106)
	at org.junit.jupiter.engine.execution.InvocationInterceptorChain.proceed(InvocationInterceptorChain.java:64)
	at org.junit.jupiter.engine.execution.InvocationInterceptorChain.chainAndInvoke(InvocationInterceptorChain.java:45)
	at org.junit.jupiter.engine.execution.InvocationInterceptorChain.invoke(InvocationInterceptorChain.java:37)
	at org.junit.jupiter.engine.execution.ExecutableInvoker.invoke(ExecutableInvoker.java:104)
	at org.junit.jupiter.engine.execution.ExecutableInvoker.invoke(ExecutableInvoker.java:98)
	at org.junit.jupiter.engine.descriptor.TestMethodTestDescriptor.lambda$invokeTestMethod$6(TestMethodTestDescriptor.java:210)
	at org.junit.platform.engine.support.hierarchical.ThrowableCollector.execute(ThrowableCollector.java:73)
	at org.junit.jupiter.engine.descriptor.TestMethodTestDescriptor.invokeTestMethod(TestMethodTestDescriptor.java:206)
	at org.junit.jupiter.engine.descriptor.TestMethodTestDescriptor.execute(TestMethodTestDescriptor.java:131)
	at org.junit.jupiter.engine.descriptor.TestMethodTestDescriptor.execute(TestMethodTestDescriptor.java:65)
	at org.junit.platform.engine.support.hierarchical.NodeTestTask.lambda$executeRecursively$5(NodeTestTask.java:139)
	at org.junit.platform.engine.support.hierarchical.ThrowableCollector.execute(ThrowableCollector.java:73)
	at org.junit.platform.engine.support.hierarchical.NodeTestTask.lambda$executeRecursively$7(NodeTestTask.java:129)
	at org.junit.platform.engine.support.hierarchical.Node.around(Node.java:137)
	at org.junit.platform.engine.support.hierarchical.NodeTestTask.lambda$executeRecursively$8(NodeTestTask.java:127)
	at org.junit.platform.engine.support.hierarchical.ThrowableCollector.execute(ThrowableCollector.java:73)
	at org.junit.platform.engine.support.hierarchical.NodeTestTask.executeRecursively(NodeTestTask.java:126)
	at org.junit.platform.engine.support.hierarchical.NodeTestTask.execute(NodeTestTask.java:84)
	at java.base/java.util.ArrayList.forEach(ArrayList.java:1378)
	at org.junit.platform.engine.support.hierarchical.SameThreadHierarchicalTestExecutorService.invokeAll(SameThreadHierarchicalTestExecutorService.java:38)
	at org.junit.platform.engine.support.hierarchical.NodeTestTask.lambda$executeRecursively$5(NodeTestTask.java:143)
	at org.junit.platform.engine.support.hierarchical.ThrowableCollector.execute(ThrowableCollector.java:73)
	at org.junit.platform.engine.support.hierarchical.NodeTestTask.lambda$executeRecursively$7(NodeTestTask.java:129)
	at org.junit.platform.engine.support.hierarchical.Node.around(Node.java:137)
	at org.junit.platform.engine.support.hierarchical.NodeTestTask.lambda$executeRecursively$8(NodeTestTask.java:127)
	at org.junit.platform.engine.support.hierarchical.ThrowableCollector.execute(ThrowableCollector.java:73)
	at org.junit.platform.engine.support.hierarchical.NodeTestTask.executeRecursively(NodeTestTask.java:126)
	at org.junit.platform.engine.support.hierarchical.NodeTestTask.execute(NodeTestTask.java:84)
	at java.base/java.util.ArrayList.forEach(ArrayList.java:1378)
	at org.junit.platform.engine.support.hierarchical.SameThreadHierarchicalTestExecutorService.invokeAll(SameThreadHierarchicalTestExecutorService.java:38)
	at org.junit.platform.engine.support.hierarchical.NodeTestTask.lambda$executeRecursively$5(NodeTestTask.java:143)
	at org.junit.platform.engine.support.hierarchical.ThrowableCollector.execute(ThrowableCollector.java:73)
	at org.junit.platform.engine.support.hierarchical.NodeTestTask.lambda$executeRecursively$7(NodeTestTask.java:129)
	at org.junit.platform.engine.support.hierarchical.Node.around(Node.java:137)
	at org.junit.platform.engine.support.hierarchical.NodeTestTask.lambda$executeRecursively$8(NodeTestTask.java:127)
	at org.junit.platform.engine.support.hierarchical.ThrowableCollector.execute(ThrowableCollector.java:73)
	at org.junit.platform.engine.support.hierarchical.NodeTestTask.executeRecursively(NodeTestTask.java:126)
	at org.junit.platform.engine.support.hierarchical.NodeTestTask.execute(NodeTestTask.java:84)
	at org.junit.platform.engine.support.hierarchical.SameThreadHierarchicalTestExecutorService.submit(SameThreadHierarchicalTestExecutorService.java:32)
	at org.junit.platform.engine.support.hierarchical.HierarchicalTestExecutor.execute(HierarchicalTestExecutor.java:57)
	at org.junit.platform.engine.support.hierarchical.HierarchicalTestEngine.execute(HierarchicalTestEngine.java:51)
	at org.junit.platform.launcher.core.EngineExecutionOrchestrator.execute(EngineExecutionOrchestrator.java:108)
	at org.junit.platform.launcher.core.EngineExecutionOrchestrator.execute(EngineExecutionOrchestrator.java:88)
	at org.junit.platform.launcher.core.EngineExecutionOrchestrator.lambda$execute$0(EngineExecutionOrchestrator.java:54)
	at org.junit.platform.launcher.core.EngineExecutionOrchestrator.withInterceptedStreams(EngineExecutionOrchestrator.java:67)
	at org.junit.platform.launcher.core.EngineExecutionOrchestrator.execute(EngineExecutionOrchestrator.java:52)
	at org.junit.platform.launcher.core.DefaultLauncher.execute(DefaultLauncher.java:96)
	at org.junit.platform.launcher.core.DefaultLauncher.execute(DefaultLauncher.java:75)
	at com.intellij.junit5.JUnit5IdeaTestRunner.startRunnerWithArgs(JUnit5IdeaTestRunner.java:69)
	at com.intellij.rt.junit.IdeaTestRunner$Repeater.startRunnerWithArgs(IdeaTestRunner.java:33)
	at com.intellij.rt.junit.JUnitStarter.prepareStreamsAndStart(JUnitStarter.java:230)
	at com.intellij.rt.junit.JUnitStarter.main(JUnitStarter.java:58)
2021-10-28 08:47:22 DEBUG CategoryServiceImpl:42 - Call method getCategoryById() with id = 0
2021-10-28 08:50:35 DEBUG CategoryServiceImpl:75 - Call method saveCategory() for category with id = 0
2021-10-28 08:51:40 DEBUG CategoryServiceImpl:75 - Call method saveCategory() for category with id = -1
2021-10-28 08:52:47 DEBUG CategoryServiceImpl:42 - Call method getCategoryById() with id = 0
2021-10-28 09:16:56 DEBUG CategoryServiceImpl:43 - Call method getCategoryById() with id = 0
2021-10-28 09:19:53 DEBUG CategoryServiceImpl:43 - Call method getCategoryById() with id = 0
2021-10-28 09:20:30 DEBUG CategoryServiceImpl:43 - Call method getCategoryById() with id = 0
2021-10-28 09:22:24 DEBUG CategoryServiceImpl:43 - Call method getCategoryById() with id = 0
2021-10-28 09:26:10 DEBUG CategoryServiceImpl:43 - Call method getCategoryById() with id = 0
2021-10-28 09:38:54 DEBUG CategoryServiceImpl:43 - Call method getCategoryById() with id = -1
2021-10-28 09:39:18 DEBUG CategoryServiceImpl:43 - Call method getCategoryById() with id = -1
2021-10-28 09:40:13 DEBUG CategoryServiceImpl:43 - Call method getCategoryById() with id = -1
2021-10-28 09:40:31 DEBUG CategoryServiceImpl:43 - Call method getCategoryById() with id = 999
2021-10-28 11:10:04 DEBUG CategoryServiceImpl:66 - Call method getCategoryById() with id = 999
2021-10-28 11:10:17 DEBUG CategoryServiceImpl:66 - Call method getCategoryById() with id = 1
2021-10-28 11:10:18 DEBUG CategoryServiceImpl:71 - Category is Category(id=1, title=exhibition)
2021-10-28 11:12:46 DEBUG CategoryServiceImpl:67 - Call method getCategoryById() with id = 999
2021-10-28 11:38:41 DEBUG CategoryServiceImpl:27 - Call method getCategoryById() with id = 999
2021-10-28 11:38:41 ERROR CategoryServiceImpl:33 - Could not get category by id = 999
dev.andrylat.task2.exceptions.DAOException: There is no such category
	at dev.andrylat.task2.dao.impl.CategoryDAOImpl.getById(CategoryDAOImpl.java:47)
	at dev.andrylat.task2.services.impl.CategoryServiceImpl.getCategoryById(CategoryServiceImpl.java:31)
	at dev.andrylat.task2.services.impl.CategoryServiceImplTest.getCategoryById_ShouldGetCategoryById_WhenInputIsId(CategoryServiceImplTest.java:45)
	at java.base/jdk.internal.reflect.NativeMethodAccessorImpl.invoke0(Native Method)
	at java.base/jdk.internal.reflect.NativeMethodAccessorImpl.invoke(NativeMethodAccessorImpl.java:62)
	at java.base/jdk.internal.reflect.DelegatingMethodAccessorImpl.invoke(DelegatingMethodAccessorImpl.java:43)
	at java.base/java.lang.reflect.Method.invoke(Method.java:564)
	at org.junit.platform.commons.util.ReflectionUtils.invokeMethod(ReflectionUtils.java:688)
	at org.junit.jupiter.engine.execution.MethodInvocation.proceed(MethodInvocation.java:60)
	at org.junit.jupiter.engine.execution.InvocationInterceptorChain$ValidatingInvocation.proceed(InvocationInterceptorChain.java:131)
	at org.junit.jupiter.engine.extension.TimeoutExtension.intercept(TimeoutExtension.java:149)
	at org.junit.jupiter.engine.extension.TimeoutExtension.interceptTestableMethod(TimeoutExtension.java:140)
	at org.junit.jupiter.engine.extension.TimeoutExtension.interceptTestMethod(TimeoutExtension.java:84)
	at org.junit.jupiter.engine.execution.ExecutableInvoker$ReflectiveInterceptorCall.lambda$ofVoidMethod$0(ExecutableInvoker.java:115)
	at org.junit.jupiter.engine.execution.ExecutableInvoker.lambda$invoke$0(ExecutableInvoker.java:105)
	at org.junit.jupiter.engine.execution.InvocationInterceptorChain$InterceptedInvocation.proceed(InvocationInterceptorChain.java:106)
	at org.junit.jupiter.engine.execution.InvocationInterceptorChain.proceed(InvocationInterceptorChain.java:64)
	at org.junit.jupiter.engine.execution.InvocationInterceptorChain.chainAndInvoke(InvocationInterceptorChain.java:45)
	at org.junit.jupiter.engine.execution.InvocationInterceptorChain.invoke(InvocationInterceptorChain.java:37)
	at org.junit.jupiter.engine.execution.ExecutableInvoker.invoke(ExecutableInvoker.java:104)
	at org.junit.jupiter.engine.execution.ExecutableInvoker.invoke(ExecutableInvoker.java:98)
	at org.junit.jupiter.engine.descriptor.TestMethodTestDescriptor.lambda$invokeTestMethod$6(TestMethodTestDescriptor.java:210)
	at org.junit.platform.engine.support.hierarchical.ThrowableCollector.execute(ThrowableCollector.java:73)
	at org.junit.jupiter.engine.descriptor.TestMethodTestDescriptor.invokeTestMethod(TestMethodTestDescriptor.java:206)
	at org.junit.jupiter.engine.descriptor.TestMethodTestDescriptor.execute(TestMethodTestDescriptor.java:131)
	at org.junit.jupiter.engine.descriptor.TestMethodTestDescriptor.execute(TestMethodTestDescriptor.java:65)
	at org.junit.platform.engine.support.hierarchical.NodeTestTask.lambda$executeRecursively$5(NodeTestTask.java:139)
	at org.junit.platform.engine.support.hierarchical.ThrowableCollector.execute(ThrowableCollector.java:73)
	at org.junit.platform.engine.support.hierarchical.NodeTestTask.lambda$executeRecursively$7(NodeTestTask.java:129)
	at org.junit.platform.engine.support.hierarchical.Node.around(Node.java:137)
	at org.junit.platform.engine.support.hierarchical.NodeTestTask.lambda$executeRecursively$8(NodeTestTask.java:127)
	at org.junit.platform.engine.support.hierarchical.ThrowableCollector.execute(ThrowableCollector.java:73)
	at org.junit.platform.engine.support.hierarchical.NodeTestTask.executeRecursively(NodeTestTask.java:126)
	at org.junit.platform.engine.support.hierarchical.NodeTestTask.execute(NodeTestTask.java:84)
	at java.base/java.util.ArrayList.forEach(ArrayList.java:1378)
	at org.junit.platform.engine.support.hierarchical.SameThreadHierarchicalTestExecutorService.invokeAll(SameThreadHierarchicalTestExecutorService.java:38)
	at org.junit.platform.engine.support.hierarchical.NodeTestTask.lambda$executeRecursively$5(NodeTestTask.java:143)
	at org.junit.platform.engine.support.hierarchical.ThrowableCollector.execute(ThrowableCollector.java:73)
	at org.junit.platform.engine.support.hierarchical.NodeTestTask.lambda$executeRecursively$7(NodeTestTask.java:129)
	at org.junit.platform.engine.support.hierarchical.Node.around(Node.java:137)
	at org.junit.platform.engine.support.hierarchical.NodeTestTask.lambda$executeRecursively$8(NodeTestTask.java:127)
	at org.junit.platform.engine.support.hierarchical.ThrowableCollector.execute(ThrowableCollector.java:73)
	at org.junit.platform.engine.support.hierarchical.NodeTestTask.executeRecursively(NodeTestTask.java:126)
	at org.junit.platform.engine.support.hierarchical.NodeTestTask.execute(NodeTestTask.java:84)
	at java.base/java.util.ArrayList.forEach(ArrayList.java:1378)
	at org.junit.platform.engine.support.hierarchical.SameThreadHierarchicalTestExecutorService.invokeAll(SameThreadHierarchicalTestExecutorService.java:38)
	at org.junit.platform.engine.support.hierarchical.NodeTestTask.lambda$executeRecursively$5(NodeTestTask.java:143)
	at org.junit.platform.engine.support.hierarchical.ThrowableCollector.execute(ThrowableCollector.java:73)
	at org.junit.platform.engine.support.hierarchical.NodeTestTask.lambda$executeRecursively$7(NodeTestTask.java:129)
	at org.junit.platform.engine.support.hierarchical.Node.around(Node.java:137)
	at org.junit.platform.engine.support.hierarchical.NodeTestTask.lambda$executeRecursively$8(NodeTestTask.java:127)
	at org.junit.platform.engine.support.hierarchical.ThrowableCollector.execute(ThrowableCollector.java:73)
	at org.junit.platform.engine.support.hierarchical.NodeTestTask.executeRecursively(NodeTestTask.java:126)
	at org.junit.platform.engine.support.hierarchical.NodeTestTask.execute(NodeTestTask.java:84)
	at org.junit.platform.engine.support.hierarchical.SameThreadHierarchicalTestExecutorService.submit(SameThreadHierarchicalTestExecutorService.java:32)
	at org.junit.platform.engine.support.hierarchical.HierarchicalTestExecutor.execute(HierarchicalTestExecutor.java:57)
	at org.junit.platform.engine.support.hierarchical.HierarchicalTestEngine.execute(HierarchicalTestEngine.java:51)
	at org.junit.platform.launcher.core.EngineExecutionOrchestrator.execute(EngineExecutionOrchestrator.java:108)
	at org.junit.platform.launcher.core.EngineExecutionOrchestrator.execute(EngineExecutionOrchestrator.java:88)
	at org.junit.platform.launcher.core.EngineExecutionOrchestrator.lambda$execute$0(EngineExecutionOrchestrator.java:54)
	at org.junit.platform.launcher.core.EngineExecutionOrchestrator.withInterceptedStreams(EngineExecutionOrchestrator.java:67)
	at org.junit.platform.launcher.core.EngineExecutionOrchestrator.execute(EngineExecutionOrchestrator.java:52)
	at org.junit.platform.launcher.core.DefaultLauncher.execute(DefaultLauncher.java:96)
	at org.junit.platform.launcher.core.DefaultLauncher.execute(DefaultLauncher.java:75)
	at com.intellij.junit5.JUnit5IdeaTestRunner.startRunnerWithArgs(JUnit5IdeaTestRunner.java:69)
	at com.intellij.rt.junit.IdeaTestRunner$Repeater.startRunnerWithArgs(IdeaTestRunner.java:33)
	at com.intellij.rt.junit.JUnitStarter.prepareStreamsAndStart(JUnitStarter.java:230)
	at com.intellij.rt.junit.JUnitStarter.main(JUnitStarter.java:58)
2021-10-28 11:44:18 DEBUG CategoryServiceImpl:27 - Call method getCategoryById() with id = 999
2021-10-28 11:44:18 ERROR CategoryServiceImpl:33 - Could not get category by id = 999
dev.andrylat.task2.exceptions.DAOException: There is no such category
	at dev.andrylat.task2.dao.impl.CategoryDAOImpl.getById(CategoryDAOImpl.java:47)
	at dev.andrylat.task2.services.impl.CategoryServiceImpl.getCategoryById(CategoryServiceImpl.java:31)
	at dev.andrylat.task2.services.impl.CategoryServiceImplTest.getCategoryById_ShouldGetCategoryById_WhenInputIsId(CategoryServiceImplTest.java:45)
	at java.base/jdk.internal.reflect.NativeMethodAccessorImpl.invoke0(Native Method)
	at java.base/jdk.internal.reflect.NativeMethodAccessorImpl.invoke(NativeMethodAccessorImpl.java:62)
	at java.base/jdk.internal.reflect.DelegatingMethodAccessorImpl.invoke(DelegatingMethodAccessorImpl.java:43)
	at java.base/java.lang.reflect.Method.invoke(Method.java:564)
	at org.junit.platform.commons.util.ReflectionUtils.invokeMethod(ReflectionUtils.java:688)
	at org.junit.jupiter.engine.execution.MethodInvocation.proceed(MethodInvocation.java:60)
	at org.junit.jupiter.engine.execution.InvocationInterceptorChain$ValidatingInvocation.proceed(InvocationInterceptorChain.java:131)
	at org.junit.jupiter.engine.extension.TimeoutExtension.intercept(TimeoutExtension.java:149)
	at org.junit.jupiter.engine.extension.TimeoutExtension.interceptTestableMethod(TimeoutExtension.java:140)
	at org.junit.jupiter.engine.extension.TimeoutExtension.interceptTestMethod(TimeoutExtension.java:84)
	at org.junit.jupiter.engine.execution.ExecutableInvoker$ReflectiveInterceptorCall.lambda$ofVoidMethod$0(ExecutableInvoker.java:115)
	at org.junit.jupiter.engine.execution.ExecutableInvoker.lambda$invoke$0(ExecutableInvoker.java:105)
	at org.junit.jupiter.engine.execution.InvocationInterceptorChain$InterceptedInvocation.proceed(InvocationInterceptorChain.java:106)
	at org.junit.jupiter.engine.execution.InvocationInterceptorChain.proceed(InvocationInterceptorChain.java:64)
	at org.junit.jupiter.engine.execution.InvocationInterceptorChain.chainAndInvoke(InvocationInterceptorChain.java:45)
	at org.junit.jupiter.engine.execution.InvocationInterceptorChain.invoke(InvocationInterceptorChain.java:37)
	at org.junit.jupiter.engine.execution.ExecutableInvoker.invoke(ExecutableInvoker.java:104)
	at org.junit.jupiter.engine.execution.ExecutableInvoker.invoke(ExecutableInvoker.java:98)
	at org.junit.jupiter.engine.descriptor.TestMethodTestDescriptor.lambda$invokeTestMethod$6(TestMethodTestDescriptor.java:210)
	at org.junit.platform.engine.support.hierarchical.ThrowableCollector.execute(ThrowableCollector.java:73)
	at org.junit.jupiter.engine.descriptor.TestMethodTestDescriptor.invokeTestMethod(TestMethodTestDescriptor.java:206)
	at org.junit.jupiter.engine.descriptor.TestMethodTestDescriptor.execute(TestMethodTestDescriptor.java:131)
	at org.junit.jupiter.engine.descriptor.TestMethodTestDescriptor.execute(TestMethodTestDescriptor.java:65)
	at org.junit.platform.engine.support.hierarchical.NodeTestTask.lambda$executeRecursively$5(NodeTestTask.java:139)
	at org.junit.platform.engine.support.hierarchical.ThrowableCollector.execute(ThrowableCollector.java:73)
	at org.junit.platform.engine.support.hierarchical.NodeTestTask.lambda$executeRecursively$7(NodeTestTask.java:129)
	at org.junit.platform.engine.support.hierarchical.Node.around(Node.java:137)
	at org.junit.platform.engine.support.hierarchical.NodeTestTask.lambda$executeRecursively$8(NodeTestTask.java:127)
	at org.junit.platform.engine.support.hierarchical.ThrowableCollector.execute(ThrowableCollector.java:73)
	at org.junit.platform.engine.support.hierarchical.NodeTestTask.executeRecursively(NodeTestTask.java:126)
	at org.junit.platform.engine.support.hierarchical.NodeTestTask.execute(NodeTestTask.java:84)
	at java.base/java.util.ArrayList.forEach(ArrayList.java:1378)
	at org.junit.platform.engine.support.hierarchical.SameThreadHierarchicalTestExecutorService.invokeAll(SameThreadHierarchicalTestExecutorService.java:38)
	at org.junit.platform.engine.support.hierarchical.NodeTestTask.lambda$executeRecursively$5(NodeTestTask.java:143)
	at org.junit.platform.engine.support.hierarchical.ThrowableCollector.execute(ThrowableCollector.java:73)
	at org.junit.platform.engine.support.hierarchical.NodeTestTask.lambda$executeRecursively$7(NodeTestTask.java:129)
	at org.junit.platform.engine.support.hierarchical.Node.around(Node.java:137)
	at org.junit.platform.engine.support.hierarchical.NodeTestTask.lambda$executeRecursively$8(NodeTestTask.java:127)
	at org.junit.platform.engine.support.hierarchical.ThrowableCollector.execute(ThrowableCollector.java:73)
	at org.junit.platform.engine.support.hierarchical.NodeTestTask.executeRecursively(NodeTestTask.java:126)
	at org.junit.platform.engine.support.hierarchical.NodeTestTask.execute(NodeTestTask.java:84)
	at java.base/java.util.ArrayList.forEach(ArrayList.java:1378)
	at org.junit.platform.engine.support.hierarchical.SameThreadHierarchicalTestExecutorService.invokeAll(SameThreadHierarchicalTestExecutorService.java:38)
	at org.junit.platform.engine.support.hierarchical.NodeTestTask.lambda$executeRecursively$5(NodeTestTask.java:143)
	at org.junit.platform.engine.support.hierarchical.ThrowableCollector.execute(ThrowableCollector.java:73)
	at org.junit.platform.engine.support.hierarchical.NodeTestTask.lambda$executeRecursively$7(NodeTestTask.java:129)
	at org.junit.platform.engine.support.hierarchical.Node.around(Node.java:137)
	at org.junit.platform.engine.support.hierarchical.NodeTestTask.lambda$executeRecursively$8(NodeTestTask.java:127)
	at org.junit.platform.engine.support.hierarchical.ThrowableCollector.execute(ThrowableCollector.java:73)
	at org.junit.platform.engine.support.hierarchical.NodeTestTask.executeRecursively(NodeTestTask.java:126)
	at org.junit.platform.engine.support.hierarchical.NodeTestTask.execute(NodeTestTask.java:84)
	at org.junit.platform.engine.support.hierarchical.SameThreadHierarchicalTestExecutorService.submit(SameThreadHierarchicalTestExecutorService.java:32)
	at org.junit.platform.engine.support.hierarchical.HierarchicalTestExecutor.execute(HierarchicalTestExecutor.java:57)
	at org.junit.platform.engine.support.hierarchical.HierarchicalTestEngine.execute(HierarchicalTestEngine.java:51)
	at org.junit.platform.launcher.core.EngineExecutionOrchestrator.execute(EngineExecutionOrchestrator.java:108)
	at org.junit.platform.launcher.core.EngineExecutionOrchestrator.execute(EngineExecutionOrchestrator.java:88)
	at org.junit.platform.launcher.core.EngineExecutionOrchestrator.lambda$execute$0(EngineExecutionOrchestrator.java:54)
	at org.junit.platform.launcher.core.EngineExecutionOrchestrator.withInterceptedStreams(EngineExecutionOrchestrator.java:67)
	at org.junit.platform.launcher.core.EngineExecutionOrchestrator.execute(EngineExecutionOrchestrator.java:52)
	at org.junit.platform.launcher.core.DefaultLauncher.execute(DefaultLauncher.java:96)
	at org.junit.platform.launcher.core.DefaultLauncher.execute(DefaultLauncher.java:75)
	at com.intellij.junit5.JUnit5IdeaTestRunner.startRunnerWithArgs(JUnit5IdeaTestRunner.java:69)
	at com.intellij.rt.junit.IdeaTestRunner$Repeater.startRunnerWithArgs(IdeaTestRunner.java:33)
	at com.intellij.rt.junit.JUnitStarter.prepareStreamsAndStart(JUnitStarter.java:230)
	at com.intellij.rt.junit.JUnitStarter.main(JUnitStarter.java:58)
2021-10-28 11:45:09 DEBUG CategoryServiceImpl:27 - Call method getCategoryById() with id = 999
2021-10-28 11:45:09 ERROR CategoryServiceImpl:33 - Could not get category by id = 999
dev.andrylat.task2.exceptions.DAOException: There is no such category
	at dev.andrylat.task2.dao.impl.CategoryDAOImpl.getById(CategoryDAOImpl.java:47)
	at dev.andrylat.task2.services.impl.CategoryServiceImpl.getCategoryById(CategoryServiceImpl.java:31)
	at dev.andrylat.task2.services.impl.CategoryServiceImplTest.getCategoryById_ShouldGetCategoryById_WhenInputIsId(CategoryServiceImplTest.java:45)
	at java.base/jdk.internal.reflect.NativeMethodAccessorImpl.invoke0(Native Method)
	at java.base/jdk.internal.reflect.NativeMethodAccessorImpl.invoke(NativeMethodAccessorImpl.java:62)
	at java.base/jdk.internal.reflect.DelegatingMethodAccessorImpl.invoke(DelegatingMethodAccessorImpl.java:43)
	at java.base/java.lang.reflect.Method.invoke(Method.java:564)
	at org.junit.platform.commons.util.ReflectionUtils.invokeMethod(ReflectionUtils.java:688)
	at org.junit.jupiter.engine.execution.MethodInvocation.proceed(MethodInvocation.java:60)
	at org.junit.jupiter.engine.execution.InvocationInterceptorChain$ValidatingInvocation.proceed(InvocationInterceptorChain.java:131)
	at org.junit.jupiter.engine.extension.TimeoutExtension.intercept(TimeoutExtension.java:149)
	at org.junit.jupiter.engine.extension.TimeoutExtension.interceptTestableMethod(TimeoutExtension.java:140)
	at org.junit.jupiter.engine.extension.TimeoutExtension.interceptTestMethod(TimeoutExtension.java:84)
	at org.junit.jupiter.engine.execution.ExecutableInvoker$ReflectiveInterceptorCall.lambda$ofVoidMethod$0(ExecutableInvoker.java:115)
	at org.junit.jupiter.engine.execution.ExecutableInvoker.lambda$invoke$0(ExecutableInvoker.java:105)
	at org.junit.jupiter.engine.execution.InvocationInterceptorChain$InterceptedInvocation.proceed(InvocationInterceptorChain.java:106)
	at org.junit.jupiter.engine.execution.InvocationInterceptorChain.proceed(InvocationInterceptorChain.java:64)
	at org.junit.jupiter.engine.execution.InvocationInterceptorChain.chainAndInvoke(InvocationInterceptorChain.java:45)
	at org.junit.jupiter.engine.execution.InvocationInterceptorChain.invoke(InvocationInterceptorChain.java:37)
	at org.junit.jupiter.engine.execution.ExecutableInvoker.invoke(ExecutableInvoker.java:104)
	at org.junit.jupiter.engine.execution.ExecutableInvoker.invoke(ExecutableInvoker.java:98)
	at org.junit.jupiter.engine.descriptor.TestMethodTestDescriptor.lambda$invokeTestMethod$6(TestMethodTestDescriptor.java:210)
	at org.junit.platform.engine.support.hierarchical.ThrowableCollector.execute(ThrowableCollector.java:73)
	at org.junit.jupiter.engine.descriptor.TestMethodTestDescriptor.invokeTestMethod(TestMethodTestDescriptor.java:206)
	at org.junit.jupiter.engine.descriptor.TestMethodTestDescriptor.execute(TestMethodTestDescriptor.java:131)
	at org.junit.jupiter.engine.descriptor.TestMethodTestDescriptor.execute(TestMethodTestDescriptor.java:65)
	at org.junit.platform.engine.support.hierarchical.NodeTestTask.lambda$executeRecursively$5(NodeTestTask.java:139)
	at org.junit.platform.engine.support.hierarchical.ThrowableCollector.execute(ThrowableCollector.java:73)
	at org.junit.platform.engine.support.hierarchical.NodeTestTask.lambda$executeRecursively$7(NodeTestTask.java:129)
	at org.junit.platform.engine.support.hierarchical.Node.around(Node.java:137)
	at org.junit.platform.engine.support.hierarchical.NodeTestTask.lambda$executeRecursively$8(NodeTestTask.java:127)
	at org.junit.platform.engine.support.hierarchical.ThrowableCollector.execute(ThrowableCollector.java:73)
	at org.junit.platform.engine.support.hierarchical.NodeTestTask.executeRecursively(NodeTestTask.java:126)
	at org.junit.platform.engine.support.hierarchical.NodeTestTask.execute(NodeTestTask.java:84)
	at java.base/java.util.ArrayList.forEach(ArrayList.java:1378)
	at org.junit.platform.engine.support.hierarchical.SameThreadHierarchicalTestExecutorService.invokeAll(SameThreadHierarchicalTestExecutorService.java:38)
	at org.junit.platform.engine.support.hierarchical.NodeTestTask.lambda$executeRecursively$5(NodeTestTask.java:143)
	at org.junit.platform.engine.support.hierarchical.ThrowableCollector.execute(ThrowableCollector.java:73)
	at org.junit.platform.engine.support.hierarchical.NodeTestTask.lambda$executeRecursively$7(NodeTestTask.java:129)
	at org.junit.platform.engine.support.hierarchical.Node.around(Node.java:137)
	at org.junit.platform.engine.support.hierarchical.NodeTestTask.lambda$executeRecursively$8(NodeTestTask.java:127)
	at org.junit.platform.engine.support.hierarchical.ThrowableCollector.execute(ThrowableCollector.java:73)
	at org.junit.platform.engine.support.hierarchical.NodeTestTask.executeRecursively(NodeTestTask.java:126)
	at org.junit.platform.engine.support.hierarchical.NodeTestTask.execute(NodeTestTask.java:84)
	at java.base/java.util.ArrayList.forEach(ArrayList.java:1378)
	at org.junit.platform.engine.support.hierarchical.SameThreadHierarchicalTestExecutorService.invokeAll(SameThreadHierarchicalTestExecutorService.java:38)
	at org.junit.platform.engine.support.hierarchical.NodeTestTask.lambda$executeRecursively$5(NodeTestTask.java:143)
	at org.junit.platform.engine.support.hierarchical.ThrowableCollector.execute(ThrowableCollector.java:73)
	at org.junit.platform.engine.support.hierarchical.NodeTestTask.lambda$executeRecursively$7(NodeTestTask.java:129)
	at org.junit.platform.engine.support.hierarchical.Node.around(Node.java:137)
	at org.junit.platform.engine.support.hierarchical.NodeTestTask.lambda$executeRecursively$8(NodeTestTask.java:127)
	at org.junit.platform.engine.support.hierarchical.ThrowableCollector.execute(ThrowableCollector.java:73)
	at org.junit.platform.engine.support.hierarchical.NodeTestTask.executeRecursively(NodeTestTask.java:126)
	at org.junit.platform.engine.support.hierarchical.NodeTestTask.execute(NodeTestTask.java:84)
	at org.junit.platform.engine.support.hierarchical.SameThreadHierarchicalTestExecutorService.submit(SameThreadHierarchicalTestExecutorService.java:32)
	at org.junit.platform.engine.support.hierarchical.HierarchicalTestExecutor.execute(HierarchicalTestExecutor.java:57)
	at org.junit.platform.engine.support.hierarchical.HierarchicalTestEngine.execute(HierarchicalTestEngine.java:51)
	at org.junit.platform.launcher.core.EngineExecutionOrchestrator.execute(EngineExecutionOrchestrator.java:108)
	at org.junit.platform.launcher.core.EngineExecutionOrchestrator.execute(EngineExecutionOrchestrator.java:88)
	at org.junit.platform.launcher.core.EngineExecutionOrchestrator.lambda$execute$0(EngineExecutionOrchestrator.java:54)
	at org.junit.platform.launcher.core.EngineExecutionOrchestrator.withInterceptedStreams(EngineExecutionOrchestrator.java:67)
	at org.junit.platform.launcher.core.EngineExecutionOrchestrator.execute(EngineExecutionOrchestrator.java:52)
	at org.junit.platform.launcher.core.DefaultLauncher.execute(DefaultLauncher.java:96)
	at org.junit.platform.launcher.core.DefaultLauncher.execute(DefaultLauncher.java:75)
	at com.intellij.junit5.JUnit5IdeaTestRunner.startRunnerWithArgs(JUnit5IdeaTestRunner.java:69)
	at com.intellij.rt.junit.IdeaTestRunner$Repeater.startRunnerWithArgs(IdeaTestRunner.java:33)
	at com.intellij.rt.junit.JUnitStarter.prepareStreamsAndStart(JUnitStarter.java:230)
	at com.intellij.rt.junit.JUnitStarter.main(JUnitStarter.java:58)
Caused by: org.springframework.dao.EmptyResultDataAccessException: Incorrect result size: expected 1, actual 0
	at org.springframework.dao.support.DataAccessUtils.nullableSingleResult(DataAccessUtils.java:97)
	at org.springframework.jdbc.core.JdbcTemplate.queryForObject(JdbcTemplate.java:887)
	at dev.andrylat.task2.dao.impl.CategoryDAOImpl.getById(CategoryDAOImpl.java:41)
	... 67 more
2021-10-28 11:47:02 DEBUG CategoryServiceImpl:27 - Call method getCategoryById() with id = 0
2021-10-28 11:47:02 ERROR CategoryServiceImpl:33 - Could not get category by id = 0
dev.andrylat.task2.exceptions.DAOException: There is no such category
	at dev.andrylat.task2.dao.impl.CategoryDAOImpl.getById(CategoryDAOImpl.java:47)
	at dev.andrylat.task2.services.impl.CategoryServiceImpl.getCategoryById(CategoryServiceImpl.java:31)
	at dev.andrylat.task2.services.impl.CategoryServiceImplTest.getCategoryById_ShouldGetCategoryById_WhenInputIsId(CategoryServiceImplTest.java:45)
	at java.base/jdk.internal.reflect.NativeMethodAccessorImpl.invoke0(Native Method)
	at java.base/jdk.internal.reflect.NativeMethodAccessorImpl.invoke(NativeMethodAccessorImpl.java:62)
	at java.base/jdk.internal.reflect.DelegatingMethodAccessorImpl.invoke(DelegatingMethodAccessorImpl.java:43)
	at java.base/java.lang.reflect.Method.invoke(Method.java:564)
	at org.junit.platform.commons.util.ReflectionUtils.invokeMethod(ReflectionUtils.java:688)
	at org.junit.jupiter.engine.execution.MethodInvocation.proceed(MethodInvocation.java:60)
	at org.junit.jupiter.engine.execution.InvocationInterceptorChain$ValidatingInvocation.proceed(InvocationInterceptorChain.java:131)
	at org.junit.jupiter.engine.extension.TimeoutExtension.intercept(TimeoutExtension.java:149)
	at org.junit.jupiter.engine.extension.TimeoutExtension.interceptTestableMethod(TimeoutExtension.java:140)
	at org.junit.jupiter.engine.extension.TimeoutExtension.interceptTestMethod(TimeoutExtension.java:84)
	at org.junit.jupiter.engine.execution.ExecutableInvoker$ReflectiveInterceptorCall.lambda$ofVoidMethod$0(ExecutableInvoker.java:115)
	at org.junit.jupiter.engine.execution.ExecutableInvoker.lambda$invoke$0(ExecutableInvoker.java:105)
	at org.junit.jupiter.engine.execution.InvocationInterceptorChain$InterceptedInvocation.proceed(InvocationInterceptorChain.java:106)
	at org.junit.jupiter.engine.execution.InvocationInterceptorChain.proceed(InvocationInterceptorChain.java:64)
	at org.junit.jupiter.engine.execution.InvocationInterceptorChain.chainAndInvoke(InvocationInterceptorChain.java:45)
	at org.junit.jupiter.engine.execution.InvocationInterceptorChain.invoke(InvocationInterceptorChain.java:37)
	at org.junit.jupiter.engine.execution.ExecutableInvoker.invoke(ExecutableInvoker.java:104)
	at org.junit.jupiter.engine.execution.ExecutableInvoker.invoke(ExecutableInvoker.java:98)
	at org.junit.jupiter.engine.descriptor.TestMethodTestDescriptor.lambda$invokeTestMethod$6(TestMethodTestDescriptor.java:210)
	at org.junit.platform.engine.support.hierarchical.ThrowableCollector.execute(ThrowableCollector.java:73)
	at org.junit.jupiter.engine.descriptor.TestMethodTestDescriptor.invokeTestMethod(TestMethodTestDescriptor.java:206)
	at org.junit.jupiter.engine.descriptor.TestMethodTestDescriptor.execute(TestMethodTestDescriptor.java:131)
	at org.junit.jupiter.engine.descriptor.TestMethodTestDescriptor.execute(TestMethodTestDescriptor.java:65)
	at org.junit.platform.engine.support.hierarchical.NodeTestTask.lambda$executeRecursively$5(NodeTestTask.java:139)
	at org.junit.platform.engine.support.hierarchical.ThrowableCollector.execute(ThrowableCollector.java:73)
	at org.junit.platform.engine.support.hierarchical.NodeTestTask.lambda$executeRecursively$7(NodeTestTask.java:129)
	at org.junit.platform.engine.support.hierarchical.Node.around(Node.java:137)
	at org.junit.platform.engine.support.hierarchical.NodeTestTask.lambda$executeRecursively$8(NodeTestTask.java:127)
	at org.junit.platform.engine.support.hierarchical.ThrowableCollector.execute(ThrowableCollector.java:73)
	at org.junit.platform.engine.support.hierarchical.NodeTestTask.executeRecursively(NodeTestTask.java:126)
	at org.junit.platform.engine.support.hierarchical.NodeTestTask.execute(NodeTestTask.java:84)
	at java.base/java.util.ArrayList.forEach(ArrayList.java:1378)
	at org.junit.platform.engine.support.hierarchical.SameThreadHierarchicalTestExecutorService.invokeAll(SameThreadHierarchicalTestExecutorService.java:38)
	at org.junit.platform.engine.support.hierarchical.NodeTestTask.lambda$executeRecursively$5(NodeTestTask.java:143)
	at org.junit.platform.engine.support.hierarchical.ThrowableCollector.execute(ThrowableCollector.java:73)
	at org.junit.platform.engine.support.hierarchical.NodeTestTask.lambda$executeRecursively$7(NodeTestTask.java:129)
	at org.junit.platform.engine.support.hierarchical.Node.around(Node.java:137)
	at org.junit.platform.engine.support.hierarchical.NodeTestTask.lambda$executeRecursively$8(NodeTestTask.java:127)
	at org.junit.platform.engine.support.hierarchical.ThrowableCollector.execute(ThrowableCollector.java:73)
	at org.junit.platform.engine.support.hierarchical.NodeTestTask.executeRecursively(NodeTestTask.java:126)
	at org.junit.platform.engine.support.hierarchical.NodeTestTask.execute(NodeTestTask.java:84)
	at java.base/java.util.ArrayList.forEach(ArrayList.java:1378)
	at org.junit.platform.engine.support.hierarchical.SameThreadHierarchicalTestExecutorService.invokeAll(SameThreadHierarchicalTestExecutorService.java:38)
	at org.junit.platform.engine.support.hierarchical.NodeTestTask.lambda$executeRecursively$5(NodeTestTask.java:143)
	at org.junit.platform.engine.support.hierarchical.ThrowableCollector.execute(ThrowableCollector.java:73)
	at org.junit.platform.engine.support.hierarchical.NodeTestTask.lambda$executeRecursively$7(NodeTestTask.java:129)
	at org.junit.platform.engine.support.hierarchical.Node.around(Node.java:137)
	at org.junit.platform.engine.support.hierarchical.NodeTestTask.lambda$executeRecursively$8(NodeTestTask.java:127)
	at org.junit.platform.engine.support.hierarchical.ThrowableCollector.execute(ThrowableCollector.java:73)
	at org.junit.platform.engine.support.hierarchical.NodeTestTask.executeRecursively(NodeTestTask.java:126)
	at org.junit.platform.engine.support.hierarchical.NodeTestTask.execute(NodeTestTask.java:84)
	at org.junit.platform.engine.support.hierarchical.SameThreadHierarchicalTestExecutorService.submit(SameThreadHierarchicalTestExecutorService.java:32)
	at org.junit.platform.engine.support.hierarchical.HierarchicalTestExecutor.execute(HierarchicalTestExecutor.java:57)
	at org.junit.platform.engine.support.hierarchical.HierarchicalTestEngine.execute(HierarchicalTestEngine.java:51)
	at org.junit.platform.launcher.core.EngineExecutionOrchestrator.execute(EngineExecutionOrchestrator.java:108)
	at org.junit.platform.launcher.core.EngineExecutionOrchestrator.execute(EngineExecutionOrchestrator.java:88)
	at org.junit.platform.launcher.core.EngineExecutionOrchestrator.lambda$execute$0(EngineExecutionOrchestrator.java:54)
	at org.junit.platform.launcher.core.EngineExecutionOrchestrator.withInterceptedStreams(EngineExecutionOrchestrator.java:67)
	at org.junit.platform.launcher.core.EngineExecutionOrchestrator.execute(EngineExecutionOrchestrator.java:52)
	at org.junit.platform.launcher.core.DefaultLauncher.execute(DefaultLauncher.java:96)
	at org.junit.platform.launcher.core.DefaultLauncher.execute(DefaultLauncher.java:75)
	at com.intellij.junit5.JUnit5IdeaTestRunner.startRunnerWithArgs(JUnit5IdeaTestRunner.java:69)
	at com.intellij.rt.junit.IdeaTestRunner$Repeater.startRunnerWithArgs(IdeaTestRunner.java:33)
	at com.intellij.rt.junit.JUnitStarter.prepareStreamsAndStart(JUnitStarter.java:230)
	at com.intellij.rt.junit.JUnitStarter.main(JUnitStarter.java:58)
Caused by: org.springframework.dao.EmptyResultDataAccessException: Incorrect result size: expected 1, actual 0
	at org.springframework.dao.support.DataAccessUtils.nullableSingleResult(DataAccessUtils.java:97)
	at org.springframework.jdbc.core.JdbcTemplate.queryForObject(JdbcTemplate.java:887)
	at dev.andrylat.task2.dao.impl.CategoryDAOImpl.getById(CategoryDAOImpl.java:41)
	... 67 more
2021-10-28 11:47:23 DEBUG CategoryServiceImpl:27 - Call method getCategoryById() with id = 0
2021-10-28 11:47:23 ERROR CategoryServiceImpl:33 - Could not get category by id = 0
dev.andrylat.task2.exceptions.DAOException: There is no such category
	at dev.andrylat.task2.dao.impl.CategoryDAOImpl.getById(CategoryDAOImpl.java:47)
	at dev.andrylat.task2.services.impl.CategoryServiceImpl.getCategoryById(CategoryServiceImpl.java:31)
	at dev.andrylat.task2.services.impl.CategoryServiceImplTest.lambda$getCategoryById_ShouldThrowServiceException_WhenInputIsZero$0(CategoryServiceImplTest.java:56)
	at org.junit.jupiter.api.AssertThrows.assertThrows(AssertThrows.java:55)
	at org.junit.jupiter.api.AssertThrows.assertThrows(AssertThrows.java:37)
	at org.junit.jupiter.api.Assertions.assertThrows(Assertions.java:3007)
	at dev.andrylat.task2.services.impl.CategoryServiceImplTest.getCategoryById_ShouldThrowServiceException_WhenInputIsZero(CategoryServiceImplTest.java:55)
	at java.base/jdk.internal.reflect.NativeMethodAccessorImpl.invoke0(Native Method)
	at java.base/jdk.internal.reflect.NativeMethodAccessorImpl.invoke(NativeMethodAccessorImpl.java:62)
	at java.base/jdk.internal.reflect.DelegatingMethodAccessorImpl.invoke(DelegatingMethodAccessorImpl.java:43)
	at java.base/java.lang.reflect.Method.invoke(Method.java:564)
	at org.junit.platform.commons.util.ReflectionUtils.invokeMethod(ReflectionUtils.java:688)
	at org.junit.jupiter.engine.execution.MethodInvocation.proceed(MethodInvocation.java:60)
	at org.junit.jupiter.engine.execution.InvocationInterceptorChain$ValidatingInvocation.proceed(InvocationInterceptorChain.java:131)
	at org.junit.jupiter.engine.extension.TimeoutExtension.intercept(TimeoutExtension.java:149)
	at org.junit.jupiter.engine.extension.TimeoutExtension.interceptTestableMethod(TimeoutExtension.java:140)
	at org.junit.jupiter.engine.extension.TimeoutExtension.interceptTestMethod(TimeoutExtension.java:84)
	at org.junit.jupiter.engine.execution.ExecutableInvoker$ReflectiveInterceptorCall.lambda$ofVoidMethod$0(ExecutableInvoker.java:115)
	at org.junit.jupiter.engine.execution.ExecutableInvoker.lambda$invoke$0(ExecutableInvoker.java:105)
	at org.junit.jupiter.engine.execution.InvocationInterceptorChain$InterceptedInvocation.proceed(InvocationInterceptorChain.java:106)
	at org.junit.jupiter.engine.execution.InvocationInterceptorChain.proceed(InvocationInterceptorChain.java:64)
	at org.junit.jupiter.engine.execution.InvocationInterceptorChain.chainAndInvoke(InvocationInterceptorChain.java:45)
	at org.junit.jupiter.engine.execution.InvocationInterceptorChain.invoke(InvocationInterceptorChain.java:37)
	at org.junit.jupiter.engine.execution.ExecutableInvoker.invoke(ExecutableInvoker.java:104)
	at org.junit.jupiter.engine.execution.ExecutableInvoker.invoke(ExecutableInvoker.java:98)
	at org.junit.jupiter.engine.descriptor.TestMethodTestDescriptor.lambda$invokeTestMethod$6(TestMethodTestDescriptor.java:210)
	at org.junit.platform.engine.support.hierarchical.ThrowableCollector.execute(ThrowableCollector.java:73)
	at org.junit.jupiter.engine.descriptor.TestMethodTestDescriptor.invokeTestMethod(TestMethodTestDescriptor.java:206)
	at org.junit.jupiter.engine.descriptor.TestMethodTestDescriptor.execute(TestMethodTestDescriptor.java:131)
	at org.junit.jupiter.engine.descriptor.TestMethodTestDescriptor.execute(TestMethodTestDescriptor.java:65)
	at org.junit.platform.engine.support.hierarchical.NodeTestTask.lambda$executeRecursively$5(NodeTestTask.java:139)
	at org.junit.platform.engine.support.hierarchical.ThrowableCollector.execute(ThrowableCollector.java:73)
	at org.junit.platform.engine.support.hierarchical.NodeTestTask.lambda$executeRecursively$7(NodeTestTask.java:129)
	at org.junit.platform.engine.support.hierarchical.Node.around(Node.java:137)
	at org.junit.platform.engine.support.hierarchical.NodeTestTask.lambda$executeRecursively$8(NodeTestTask.java:127)
	at org.junit.platform.engine.support.hierarchical.ThrowableCollector.execute(ThrowableCollector.java:73)
	at org.junit.platform.engine.support.hierarchical.NodeTestTask.executeRecursively(NodeTestTask.java:126)
	at org.junit.platform.engine.support.hierarchical.NodeTestTask.execute(NodeTestTask.java:84)
	at java.base/java.util.ArrayList.forEach(ArrayList.java:1378)
	at org.junit.platform.engine.support.hierarchical.SameThreadHierarchicalTestExecutorService.invokeAll(SameThreadHierarchicalTestExecutorService.java:38)
	at org.junit.platform.engine.support.hierarchical.NodeTestTask.lambda$executeRecursively$5(NodeTestTask.java:143)
	at org.junit.platform.engine.support.hierarchical.ThrowableCollector.execute(ThrowableCollector.java:73)
	at org.junit.platform.engine.support.hierarchical.NodeTestTask.lambda$executeRecursively$7(NodeTestTask.java:129)
	at org.junit.platform.engine.support.hierarchical.Node.around(Node.java:137)
	at org.junit.platform.engine.support.hierarchical.NodeTestTask.lambda$executeRecursively$8(NodeTestTask.java:127)
	at org.junit.platform.engine.support.hierarchical.ThrowableCollector.execute(ThrowableCollector.java:73)
	at org.junit.platform.engine.support.hierarchical.NodeTestTask.executeRecursively(NodeTestTask.java:126)
	at org.junit.platform.engine.support.hierarchical.NodeTestTask.execute(NodeTestTask.java:84)
	at java.base/java.util.ArrayList.forEach(ArrayList.java:1378)
	at org.junit.platform.engine.support.hierarchical.SameThreadHierarchicalTestExecutorService.invokeAll(SameThreadHierarchicalTestExecutorService.java:38)
	at org.junit.platform.engine.support.hierarchical.NodeTestTask.lambda$executeRecursively$5(NodeTestTask.java:143)
	at org.junit.platform.engine.support.hierarchical.ThrowableCollector.execute(ThrowableCollector.java:73)
	at org.junit.platform.engine.support.hierarchical.NodeTestTask.lambda$executeRecursively$7(NodeTestTask.java:129)
	at org.junit.platform.engine.support.hierarchical.Node.around(Node.java:137)
	at org.junit.platform.engine.support.hierarchical.NodeTestTask.lambda$executeRecursively$8(NodeTestTask.java:127)
	at org.junit.platform.engine.support.hierarchical.ThrowableCollector.execute(ThrowableCollector.java:73)
	at org.junit.platform.engine.support.hierarchical.NodeTestTask.executeRecursively(NodeTestTask.java:126)
	at org.junit.platform.engine.support.hierarchical.NodeTestTask.execute(NodeTestTask.java:84)
	at org.junit.platform.engine.support.hierarchical.SameThreadHierarchicalTestExecutorService.submit(SameThreadHierarchicalTestExecutorService.java:32)
	at org.junit.platform.engine.support.hierarchical.HierarchicalTestExecutor.execute(HierarchicalTestExecutor.java:57)
	at org.junit.platform.engine.support.hierarchical.HierarchicalTestEngine.execute(HierarchicalTestEngine.java:51)
	at org.junit.platform.launcher.core.EngineExecutionOrchestrator.execute(EngineExecutionOrchestrator.java:108)
	at org.junit.platform.launcher.core.EngineExecutionOrchestrator.execute(EngineExecutionOrchestrator.java:88)
	at org.junit.platform.launcher.core.EngineExecutionOrchestrator.lambda$execute$0(EngineExecutionOrchestrator.java:54)
	at org.junit.platform.launcher.core.EngineExecutionOrchestrator.withInterceptedStreams(EngineExecutionOrchestrator.java:67)
	at org.junit.platform.launcher.core.EngineExecutionOrchestrator.execute(EngineExecutionOrchestrator.java:52)
	at org.junit.platform.launcher.core.DefaultLauncher.execute(DefaultLauncher.java:96)
	at org.junit.platform.launcher.core.DefaultLauncher.execute(DefaultLauncher.java:75)
	at com.intellij.junit5.JUnit5IdeaTestRunner.startRunnerWithArgs(JUnit5IdeaTestRunner.java:69)
	at com.intellij.rt.junit.IdeaTestRunner$Repeater.startRunnerWithArgs(IdeaTestRunner.java:33)
	at com.intellij.rt.junit.JUnitStarter.prepareStreamsAndStart(JUnitStarter.java:230)
	at com.intellij.rt.junit.JUnitStarter.main(JUnitStarter.java:58)
Caused by: org.springframework.dao.EmptyResultDataAccessException: Incorrect result size: expected 1, actual 0
	at org.springframework.dao.support.DataAccessUtils.nullableSingleResult(DataAccessUtils.java:97)
	at org.springframework.jdbc.core.JdbcTemplate.queryForObject(JdbcTemplate.java:887)
	at dev.andrylat.task2.dao.impl.CategoryDAOImpl.getById(CategoryDAOImpl.java:41)
	... 71 more
2021-10-28 11:48:46 DEBUG CategoryServiceImpl:27 - Call method getCategoryById() with id = 0
2021-10-28 11:48:46 ERROR CategoryServiceImpl:33 - Could not get category by id = 0
dev.andrylat.task2.exceptions.DAOException: There is no such category
	at dev.andrylat.task2.dao.impl.CategoryDAOImpl.getById(CategoryDAOImpl.java:47)
	at dev.andrylat.task2.services.impl.CategoryServiceImpl.getCategoryById(CategoryServiceImpl.java:31)
	at dev.andrylat.task2.services.impl.CategoryServiceImplTest.lambda$getCategoryById_ShouldThrowServiceException_WhenInputIsZero$0(CategoryServiceImplTest.java:56)
	at org.junit.jupiter.api.AssertThrows.assertThrows(AssertThrows.java:55)
	at org.junit.jupiter.api.AssertThrows.assertThrows(AssertThrows.java:37)
	at org.junit.jupiter.api.Assertions.assertThrows(Assertions.java:3007)
	at dev.andrylat.task2.services.impl.CategoryServiceImplTest.getCategoryById_ShouldThrowServiceException_WhenInputIsZero(CategoryServiceImplTest.java:55)
	at java.base/jdk.internal.reflect.NativeMethodAccessorImpl.invoke0(Native Method)
	at java.base/jdk.internal.reflect.NativeMethodAccessorImpl.invoke(NativeMethodAccessorImpl.java:62)
	at java.base/jdk.internal.reflect.DelegatingMethodAccessorImpl.invoke(DelegatingMethodAccessorImpl.java:43)
	at java.base/java.lang.reflect.Method.invoke(Method.java:564)
	at org.junit.platform.commons.util.ReflectionUtils.invokeMethod(ReflectionUtils.java:688)
	at org.junit.jupiter.engine.execution.MethodInvocation.proceed(MethodInvocation.java:60)
	at org.junit.jupiter.engine.execution.InvocationInterceptorChain$ValidatingInvocation.proceed(InvocationInterceptorChain.java:131)
	at org.junit.jupiter.engine.extension.TimeoutExtension.intercept(TimeoutExtension.java:149)
	at org.junit.jupiter.engine.extension.TimeoutExtension.interceptTestableMethod(TimeoutExtension.java:140)
	at org.junit.jupiter.engine.extension.TimeoutExtension.interceptTestMethod(TimeoutExtension.java:84)
	at org.junit.jupiter.engine.execution.ExecutableInvoker$ReflectiveInterceptorCall.lambda$ofVoidMethod$0(ExecutableInvoker.java:115)
	at org.junit.jupiter.engine.execution.ExecutableInvoker.lambda$invoke$0(ExecutableInvoker.java:105)
	at org.junit.jupiter.engine.execution.InvocationInterceptorChain$InterceptedInvocation.proceed(InvocationInterceptorChain.java:106)
	at org.junit.jupiter.engine.execution.InvocationInterceptorChain.proceed(InvocationInterceptorChain.java:64)
	at org.junit.jupiter.engine.execution.InvocationInterceptorChain.chainAndInvoke(InvocationInterceptorChain.java:45)
	at org.junit.jupiter.engine.execution.InvocationInterceptorChain.invoke(InvocationInterceptorChain.java:37)
	at org.junit.jupiter.engine.execution.ExecutableInvoker.invoke(ExecutableInvoker.java:104)
	at org.junit.jupiter.engine.execution.ExecutableInvoker.invoke(ExecutableInvoker.java:98)
	at org.junit.jupiter.engine.descriptor.TestMethodTestDescriptor.lambda$invokeTestMethod$6(TestMethodTestDescriptor.java:210)
	at org.junit.platform.engine.support.hierarchical.ThrowableCollector.execute(ThrowableCollector.java:73)
	at org.junit.jupiter.engine.descriptor.TestMethodTestDescriptor.invokeTestMethod(TestMethodTestDescriptor.java:206)
	at org.junit.jupiter.engine.descriptor.TestMethodTestDescriptor.execute(TestMethodTestDescriptor.java:131)
	at org.junit.jupiter.engine.descriptor.TestMethodTestDescriptor.execute(TestMethodTestDescriptor.java:65)
	at org.junit.platform.engine.support.hierarchical.NodeTestTask.lambda$executeRecursively$5(NodeTestTask.java:139)
	at org.junit.platform.engine.support.hierarchical.ThrowableCollector.execute(ThrowableCollector.java:73)
	at org.junit.platform.engine.support.hierarchical.NodeTestTask.lambda$executeRecursively$7(NodeTestTask.java:129)
	at org.junit.platform.engine.support.hierarchical.Node.around(Node.java:137)
	at org.junit.platform.engine.support.hierarchical.NodeTestTask.lambda$executeRecursively$8(NodeTestTask.java:127)
	at org.junit.platform.engine.support.hierarchical.ThrowableCollector.execute(ThrowableCollector.java:73)
	at org.junit.platform.engine.support.hierarchical.NodeTestTask.executeRecursively(NodeTestTask.java:126)
	at org.junit.platform.engine.support.hierarchical.NodeTestTask.execute(NodeTestTask.java:84)
	at java.base/java.util.ArrayList.forEach(ArrayList.java:1378)
	at org.junit.platform.engine.support.hierarchical.SameThreadHierarchicalTestExecutorService.invokeAll(SameThreadHierarchicalTestExecutorService.java:38)
	at org.junit.platform.engine.support.hierarchical.NodeTestTask.lambda$executeRecursively$5(NodeTestTask.java:143)
	at org.junit.platform.engine.support.hierarchical.ThrowableCollector.execute(ThrowableCollector.java:73)
	at org.junit.platform.engine.support.hierarchical.NodeTestTask.lambda$executeRecursively$7(NodeTestTask.java:129)
	at org.junit.platform.engine.support.hierarchical.Node.around(Node.java:137)
	at org.junit.platform.engine.support.hierarchical.NodeTestTask.lambda$executeRecursively$8(NodeTestTask.java:127)
	at org.junit.platform.engine.support.hierarchical.ThrowableCollector.execute(ThrowableCollector.java:73)
	at org.junit.platform.engine.support.hierarchical.NodeTestTask.executeRecursively(NodeTestTask.java:126)
	at org.junit.platform.engine.support.hierarchical.NodeTestTask.execute(NodeTestTask.java:84)
	at java.base/java.util.ArrayList.forEach(ArrayList.java:1378)
	at org.junit.platform.engine.support.hierarchical.SameThreadHierarchicalTestExecutorService.invokeAll(SameThreadHierarchicalTestExecutorService.java:38)
	at org.junit.platform.engine.support.hierarchical.NodeTestTask.lambda$executeRecursively$5(NodeTestTask.java:143)
	at org.junit.platform.engine.support.hierarchical.ThrowableCollector.execute(ThrowableCollector.java:73)
	at org.junit.platform.engine.support.hierarchical.NodeTestTask.lambda$executeRecursively$7(NodeTestTask.java:129)
	at org.junit.platform.engine.support.hierarchical.Node.around(Node.java:137)
	at org.junit.platform.engine.support.hierarchical.NodeTestTask.lambda$executeRecursively$8(NodeTestTask.java:127)
	at org.junit.platform.engine.support.hierarchical.ThrowableCollector.execute(ThrowableCollector.java:73)
	at org.junit.platform.engine.support.hierarchical.NodeTestTask.executeRecursively(NodeTestTask.java:126)
	at org.junit.platform.engine.support.hierarchical.NodeTestTask.execute(NodeTestTask.java:84)
	at org.junit.platform.engine.support.hierarchical.SameThreadHierarchicalTestExecutorService.submit(SameThreadHierarchicalTestExecutorService.java:32)
	at org.junit.platform.engine.support.hierarchical.HierarchicalTestExecutor.execute(HierarchicalTestExecutor.java:57)
	at org.junit.platform.engine.support.hierarchical.HierarchicalTestEngine.execute(HierarchicalTestEngine.java:51)
	at org.junit.platform.launcher.core.EngineExecutionOrchestrator.execute(EngineExecutionOrchestrator.java:108)
	at org.junit.platform.launcher.core.EngineExecutionOrchestrator.execute(EngineExecutionOrchestrator.java:88)
	at org.junit.platform.launcher.core.EngineExecutionOrchestrator.lambda$execute$0(EngineExecutionOrchestrator.java:54)
	at org.junit.platform.launcher.core.EngineExecutionOrchestrator.withInterceptedStreams(EngineExecutionOrchestrator.java:67)
	at org.junit.platform.launcher.core.EngineExecutionOrchestrator.execute(EngineExecutionOrchestrator.java:52)
	at org.junit.platform.launcher.core.DefaultLauncher.execute(DefaultLauncher.java:96)
	at org.junit.platform.launcher.core.DefaultLauncher.execute(DefaultLauncher.java:75)
	at com.intellij.junit5.JUnit5IdeaTestRunner.startRunnerWithArgs(JUnit5IdeaTestRunner.java:69)
	at com.intellij.rt.junit.IdeaTestRunner$Repeater.startRunnerWithArgs(IdeaTestRunner.java:33)
	at com.intellij.rt.junit.JUnitStarter.prepareStreamsAndStart(JUnitStarter.java:230)
	at com.intellij.rt.junit.JUnitStarter.main(JUnitStarter.java:58)
Caused by: org.springframework.dao.EmptyResultDataAccessException: Incorrect result size: expected 1, actual 0
	at org.springframework.dao.support.DataAccessUtils.nullableSingleResult(DataAccessUtils.java:97)
	at org.springframework.jdbc.core.JdbcTemplate.queryForObject(JdbcTemplate.java:887)
	at dev.andrylat.task2.dao.impl.CategoryDAOImpl.getById(CategoryDAOImpl.java:41)
	... 71 more
2021-10-28 11:50:41 DEBUG CategoryServiceImpl:27 - Call method getCategoryById() with id = 0
2021-10-28 11:50:41 ERROR CategoryServiceImpl:33 - Could not get category by id = 0
dev.andrylat.task2.exceptions.DAOException: There is no such category
	at dev.andrylat.task2.dao.impl.CategoryDAOImpl.getById(CategoryDAOImpl.java:47)
	at dev.andrylat.task2.services.impl.CategoryServiceImpl.getCategoryById(CategoryServiceImpl.java:31)
	at dev.andrylat.task2.services.impl.CategoryServiceImplTest.lambda$getCategoryById_ShouldThrowServiceException_WhenInputIsZero$0(CategoryServiceImplTest.java:56)
	at org.junit.jupiter.api.AssertThrows.assertThrows(AssertThrows.java:55)
	at org.junit.jupiter.api.AssertThrows.assertThrows(AssertThrows.java:37)
	at org.junit.jupiter.api.Assertions.assertThrows(Assertions.java:3007)
	at dev.andrylat.task2.services.impl.CategoryServiceImplTest.getCategoryById_ShouldThrowServiceException_WhenInputIsZero(CategoryServiceImplTest.java:55)
	at java.base/jdk.internal.reflect.NativeMethodAccessorImpl.invoke0(Native Method)
	at java.base/jdk.internal.reflect.NativeMethodAccessorImpl.invoke(NativeMethodAccessorImpl.java:62)
	at java.base/jdk.internal.reflect.DelegatingMethodAccessorImpl.invoke(DelegatingMethodAccessorImpl.java:43)
	at java.base/java.lang.reflect.Method.invoke(Method.java:564)
	at org.junit.platform.commons.util.ReflectionUtils.invokeMethod(ReflectionUtils.java:688)
	at org.junit.jupiter.engine.execution.MethodInvocation.proceed(MethodInvocation.java:60)
	at org.junit.jupiter.engine.execution.InvocationInterceptorChain$ValidatingInvocation.proceed(InvocationInterceptorChain.java:131)
	at org.junit.jupiter.engine.extension.TimeoutExtension.intercept(TimeoutExtension.java:149)
	at org.junit.jupiter.engine.extension.TimeoutExtension.interceptTestableMethod(TimeoutExtension.java:140)
	at org.junit.jupiter.engine.extension.TimeoutExtension.interceptTestMethod(TimeoutExtension.java:84)
	at org.junit.jupiter.engine.execution.ExecutableInvoker$ReflectiveInterceptorCall.lambda$ofVoidMethod$0(ExecutableInvoker.java:115)
	at org.junit.jupiter.engine.execution.ExecutableInvoker.lambda$invoke$0(ExecutableInvoker.java:105)
	at org.junit.jupiter.engine.execution.InvocationInterceptorChain$InterceptedInvocation.proceed(InvocationInterceptorChain.java:106)
	at org.junit.jupiter.engine.execution.InvocationInterceptorChain.proceed(InvocationInterceptorChain.java:64)
	at org.junit.jupiter.engine.execution.InvocationInterceptorChain.chainAndInvoke(InvocationInterceptorChain.java:45)
	at org.junit.jupiter.engine.execution.InvocationInterceptorChain.invoke(InvocationInterceptorChain.java:37)
	at org.junit.jupiter.engine.execution.ExecutableInvoker.invoke(ExecutableInvoker.java:104)
	at org.junit.jupiter.engine.execution.ExecutableInvoker.invoke(ExecutableInvoker.java:98)
	at org.junit.jupiter.engine.descriptor.TestMethodTestDescriptor.lambda$invokeTestMethod$6(TestMethodTestDescriptor.java:210)
	at org.junit.platform.engine.support.hierarchical.ThrowableCollector.execute(ThrowableCollector.java:73)
	at org.junit.jupiter.engine.descriptor.TestMethodTestDescriptor.invokeTestMethod(TestMethodTestDescriptor.java:206)
	at org.junit.jupiter.engine.descriptor.TestMethodTestDescriptor.execute(TestMethodTestDescriptor.java:131)
	at org.junit.jupiter.engine.descriptor.TestMethodTestDescriptor.execute(TestMethodTestDescriptor.java:65)
	at org.junit.platform.engine.support.hierarchical.NodeTestTask.lambda$executeRecursively$5(NodeTestTask.java:139)
	at org.junit.platform.engine.support.hierarchical.ThrowableCollector.execute(ThrowableCollector.java:73)
	at org.junit.platform.engine.support.hierarchical.NodeTestTask.lambda$executeRecursively$7(NodeTestTask.java:129)
	at org.junit.platform.engine.support.hierarchical.Node.around(Node.java:137)
	at org.junit.platform.engine.support.hierarchical.NodeTestTask.lambda$executeRecursively$8(NodeTestTask.java:127)
	at org.junit.platform.engine.support.hierarchical.ThrowableCollector.execute(ThrowableCollector.java:73)
	at org.junit.platform.engine.support.hierarchical.NodeTestTask.executeRecursively(NodeTestTask.java:126)
	at org.junit.platform.engine.support.hierarchical.NodeTestTask.execute(NodeTestTask.java:84)
	at java.base/java.util.ArrayList.forEach(ArrayList.java:1378)
	at org.junit.platform.engine.support.hierarchical.SameThreadHierarchicalTestExecutorService.invokeAll(SameThreadHierarchicalTestExecutorService.java:38)
	at org.junit.platform.engine.support.hierarchical.NodeTestTask.lambda$executeRecursively$5(NodeTestTask.java:143)
	at org.junit.platform.engine.support.hierarchical.ThrowableCollector.execute(ThrowableCollector.java:73)
	at org.junit.platform.engine.support.hierarchical.NodeTestTask.lambda$executeRecursively$7(NodeTestTask.java:129)
	at org.junit.platform.engine.support.hierarchical.Node.around(Node.java:137)
	at org.junit.platform.engine.support.hierarchical.NodeTestTask.lambda$executeRecursively$8(NodeTestTask.java:127)
	at org.junit.platform.engine.support.hierarchical.ThrowableCollector.execute(ThrowableCollector.java:73)
	at org.junit.platform.engine.support.hierarchical.NodeTestTask.executeRecursively(NodeTestTask.java:126)
	at org.junit.platform.engine.support.hierarchical.NodeTestTask.execute(NodeTestTask.java:84)
	at java.base/java.util.ArrayList.forEach(ArrayList.java:1378)
	at org.junit.platform.engine.support.hierarchical.SameThreadHierarchicalTestExecutorService.invokeAll(SameThreadHierarchicalTestExecutorService.java:38)
	at org.junit.platform.engine.support.hierarchical.NodeTestTask.lambda$executeRecursively$5(NodeTestTask.java:143)
	at org.junit.platform.engine.support.hierarchical.ThrowableCollector.execute(ThrowableCollector.java:73)
	at org.junit.platform.engine.support.hierarchical.NodeTestTask.lambda$executeRecursively$7(NodeTestTask.java:129)
	at org.junit.platform.engine.support.hierarchical.Node.around(Node.java:137)
	at org.junit.platform.engine.support.hierarchical.NodeTestTask.lambda$executeRecursively$8(NodeTestTask.java:127)
	at org.junit.platform.engine.support.hierarchical.ThrowableCollector.execute(ThrowableCollector.java:73)
	at org.junit.platform.engine.support.hierarchical.NodeTestTask.executeRecursively(NodeTestTask.java:126)
	at org.junit.platform.engine.support.hierarchical.NodeTestTask.execute(NodeTestTask.java:84)
	at org.junit.platform.engine.support.hierarchical.SameThreadHierarchicalTestExecutorService.submit(SameThreadHierarchicalTestExecutorService.java:32)
	at org.junit.platform.engine.support.hierarchical.HierarchicalTestExecutor.execute(HierarchicalTestExecutor.java:57)
	at org.junit.platform.engine.support.hierarchical.HierarchicalTestEngine.execute(HierarchicalTestEngine.java:51)
	at org.junit.platform.launcher.core.EngineExecutionOrchestrator.execute(EngineExecutionOrchestrator.java:108)
	at org.junit.platform.launcher.core.EngineExecutionOrchestrator.execute(EngineExecutionOrchestrator.java:88)
	at org.junit.platform.launcher.core.EngineExecutionOrchestrator.lambda$execute$0(EngineExecutionOrchestrator.java:54)
	at org.junit.platform.launcher.core.EngineExecutionOrchestrator.withInterceptedStreams(EngineExecutionOrchestrator.java:67)
	at org.junit.platform.launcher.core.EngineExecutionOrchestrator.execute(EngineExecutionOrchestrator.java:52)
	at org.junit.platform.launcher.core.DefaultLauncher.execute(DefaultLauncher.java:96)
	at org.junit.platform.launcher.core.DefaultLauncher.execute(DefaultLauncher.java:75)
	at com.intellij.junit5.JUnit5IdeaTestRunner.startRunnerWithArgs(JUnit5IdeaTestRunner.java:69)
	at com.intellij.rt.junit.IdeaTestRunner$Repeater.startRunnerWithArgs(IdeaTestRunner.java:33)
	at com.intellij.rt.junit.JUnitStarter.prepareStreamsAndStart(JUnitStarter.java:230)
	at com.intellij.rt.junit.JUnitStarter.main(JUnitStarter.java:58)
Caused by: org.springframework.dao.EmptyResultDataAccessException: Incorrect result size: expected 1, actual 0
	at org.springframework.dao.support.DataAccessUtils.nullableSingleResult(DataAccessUtils.java:97)
	at org.springframework.jdbc.core.JdbcTemplate.queryForObject(JdbcTemplate.java:887)
	at dev.andrylat.task2.dao.impl.CategoryDAOImpl.getById(CategoryDAOImpl.java:41)
	... 71 more
2021-10-28 12:22:36 DEBUG CategoryServiceImpl:27 - Call method getCategoryById() with id = 999
2021-10-28 12:22:37 ERROR CategoryServiceImpl:33 - Could not get category by id = 999
dev.andrylat.task2.exceptions.DAOException: There is no such category
	at dev.andrylat.task2.dao.impl.CategoryDAOImpl.getById(CategoryDAOImpl.java:47)
	at dev.andrylat.task2.services.impl.CategoryServiceImpl.getCategoryById(CategoryServiceImpl.java:31)
	at dev.andrylat.task2.services.impl.CategoryServiceImplTest.getCategoryById_ShouldGetCategoryById_WhenInputIsId(CategoryServiceImplTest.java:45)
	at java.base/jdk.internal.reflect.NativeMethodAccessorImpl.invoke0(Native Method)
	at java.base/jdk.internal.reflect.NativeMethodAccessorImpl.invoke(NativeMethodAccessorImpl.java:62)
	at java.base/jdk.internal.reflect.DelegatingMethodAccessorImpl.invoke(DelegatingMethodAccessorImpl.java:43)
	at java.base/java.lang.reflect.Method.invoke(Method.java:564)
	at org.junit.platform.commons.util.ReflectionUtils.invokeMethod(ReflectionUtils.java:688)
	at org.junit.jupiter.engine.execution.MethodInvocation.proceed(MethodInvocation.java:60)
	at org.junit.jupiter.engine.execution.InvocationInterceptorChain$ValidatingInvocation.proceed(InvocationInterceptorChain.java:131)
	at org.junit.jupiter.engine.extension.TimeoutExtension.intercept(TimeoutExtension.java:149)
	at org.junit.jupiter.engine.extension.TimeoutExtension.interceptTestableMethod(TimeoutExtension.java:140)
	at org.junit.jupiter.engine.extension.TimeoutExtension.interceptTestMethod(TimeoutExtension.java:84)
	at org.junit.jupiter.engine.execution.ExecutableInvoker$ReflectiveInterceptorCall.lambda$ofVoidMethod$0(ExecutableInvoker.java:115)
	at org.junit.jupiter.engine.execution.ExecutableInvoker.lambda$invoke$0(ExecutableInvoker.java:105)
	at org.junit.jupiter.engine.execution.InvocationInterceptorChain$InterceptedInvocation.proceed(InvocationInterceptorChain.java:106)
	at org.junit.jupiter.engine.execution.InvocationInterceptorChain.proceed(InvocationInterceptorChain.java:64)
	at org.junit.jupiter.engine.execution.InvocationInterceptorChain.chainAndInvoke(InvocationInterceptorChain.java:45)
	at org.junit.jupiter.engine.execution.InvocationInterceptorChain.invoke(InvocationInterceptorChain.java:37)
	at org.junit.jupiter.engine.execution.ExecutableInvoker.invoke(ExecutableInvoker.java:104)
	at org.junit.jupiter.engine.execution.ExecutableInvoker.invoke(ExecutableInvoker.java:98)
	at org.junit.jupiter.engine.descriptor.TestMethodTestDescriptor.lambda$invokeTestMethod$6(TestMethodTestDescriptor.java:210)
	at org.junit.platform.engine.support.hierarchical.ThrowableCollector.execute(ThrowableCollector.java:73)
	at org.junit.jupiter.engine.descriptor.TestMethodTestDescriptor.invokeTestMethod(TestMethodTestDescriptor.java:206)
	at org.junit.jupiter.engine.descriptor.TestMethodTestDescriptor.execute(TestMethodTestDescriptor.java:131)
	at org.junit.jupiter.engine.descriptor.TestMethodTestDescriptor.execute(TestMethodTestDescriptor.java:65)
	at org.junit.platform.engine.support.hierarchical.NodeTestTask.lambda$executeRecursively$5(NodeTestTask.java:139)
	at org.junit.platform.engine.support.hierarchical.ThrowableCollector.execute(ThrowableCollector.java:73)
	at org.junit.platform.engine.support.hierarchical.NodeTestTask.lambda$executeRecursively$7(NodeTestTask.java:129)
	at org.junit.platform.engine.support.hierarchical.Node.around(Node.java:137)
	at org.junit.platform.engine.support.hierarchical.NodeTestTask.lambda$executeRecursively$8(NodeTestTask.java:127)
	at org.junit.platform.engine.support.hierarchical.ThrowableCollector.execute(ThrowableCollector.java:73)
	at org.junit.platform.engine.support.hierarchical.NodeTestTask.executeRecursively(NodeTestTask.java:126)
	at org.junit.platform.engine.support.hierarchical.NodeTestTask.execute(NodeTestTask.java:84)
	at java.base/java.util.ArrayList.forEach(ArrayList.java:1378)
	at org.junit.platform.engine.support.hierarchical.SameThreadHierarchicalTestExecutorService.invokeAll(SameThreadHierarchicalTestExecutorService.java:38)
	at org.junit.platform.engine.support.hierarchical.NodeTestTask.lambda$executeRecursively$5(NodeTestTask.java:143)
	at org.junit.platform.engine.support.hierarchical.ThrowableCollector.execute(ThrowableCollector.java:73)
	at org.junit.platform.engine.support.hierarchical.NodeTestTask.lambda$executeRecursively$7(NodeTestTask.java:129)
	at org.junit.platform.engine.support.hierarchical.Node.around(Node.java:137)
	at org.junit.platform.engine.support.hierarchical.NodeTestTask.lambda$executeRecursively$8(NodeTestTask.java:127)
	at org.junit.platform.engine.support.hierarchical.ThrowableCollector.execute(ThrowableCollector.java:73)
	at org.junit.platform.engine.support.hierarchical.NodeTestTask.executeRecursively(NodeTestTask.java:126)
	at org.junit.platform.engine.support.hierarchical.NodeTestTask.execute(NodeTestTask.java:84)
	at java.base/java.util.ArrayList.forEach(ArrayList.java:1378)
	at org.junit.platform.engine.support.hierarchical.SameThreadHierarchicalTestExecutorService.invokeAll(SameThreadHierarchicalTestExecutorService.java:38)
	at org.junit.platform.engine.support.hierarchical.NodeTestTask.lambda$executeRecursively$5(NodeTestTask.java:143)
	at org.junit.platform.engine.support.hierarchical.ThrowableCollector.execute(ThrowableCollector.java:73)
	at org.junit.platform.engine.support.hierarchical.NodeTestTask.lambda$executeRecursively$7(NodeTestTask.java:129)
	at org.junit.platform.engine.support.hierarchical.Node.around(Node.java:137)
	at org.junit.platform.engine.support.hierarchical.NodeTestTask.lambda$executeRecursively$8(NodeTestTask.java:127)
	at org.junit.platform.engine.support.hierarchical.ThrowableCollector.execute(ThrowableCollector.java:73)
	at org.junit.platform.engine.support.hierarchical.NodeTestTask.executeRecursively(NodeTestTask.java:126)
	at org.junit.platform.engine.support.hierarchical.NodeTestTask.execute(NodeTestTask.java:84)
	at org.junit.platform.engine.support.hierarchical.SameThreadHierarchicalTestExecutorService.submit(SameThreadHierarchicalTestExecutorService.java:32)
	at org.junit.platform.engine.support.hierarchical.HierarchicalTestExecutor.execute(HierarchicalTestExecutor.java:57)
	at org.junit.platform.engine.support.hierarchical.HierarchicalTestEngine.execute(HierarchicalTestEngine.java:51)
	at org.junit.platform.launcher.core.EngineExecutionOrchestrator.execute(EngineExecutionOrchestrator.java:108)
	at org.junit.platform.launcher.core.EngineExecutionOrchestrator.execute(EngineExecutionOrchestrator.java:88)
	at org.junit.platform.launcher.core.EngineExecutionOrchestrator.lambda$execute$0(EngineExecutionOrchestrator.java:54)
	at org.junit.platform.launcher.core.EngineExecutionOrchestrator.withInterceptedStreams(EngineExecutionOrchestrator.java:67)
	at org.junit.platform.launcher.core.EngineExecutionOrchestrator.execute(EngineExecutionOrchestrator.java:52)
	at org.junit.platform.launcher.core.DefaultLauncher.execute(DefaultLauncher.java:96)
	at org.junit.platform.launcher.core.DefaultLauncher.execute(DefaultLauncher.java:75)
	at com.intellij.junit5.JUnit5IdeaTestRunner.startRunnerWithArgs(JUnit5IdeaTestRunner.java:69)
	at com.intellij.rt.junit.IdeaTestRunner$Repeater.startRunnerWithArgs(IdeaTestRunner.java:33)
	at com.intellij.rt.junit.JUnitStarter.prepareStreamsAndStart(JUnitStarter.java:230)
	at com.intellij.rt.junit.JUnitStarter.main(JUnitStarter.java:58)
Caused by: org.springframework.dao.EmptyResultDataAccessException: Incorrect result size: expected 1, actual 0
	at org.springframework.dao.support.DataAccessUtils.nullableSingleResult(DataAccessUtils.java:97)
	at org.springframework.jdbc.core.JdbcTemplate.queryForObject(JdbcTemplate.java:887)
	at dev.andrylat.task2.dao.impl.CategoryDAOImpl.getById(CategoryDAOImpl.java:41)
	... 67 more
2021-10-28 12:24:15 DEBUG CategoryServiceImpl:27 - Call method getCategoryById() with id = 999
2021-10-28 12:24:15 ERROR CategoryServiceImpl:33 - Could not get category by id = 999
dev.andrylat.task2.exceptions.DAOException: There is no such category
	at dev.andrylat.task2.dao.impl.CategoryDAOImpl.getById(CategoryDAOImpl.java:47)
	at dev.andrylat.task2.services.impl.CategoryServiceImpl.getCategoryById(CategoryServiceImpl.java:31)
	at dev.andrylat.task2.services.impl.CategoryServiceImplTest.getCategoryById_ShouldGetCategoryById_WhenInputIsId(CategoryServiceImplTest.java:45)
	at java.base/jdk.internal.reflect.NativeMethodAccessorImpl.invoke0(Native Method)
	at java.base/jdk.internal.reflect.NativeMethodAccessorImpl.invoke(NativeMethodAccessorImpl.java:62)
	at java.base/jdk.internal.reflect.DelegatingMethodAccessorImpl.invoke(DelegatingMethodAccessorImpl.java:43)
	at java.base/java.lang.reflect.Method.invoke(Method.java:564)
	at org.junit.platform.commons.util.ReflectionUtils.invokeMethod(ReflectionUtils.java:688)
	at org.junit.jupiter.engine.execution.MethodInvocation.proceed(MethodInvocation.java:60)
	at org.junit.jupiter.engine.execution.InvocationInterceptorChain$ValidatingInvocation.proceed(InvocationInterceptorChain.java:131)
	at org.junit.jupiter.engine.extension.TimeoutExtension.intercept(TimeoutExtension.java:149)
	at org.junit.jupiter.engine.extension.TimeoutExtension.interceptTestableMethod(TimeoutExtension.java:140)
	at org.junit.jupiter.engine.extension.TimeoutExtension.interceptTestMethod(TimeoutExtension.java:84)
	at org.junit.jupiter.engine.execution.ExecutableInvoker$ReflectiveInterceptorCall.lambda$ofVoidMethod$0(ExecutableInvoker.java:115)
	at org.junit.jupiter.engine.execution.ExecutableInvoker.lambda$invoke$0(ExecutableInvoker.java:105)
	at org.junit.jupiter.engine.execution.InvocationInterceptorChain$InterceptedInvocation.proceed(InvocationInterceptorChain.java:106)
	at org.junit.jupiter.engine.execution.InvocationInterceptorChain.proceed(InvocationInterceptorChain.java:64)
	at org.junit.jupiter.engine.execution.InvocationInterceptorChain.chainAndInvoke(InvocationInterceptorChain.java:45)
	at org.junit.jupiter.engine.execution.InvocationInterceptorChain.invoke(InvocationInterceptorChain.java:37)
	at org.junit.jupiter.engine.execution.ExecutableInvoker.invoke(ExecutableInvoker.java:104)
	at org.junit.jupiter.engine.execution.ExecutableInvoker.invoke(ExecutableInvoker.java:98)
	at org.junit.jupiter.engine.descriptor.TestMethodTestDescriptor.lambda$invokeTestMethod$6(TestMethodTestDescriptor.java:210)
	at org.junit.platform.engine.support.hierarchical.ThrowableCollector.execute(ThrowableCollector.java:73)
	at org.junit.jupiter.engine.descriptor.TestMethodTestDescriptor.invokeTestMethod(TestMethodTestDescriptor.java:206)
	at org.junit.jupiter.engine.descriptor.TestMethodTestDescriptor.execute(TestMethodTestDescriptor.java:131)
	at org.junit.jupiter.engine.descriptor.TestMethodTestDescriptor.execute(TestMethodTestDescriptor.java:65)
	at org.junit.platform.engine.support.hierarchical.NodeTestTask.lambda$executeRecursively$5(NodeTestTask.java:139)
	at org.junit.platform.engine.support.hierarchical.ThrowableCollector.execute(ThrowableCollector.java:73)
	at org.junit.platform.engine.support.hierarchical.NodeTestTask.lambda$executeRecursively$7(NodeTestTask.java:129)
	at org.junit.platform.engine.support.hierarchical.Node.around(Node.java:137)
	at org.junit.platform.engine.support.hierarchical.NodeTestTask.lambda$executeRecursively$8(NodeTestTask.java:127)
	at org.junit.platform.engine.support.hierarchical.ThrowableCollector.execute(ThrowableCollector.java:73)
	at org.junit.platform.engine.support.hierarchical.NodeTestTask.executeRecursively(NodeTestTask.java:126)
	at org.junit.platform.engine.support.hierarchical.NodeTestTask.execute(NodeTestTask.java:84)
	at java.base/java.util.ArrayList.forEach(ArrayList.java:1378)
	at org.junit.platform.engine.support.hierarchical.SameThreadHierarchicalTestExecutorService.invokeAll(SameThreadHierarchicalTestExecutorService.java:38)
	at org.junit.platform.engine.support.hierarchical.NodeTestTask.lambda$executeRecursively$5(NodeTestTask.java:143)
	at org.junit.platform.engine.support.hierarchical.ThrowableCollector.execute(ThrowableCollector.java:73)
	at org.junit.platform.engine.support.hierarchical.NodeTestTask.lambda$executeRecursively$7(NodeTestTask.java:129)
	at org.junit.platform.engine.support.hierarchical.Node.around(Node.java:137)
	at org.junit.platform.engine.support.hierarchical.NodeTestTask.lambda$executeRecursively$8(NodeTestTask.java:127)
	at org.junit.platform.engine.support.hierarchical.ThrowableCollector.execute(ThrowableCollector.java:73)
	at org.junit.platform.engine.support.hierarchical.NodeTestTask.executeRecursively(NodeTestTask.java:126)
	at org.junit.platform.engine.support.hierarchical.NodeTestTask.execute(NodeTestTask.java:84)
	at java.base/java.util.ArrayList.forEach(ArrayList.java:1378)
	at org.junit.platform.engine.support.hierarchical.SameThreadHierarchicalTestExecutorService.invokeAll(SameThreadHierarchicalTestExecutorService.java:38)
	at org.junit.platform.engine.support.hierarchical.NodeTestTask.lambda$executeRecursively$5(NodeTestTask.java:143)
	at org.junit.platform.engine.support.hierarchical.ThrowableCollector.execute(ThrowableCollector.java:73)
	at org.junit.platform.engine.support.hierarchical.NodeTestTask.lambda$executeRecursively$7(NodeTestTask.java:129)
	at org.junit.platform.engine.support.hierarchical.Node.around(Node.java:137)
	at org.junit.platform.engine.support.hierarchical.NodeTestTask.lambda$executeRecursively$8(NodeTestTask.java:127)
	at org.junit.platform.engine.support.hierarchical.ThrowableCollector.execute(ThrowableCollector.java:73)
	at org.junit.platform.engine.support.hierarchical.NodeTestTask.executeRecursively(NodeTestTask.java:126)
	at org.junit.platform.engine.support.hierarchical.NodeTestTask.execute(NodeTestTask.java:84)
	at org.junit.platform.engine.support.hierarchical.SameThreadHierarchicalTestExecutorService.submit(SameThreadHierarchicalTestExecutorService.java:32)
	at org.junit.platform.engine.support.hierarchical.HierarchicalTestExecutor.execute(HierarchicalTestExecutor.java:57)
	at org.junit.platform.engine.support.hierarchical.HierarchicalTestEngine.execute(HierarchicalTestEngine.java:51)
	at org.junit.platform.launcher.core.EngineExecutionOrchestrator.execute(EngineExecutionOrchestrator.java:108)
	at org.junit.platform.launcher.core.EngineExecutionOrchestrator.execute(EngineExecutionOrchestrator.java:88)
	at org.junit.platform.launcher.core.EngineExecutionOrchestrator.lambda$execute$0(EngineExecutionOrchestrator.java:54)
	at org.junit.platform.launcher.core.EngineExecutionOrchestrator.withInterceptedStreams(EngineExecutionOrchestrator.java:67)
	at org.junit.platform.launcher.core.EngineExecutionOrchestrator.execute(EngineExecutionOrchestrator.java:52)
	at org.junit.platform.launcher.core.DefaultLauncher.execute(DefaultLauncher.java:96)
	at org.junit.platform.launcher.core.DefaultLauncher.execute(DefaultLauncher.java:75)
	at com.intellij.junit5.JUnit5IdeaTestRunner.startRunnerWithArgs(JUnit5IdeaTestRunner.java:69)
	at com.intellij.rt.junit.IdeaTestRunner$Repeater.startRunnerWithArgs(IdeaTestRunner.java:33)
	at com.intellij.rt.junit.JUnitStarter.prepareStreamsAndStart(JUnitStarter.java:230)
	at com.intellij.rt.junit.JUnitStarter.main(JUnitStarter.java:58)
2021-10-28 12:25:25 DEBUG CategoryServiceImpl:27 - Call method getCategoryById() with id = 999
2021-10-28 12:25:25 ERROR CategoryServiceImpl:33 - Could not get category by id = 999
dev.andrylat.task2.exceptions.DAOException: There is no such category
	at dev.andrylat.task2.dao.impl.CategoryDAOImpl.getById(CategoryDAOImpl.java:47)
	at dev.andrylat.task2.services.impl.CategoryServiceImpl.getCategoryById(CategoryServiceImpl.java:31)
	at dev.andrylat.task2.services.impl.CategoryServiceImplTest.getCategoryById_ShouldGetCategoryById_WhenInputIsId(CategoryServiceImplTest.java:45)
	at java.base/jdk.internal.reflect.NativeMethodAccessorImpl.invoke0(Native Method)
	at java.base/jdk.internal.reflect.NativeMethodAccessorImpl.invoke(NativeMethodAccessorImpl.java:62)
	at java.base/jdk.internal.reflect.DelegatingMethodAccessorImpl.invoke(DelegatingMethodAccessorImpl.java:43)
	at java.base/java.lang.reflect.Method.invoke(Method.java:564)
	at org.junit.platform.commons.util.ReflectionUtils.invokeMethod(ReflectionUtils.java:688)
	at org.junit.jupiter.engine.execution.MethodInvocation.proceed(MethodInvocation.java:60)
	at org.junit.jupiter.engine.execution.InvocationInterceptorChain$ValidatingInvocation.proceed(InvocationInterceptorChain.java:131)
	at org.junit.jupiter.engine.extension.TimeoutExtension.intercept(TimeoutExtension.java:149)
	at org.junit.jupiter.engine.extension.TimeoutExtension.interceptTestableMethod(TimeoutExtension.java:140)
	at org.junit.jupiter.engine.extension.TimeoutExtension.interceptTestMethod(TimeoutExtension.java:84)
	at org.junit.jupiter.engine.execution.ExecutableInvoker$ReflectiveInterceptorCall.lambda$ofVoidMethod$0(ExecutableInvoker.java:115)
	at org.junit.jupiter.engine.execution.ExecutableInvoker.lambda$invoke$0(ExecutableInvoker.java:105)
	at org.junit.jupiter.engine.execution.InvocationInterceptorChain$InterceptedInvocation.proceed(InvocationInterceptorChain.java:106)
	at org.junit.jupiter.engine.execution.InvocationInterceptorChain.proceed(InvocationInterceptorChain.java:64)
	at org.junit.jupiter.engine.execution.InvocationInterceptorChain.chainAndInvoke(InvocationInterceptorChain.java:45)
	at org.junit.jupiter.engine.execution.InvocationInterceptorChain.invoke(InvocationInterceptorChain.java:37)
	at org.junit.jupiter.engine.execution.ExecutableInvoker.invoke(ExecutableInvoker.java:104)
	at org.junit.jupiter.engine.execution.ExecutableInvoker.invoke(ExecutableInvoker.java:98)
	at org.junit.jupiter.engine.descriptor.TestMethodTestDescriptor.lambda$invokeTestMethod$6(TestMethodTestDescriptor.java:210)
	at org.junit.platform.engine.support.hierarchical.ThrowableCollector.execute(ThrowableCollector.java:73)
	at org.junit.jupiter.engine.descriptor.TestMethodTestDescriptor.invokeTestMethod(TestMethodTestDescriptor.java:206)
	at org.junit.jupiter.engine.descriptor.TestMethodTestDescriptor.execute(TestMethodTestDescriptor.java:131)
	at org.junit.jupiter.engine.descriptor.TestMethodTestDescriptor.execute(TestMethodTestDescriptor.java:65)
	at org.junit.platform.engine.support.hierarchical.NodeTestTask.lambda$executeRecursively$5(NodeTestTask.java:139)
	at org.junit.platform.engine.support.hierarchical.ThrowableCollector.execute(ThrowableCollector.java:73)
	at org.junit.platform.engine.support.hierarchical.NodeTestTask.lambda$executeRecursively$7(NodeTestTask.java:129)
	at org.junit.platform.engine.support.hierarchical.Node.around(Node.java:137)
	at org.junit.platform.engine.support.hierarchical.NodeTestTask.lambda$executeRecursively$8(NodeTestTask.java:127)
	at org.junit.platform.engine.support.hierarchical.ThrowableCollector.execute(ThrowableCollector.java:73)
	at org.junit.platform.engine.support.hierarchical.NodeTestTask.executeRecursively(NodeTestTask.java:126)
	at org.junit.platform.engine.support.hierarchical.NodeTestTask.execute(NodeTestTask.java:84)
	at java.base/java.util.ArrayList.forEach(ArrayList.java:1378)
	at org.junit.platform.engine.support.hierarchical.SameThreadHierarchicalTestExecutorService.invokeAll(SameThreadHierarchicalTestExecutorService.java:38)
	at org.junit.platform.engine.support.hierarchical.NodeTestTask.lambda$executeRecursively$5(NodeTestTask.java:143)
	at org.junit.platform.engine.support.hierarchical.ThrowableCollector.execute(ThrowableCollector.java:73)
	at org.junit.platform.engine.support.hierarchical.NodeTestTask.lambda$executeRecursively$7(NodeTestTask.java:129)
	at org.junit.platform.engine.support.hierarchical.Node.around(Node.java:137)
	at org.junit.platform.engine.support.hierarchical.NodeTestTask.lambda$executeRecursively$8(NodeTestTask.java:127)
	at org.junit.platform.engine.support.hierarchical.ThrowableCollector.execute(ThrowableCollector.java:73)
	at org.junit.platform.engine.support.hierarchical.NodeTestTask.executeRecursively(NodeTestTask.java:126)
	at org.junit.platform.engine.support.hierarchical.NodeTestTask.execute(NodeTestTask.java:84)
	at java.base/java.util.ArrayList.forEach(ArrayList.java:1378)
	at org.junit.platform.engine.support.hierarchical.SameThreadHierarchicalTestExecutorService.invokeAll(SameThreadHierarchicalTestExecutorService.java:38)
	at org.junit.platform.engine.support.hierarchical.NodeTestTask.lambda$executeRecursively$5(NodeTestTask.java:143)
	at org.junit.platform.engine.support.hierarchical.ThrowableCollector.execute(ThrowableCollector.java:73)
	at org.junit.platform.engine.support.hierarchical.NodeTestTask.lambda$executeRecursively$7(NodeTestTask.java:129)
	at org.junit.platform.engine.support.hierarchical.Node.around(Node.java:137)
	at org.junit.platform.engine.support.hierarchical.NodeTestTask.lambda$executeRecursively$8(NodeTestTask.java:127)
	at org.junit.platform.engine.support.hierarchical.ThrowableCollector.execute(ThrowableCollector.java:73)
	at org.junit.platform.engine.support.hierarchical.NodeTestTask.executeRecursively(NodeTestTask.java:126)
	at org.junit.platform.engine.support.hierarchical.NodeTestTask.execute(NodeTestTask.java:84)
	at org.junit.platform.engine.support.hierarchical.SameThreadHierarchicalTestExecutorService.submit(SameThreadHierarchicalTestExecutorService.java:32)
	at org.junit.platform.engine.support.hierarchical.HierarchicalTestExecutor.execute(HierarchicalTestExecutor.java:57)
	at org.junit.platform.engine.support.hierarchical.HierarchicalTestEngine.execute(HierarchicalTestEngine.java:51)
	at org.junit.platform.launcher.core.EngineExecutionOrchestrator.execute(EngineExecutionOrchestrator.java:108)
	at org.junit.platform.launcher.core.EngineExecutionOrchestrator.execute(EngineExecutionOrchestrator.java:88)
	at org.junit.platform.launcher.core.EngineExecutionOrchestrator.lambda$execute$0(EngineExecutionOrchestrator.java:54)
	at org.junit.platform.launcher.core.EngineExecutionOrchestrator.withInterceptedStreams(EngineExecutionOrchestrator.java:67)
	at org.junit.platform.launcher.core.EngineExecutionOrchestrator.execute(EngineExecutionOrchestrator.java:52)
	at org.junit.platform.launcher.core.DefaultLauncher.execute(DefaultLauncher.java:96)
	at org.junit.platform.launcher.core.DefaultLauncher.execute(DefaultLauncher.java:75)
	at com.intellij.junit5.JUnit5IdeaTestRunner.startRunnerWithArgs(JUnit5IdeaTestRunner.java:69)
	at com.intellij.rt.junit.IdeaTestRunner$Repeater.startRunnerWithArgs(IdeaTestRunner.java:33)
	at com.intellij.rt.junit.JUnitStarter.prepareStreamsAndStart(JUnitStarter.java:230)
	at com.intellij.rt.junit.JUnitStarter.main(JUnitStarter.java:58)
Caused by: org.springframework.dao.EmptyResultDataAccessException: Incorrect result size: expected 1, actual 0
	at org.springframework.dao.support.DataAccessUtils.nullableSingleResult(DataAccessUtils.java:97)
	at org.springframework.jdbc.core.JdbcTemplate.queryForObject(JdbcTemplate.java:887)
	at dev.andrylat.task2.dao.impl.CategoryDAOImpl.getById(CategoryDAOImpl.java:41)
	... 67 more
2021-10-28 12:26:36 DEBUG CategoryServiceImpl:27 - Call method getCategoryById() with id = 999
2021-10-28 12:26:36 ERROR CategoryServiceImpl:33 - Could not get category by id = 999
2021-10-28 14:58:30 DEBUG CategoryServiceImpl:27 - Call method getCategoryById() with id = 1
2021-10-28 14:58:30 DEBUG CategoryServiceImpl:37 - Category is Category(id=1, title=exhibition)
2021-10-28 15:36:17 DEBUG CategoryServiceImpl:27 - Call method getCategoryById() with id = 1
2021-10-28 15:36:17 DEBUG CategoryServiceImpl:37 - Category is Category(id=1, title=exhibition)
2021-10-28 15:42:07 DEBUG CategoryServiceImpl:27 - Call method getCategoryById() with id = 1
2021-10-28 15:42:07 DEBUG CategoryServiceImpl:37 - Category is Category(id=1, title=exhibition)
2021-10-28 15:54:42 DEBUG CategoryServiceImpl:27 - Call method getCategoryById() with id = 1
2021-10-28 15:54:42 DEBUG CategoryServiceImpl:37 - Category is Category(id=1, title=exhibition)
2021-10-28 15:54:59 DEBUG CategoryServiceImpl:27 - Call method getCategoryById() with id = 1
2021-10-28 15:54:59 DEBUG CategoryServiceImpl:37 - Category is Category(id=1, title=exhibition)
2021-10-28 15:57:40 DEBUG CategoryServiceImpl:27 - Call method getCategoryById() with id = 1
2021-10-28 15:57:40 DEBUG CategoryServiceImpl:37 - Category is Category(id=1, title=exhibition)
2021-10-29 10:00:59 DEBUG CategoryServiceImpl:27 - Call method getCategoryById() with id = 1
2021-10-29 10:00:59 DEBUG CategoryServiceImpl:37 - Category is Category(id=1, title=exhibition)
2021-10-29 10:01:18 DEBUG CategoryServiceImpl:27 - Call method getCategoryById() with id = 1
2021-10-29 10:01:18 DEBUG CategoryServiceImpl:37 - Category is Category(id=1, title=exhibition)
2021-10-29 15:23:41 DEBUG CategoryServiceImpl:27 - Call method getCategoryById() with id = 1
2021-10-29 15:23:41 DEBUG CategoryServiceImpl:37 - Category is Category(id=1, title=exhibition)
2021-10-29 15:35:56 DEBUG CategoryServiceImpl:27 - Call method getCategoryById() with id = 1
2021-10-29 15:35:56 DEBUG CategoryServiceImpl:37 - Category is Category(id=1, title=exhibition)
2021-10-29 15:36:39 DEBUG CategoryServiceImpl:27 - Call method getCategoryById() with id = 1
2021-10-29 15:37:05 DEBUG CategoryServiceImpl:37 - Category is Category(id=1, title=exhibition)
2021-10-30 15:26:48 DEBUG CategoryServiceImpl:26 - Call method getCategoryById() with id = 1
2021-10-30 15:26:48 DEBUG CategoryServiceImpl:44 - Call method inputValidate() with id = 1
2021-10-30 15:26:48 DEBUG CategoryServiceImpl:38 - Category is Category(id=1, title=exhibition)
2021-10-30 15:29:21 DEBUG CategoryServiceImpl:26 - Call method getCategoryById() with id = 1
2021-10-30 15:29:21 DEBUG CategoryServiceImpl:44 - Call method inputValidate() with id = 1
2021-10-30 15:29:58 DEBUG CategoryServiceImpl:26 - Call method getCategoryById() with id = 1
2021-10-30 15:29:58 DEBUG CategoryServiceImpl:44 - Call method inputValidate() with id = 1
2021-10-30 15:31:25 DEBUG CategoryServiceImpl:26 - Call method getCategoryById() with id = 1
2021-10-30 15:31:25 DEBUG CategoryServiceImpl:44 - Call method inputValidate() with id = 1
2021-10-31 10:15:00 DEBUG CategoryServiceImpl:26 - Call method getCategoryById() with id = 1
2021-10-31 10:15:00 DEBUG CategoryServiceImpl:44 - Call method inputValidate() with id = 1
2021-10-31 10:15:00 DEBUG CategoryServiceImpl:38 - Category is Category(id=1, title=exhibition)
2021-10-31 10:16:20 DEBUG CategoryServiceImpl:26 - Call method getCategoryById() with id = 1
2021-10-31 10:16:20 DEBUG CategoryServiceImpl:44 - Call method inputValidate() with id = 1
2021-10-31 10:16:20 DEBUG CategoryServiceImpl:38 - Category is Category(id=1, title=exhibition)
2021-10-31 10:27:19 DEBUG CategoryServiceImpl:26 - Call method getCategoryById() with id = -1
2021-10-31 10:27:19 DEBUG CategoryServiceImpl:44 - Call method inputValidate() with id = -1
2021-10-31 10:27:19 ERROR CategoryServiceImpl:46 - -1is less or equals zero
2021-10-31 11:09:41 DEBUG CategoryServiceImpl:26 - Call method getCategoryById() with id = -1
2021-10-31 11:09:41 DEBUG CategoryServiceImpl:44 - Call method inputValidate() with id = -1
2021-10-31 11:09:41 ERROR CategoryServiceImpl:46 - id can not be less or equals zero
2021-10-31 11:10:01 DEBUG CategoryServiceImpl:26 - Call method getCategoryById() with id = -1
2021-10-31 11:10:01 DEBUG CategoryServiceImpl:44 - Call method inputValidate() with id = -1
2021-10-31 11:10:01 ERROR CategoryServiceImpl:46 - id can not be less or equals zero
2021-10-31 11:10:25 DEBUG CategoryServiceImpl:26 - Call method getCategoryById() with id = -1
2021-10-31 11:10:25 DEBUG CategoryServiceImpl:44 - Call method inputValidate() with id = -1
2021-10-31 11:10:25 ERROR CategoryServiceImpl:46 - id can not be less or equals zero
2021-10-31 11:24:03 DEBUG CategoryServiceImpl:53 - Call method findAllCategories()
2021-10-31 11:24:03 DEBUG CategoryServiceImpl:63 - Categories are [Category(id=4, title=Art concert), Category(id=1, title=exhibition), Category(id=2, title=movie), Category(id=3, title=theatre)]
2021-10-31 11:26:51 DEBUG CategoryServiceImpl:53 - Call method findAllCategories()
2021-10-31 11:26:51 DEBUG CategoryServiceImpl:63 - Categories are [Category(id=4, title=Art concert), Category(id=1, title=exhibition)]
2021-10-31 11:28:13 DEBUG CategoryServiceImpl:53 - Call method findAllCategories()
2021-10-31 11:28:13 DEBUG CategoryServiceImpl:63 - Categories are [Category(id=1, title=exhibition), Category(id=2, title=movie), Category(id=3, title=theatre), Category(id=4, title=Art concert)]
2021-10-31 11:29:07 DEBUG CategoryServiceImpl:53 - Call method findAllCategories()
2021-10-31 11:29:07 DEBUG CategoryServiceImpl:63 - Categories are [Category(id=1, title=exhibition), Category(id=2, title=movie), Category(id=3, title=theatre), Category(id=4, title=Art concert)]
2021-10-31 12:24:46 DEBUG CategoryServiceImpl:26 - Call method getCategoryById() with id = 1
2021-10-31 12:24:46 DEBUG CategoryServiceImpl:47 - Call method inputValidate() with id = 1
2021-10-31 12:24:46 DEBUG CategoryServiceImpl:41 - Category is Category(id=1, title=exhibition)
2021-10-31 12:24:54 DEBUG CategoryServiceImpl:56 - Call method findAllCategories()
2021-10-31 12:24:54 DEBUG CategoryServiceImpl:66 - Categories are [Category(id=4, title=Art concert), Category(id=1, title=exhibition), Category(id=2, title=movie), Category(id=3, title=theatre)]
2021-10-31 12:24:54 DEBUG CategoryServiceImpl:56 - Call method findAllCategories()
2021-10-31 12:24:54 DEBUG CategoryServiceImpl:66 - Categories are [Category(id=4, title=Art concert), Category(id=1, title=exhibition)]
2021-10-31 12:24:54 DEBUG CategoryServiceImpl:26 - Call method getCategoryById() with id = -1
2021-10-31 12:24:54 DEBUG CategoryServiceImpl:47 - Call method inputValidate() with id = -1
2021-10-31 12:24:54 ERROR CategoryServiceImpl:49 - id can not be less or equals zero
2021-10-31 12:24:54 DEBUG CategoryServiceImpl:56 - Call method findAllCategories()
2021-10-31 12:24:54 DEBUG CategoryServiceImpl:66 - Categories are [Category(id=1, title=exhibition), Category(id=2, title=movie), Category(id=3, title=theatre), Category(id=4, title=Art concert)]
2021-10-31 12:24:54 DEBUG CategoryServiceImpl:56 - Call method findAllCategories()
2021-10-31 12:24:54 DEBUG CategoryServiceImpl:66 - Categories are [Category(id=1, title=exhibition), Category(id=2, title=movie), Category(id=3, title=theatre), Category(id=4, title=Art concert)]
2021-10-31 12:24:54 DEBUG CategoryServiceImpl:26 - Call method getCategoryById() with id = 1
2021-10-31 12:24:54 DEBUG CategoryServiceImpl:47 - Call method inputValidate() with id = 1
2021-10-31 12:24:54 DEBUG CategoryServiceImpl:41 - Category is Category(id=1, title=exhibition)
2021-10-31 12:34:16 DEBUG CategoryServiceImpl:73 - Call method saveCategory() for category with id = 5
2021-10-31 12:34:16 DEBUG CategoryServiceImpl:47 - Call method inputValidate() with id = 5
2021-10-31 12:34:16 DEBUG CategoryServiceImpl:103 - Call method updateCategory() for category with id = 5
2021-10-31 12:34:16 DEBUG CategoryServiceImpl:112 - Category(id=5, title=opera)is updated in DB
2021-10-31 12:36:34 DEBUG CategoryServiceImpl:73 - Call method saveCategory() for category with id = 5
2021-10-31 12:36:35 DEBUG CategoryServiceImpl:47 - Call method inputValidate() with id = 5
2021-10-31 12:36:57 DEBUG CategoryServiceImpl:103 - Call method updateCategory() for category with id = 5
2021-10-31 12:36:57 DEBUG CategoryServiceImpl:112 - Category(id=5, title=opera) is updated in DB
2021-10-31 12:37:58 DEBUG CategoryServiceImpl:73 - Call method saveCategory() for category with id = 5
2021-10-31 12:37:58 DEBUG CategoryServiceImpl:47 - Call method inputValidate() with id = 5
2021-10-31 12:37:58 DEBUG CategoryServiceImpl:103 - Call method updateCategory() for category with id = 5
2021-10-31 12:37:58 DEBUG CategoryServiceImpl:112 - Category(id=5, title=opera) is updated in DB
2021-10-31 12:38:37 DEBUG CategoryServiceImpl:73 - Call method saveCategory() for category with id = 5
2021-10-31 12:38:37 DEBUG CategoryServiceImpl:47 - Call method inputValidate() with id = 5
2021-10-31 12:38:58 DEBUG CategoryServiceImpl:103 - Call method updateCategory() for category with id = 5
2021-10-31 12:38:58 DEBUG CategoryServiceImpl:112 - Category(id=5, title=opera) is updated in DB
2021-10-31 12:39:59 DEBUG CategoryServiceImpl:73 - Call method saveCategory() for category with id = 5
2021-10-31 12:39:59 DEBUG CategoryServiceImpl:47 - Call method inputValidate() with id = 5
2021-10-31 12:39:59 DEBUG CategoryServiceImpl:89 - Call method saveNewCategory() for category with id = 5
2021-10-31 12:39:59 DEBUG CategoryServiceImpl:98 - Category(id=5, title=opera) is added in DB
2021-10-31 12:43:44 DEBUG CategoryServiceImpl:73 - Call method saveCategory() for category with id = 1
2021-10-31 12:43:44 DEBUG CategoryServiceImpl:47 - Call method inputValidate() with id = 1
2021-10-31 12:43:44 DEBUG CategoryServiceImpl:103 - Call method updateCategory() for category with id = 1
2021-10-31 12:43:44 DEBUG CategoryServiceImpl:112 - Category(id=1, title=exhibition) is updated in DB
2021-10-31 12:43:56 DEBUG CategoryServiceImpl:73 - Call method saveCategory() for category with id = 5
2021-10-31 12:43:56 DEBUG CategoryServiceImpl:47 - Call method inputValidate() with id = 5
2021-10-31 12:43:56 DEBUG CategoryServiceImpl:89 - Call method saveNewCategory() for category with id = 5
2021-10-31 12:43:56 DEBUG CategoryServiceImpl:98 - Category(id=5, title=opera) is added in DB
2021-10-31 12:45:12 DEBUG CategoryServiceImpl:73 - Call method saveCategory() for category with id = 1
2021-10-31 12:45:12 DEBUG CategoryServiceImpl:47 - Call method inputValidate() with id = 1
2021-10-31 12:45:12 DEBUG CategoryServiceImpl:103 - Call method updateCategory() for category with id = 1
2021-10-31 12:45:12 DEBUG CategoryServiceImpl:112 - Category(id=1, title=opera) is updated in DB
2021-10-31 12:48:28 DEBUG CategoryServiceImpl:73 - Call method saveCategory() for category with id = 1
2021-10-31 12:48:28 DEBUG CategoryServiceImpl:47 - Call method inputValidate() with id = 1
2021-10-31 12:48:28 DEBUG CategoryServiceImpl:103 - Call method updateCategory() for category with id = 1
2021-10-31 12:48:28 DEBUG CategoryServiceImpl:112 - Category(id=1, title=opera) is updated in DB
2021-10-31 12:49:37 DEBUG CategoryServiceImpl:56 - Call method findAllCategories()
2021-10-31 12:49:37 DEBUG CategoryServiceImpl:66 - Categories are [Category(id=4, title=Art concert), Category(id=1, title=exhibition), Category(id=2, title=movie), Category(id=3, title=theatre)]
2021-10-31 12:49:37 DEBUG CategoryServiceImpl:73 - Call method saveCategory() for category with id = 1
2021-10-31 12:49:37 DEBUG CategoryServiceImpl:47 - Call method inputValidate() with id = 1
2021-10-31 12:49:37 DEBUG CategoryServiceImpl:103 - Call method updateCategory() for category with id = 1
2021-10-31 12:49:37 DEBUG CategoryServiceImpl:112 - Category(id=1, title=opera) is updated in DB
2021-10-31 12:49:37 DEBUG CategoryServiceImpl:56 - Call method findAllCategories()
2021-10-31 12:49:37 DEBUG CategoryServiceImpl:66 - Categories are [Category(id=4, title=Art concert), Category(id=1, title=exhibition)]
2021-10-31 12:49:37 DEBUG CategoryServiceImpl:26 - Call method getCategoryById() with id = -1
2021-10-31 12:49:37 DEBUG CategoryServiceImpl:47 - Call method inputValidate() with id = -1
2021-10-31 12:49:37 ERROR CategoryServiceImpl:49 - id can not be less or equals zero
2021-10-31 12:49:37 DEBUG CategoryServiceImpl:73 - Call method saveCategory() for category with id = 5
2021-10-31 12:49:37 DEBUG CategoryServiceImpl:47 - Call method inputValidate() with id = 5
2021-10-31 12:49:37 DEBUG CategoryServiceImpl:89 - Call method saveNewCategory() for category with id = 5
2021-10-31 12:49:37 DEBUG CategoryServiceImpl:98 - Category(id=5, title=opera) is added in DB
2021-10-31 12:49:37 DEBUG CategoryServiceImpl:56 - Call method findAllCategories()
2021-10-31 12:49:37 DEBUG CategoryServiceImpl:66 - Categories are [Category(id=1, title=exhibition), Category(id=2, title=movie), Category(id=3, title=theatre), Category(id=4, title=Art concert)]
2021-10-31 12:49:37 DEBUG CategoryServiceImpl:56 - Call method findAllCategories()
2021-10-31 12:49:37 DEBUG CategoryServiceImpl:66 - Categories are [Category(id=1, title=exhibition), Category(id=2, title=movie), Category(id=3, title=theatre), Category(id=4, title=Art concert)]
2021-10-31 12:49:37 DEBUG CategoryServiceImpl:26 - Call method getCategoryById() with id = 1
2021-10-31 12:49:37 DEBUG CategoryServiceImpl:47 - Call method inputValidate() with id = 1
2021-10-31 12:49:37 DEBUG CategoryServiceImpl:41 - Category is Category(id=1, title=exhibition)
2021-10-31 13:08:12 DEBUG CategoryServiceImpl:73 - Call method saveCategory() for category with id = 5
2021-10-31 13:08:12 DEBUG CategoryServiceImpl:47 - Call method inputValidate() with id = 5
2021-10-31 13:08:12 DEBUG CategoryServiceImpl:94 - Call method saveNewCategory() for category with id = 5
2021-10-31 13:08:12 DEBUG CategoryServiceImpl:103 - Category(id=5, title=opera) is added in DB
2021-10-31 13:08:24 DEBUG CategoryServiceImpl:73 - Call method saveCategory() for category with id = 1
2021-10-31 13:08:24 DEBUG CategoryServiceImpl:47 - Call method inputValidate() with id = 1
2021-10-31 13:08:24 DEBUG CategoryServiceImpl:108 - Call method updateCategory() for category with id = 1
2021-10-31 13:08:24 DEBUG CategoryServiceImpl:117 - Category(id=1, title=opera) is updated in DB
2021-10-31 13:09:17 DEBUG CategoryServiceImpl:73 - Call method saveCategory() for category with id = 1
2021-10-31 13:09:17 DEBUG CategoryServiceImpl:47 - Call method inputValidate() with id = 1
2021-10-31 13:09:17 DEBUG CategoryServiceImpl:108 - Call method updateCategory() for category with id = 1
2021-10-31 13:09:17 DEBUG CategoryServiceImpl:117 - Category(id=1, title=opera) is updated in DB
2021-10-31 13:09:30 DEBUG CategoryServiceImpl:56 - Call method findAllCategories()
2021-10-31 13:09:31 DEBUG CategoryServiceImpl:66 - Categories are [Category(id=4, title=Art concert), Category(id=1, title=exhibition), Category(id=2, title=movie), Category(id=3, title=theatre)]
2021-10-31 13:09:31 DEBUG CategoryServiceImpl:73 - Call method saveCategory() for category with id = 1
2021-10-31 13:09:31 DEBUG CategoryServiceImpl:47 - Call method inputValidate() with id = 1
2021-10-31 13:09:31 DEBUG CategoryServiceImpl:108 - Call method updateCategory() for category with id = 1
2021-10-31 13:09:31 DEBUG CategoryServiceImpl:117 - Category(id=1, title=opera) is updated in DB
2021-10-31 13:09:31 DEBUG CategoryServiceImpl:56 - Call method findAllCategories()
2021-10-31 13:09:31 DEBUG CategoryServiceImpl:66 - Categories are [Category(id=4, title=Art concert), Category(id=1, title=exhibition)]
2021-10-31 13:09:31 DEBUG CategoryServiceImpl:26 - Call method getCategoryById() with id = -1
2021-10-31 13:09:31 DEBUG CategoryServiceImpl:47 - Call method inputValidate() with id = -1
2021-10-31 13:09:31 ERROR CategoryServiceImpl:49 - id can not be less or equals zero
2021-10-31 13:09:31 DEBUG CategoryServiceImpl:73 - Call method saveCategory() for category with id = 5
2021-10-31 13:09:31 DEBUG CategoryServiceImpl:47 - Call method inputValidate() with id = 5
2021-10-31 13:09:31 DEBUG CategoryServiceImpl:94 - Call method saveNewCategory() for category with id = 5
2021-10-31 13:09:31 DEBUG CategoryServiceImpl:103 - Category(id=5, title=opera) is added in DB
2021-10-31 13:09:31 DEBUG CategoryServiceImpl:56 - Call method findAllCategories()
2021-10-31 13:09:31 DEBUG CategoryServiceImpl:66 - Categories are [Category(id=1, title=exhibition), Category(id=2, title=movie), Category(id=3, title=theatre), Category(id=4, title=Art concert)]
2021-10-31 13:09:31 DEBUG CategoryServiceImpl:56 - Call method findAllCategories()
2021-10-31 13:09:31 DEBUG CategoryServiceImpl:66 - Categories are [Category(id=1, title=exhibition), Category(id=2, title=movie), Category(id=3, title=theatre), Category(id=4, title=Art concert)]
2021-10-31 13:09:31 DEBUG CategoryServiceImpl:26 - Call method getCategoryById() with id = 1
2021-10-31 13:09:31 DEBUG CategoryServiceImpl:47 - Call method inputValidate() with id = 1
2021-10-31 13:09:31 DEBUG CategoryServiceImpl:41 - Category is Category(id=1, title=exhibition)
2021-10-31 13:12:31 DEBUG CategoryServiceImpl:123 - Call method deleteCategoryById() with id = 1
2021-10-31 13:12:31 DEBUG CategoryServiceImpl:47 - Call method inputValidate() with id = 1
2021-10-31 13:12:31 DEBUG CategoryServiceImpl:133 - Category with id = 1 is deleted in DB
2021-10-31 13:14:00 DEBUG CategoryServiceImpl:123 - Call method deleteCategoryById() with id = 1
2021-10-31 13:14:01 DEBUG CategoryServiceImpl:47 - Call method inputValidate() with id = 1
2021-10-31 13:16:39 DEBUG CategoryServiceImpl:73 - Call method saveCategory() for category with id = -1
2021-10-31 13:16:39 DEBUG CategoryServiceImpl:47 - Call method inputValidate() with id = -1
2021-10-31 13:16:39 ERROR CategoryServiceImpl:49 - id can not be less or equals zero
2021-10-31 13:16:48 DEBUG CategoryServiceImpl:133 - Category with id = 1 is deleted in DB
2021-10-31 13:18:47 DEBUG CategoryServiceImpl:73 - Call method saveCategory() for category with id = -1
2021-10-31 13:18:47 DEBUG CategoryServiceImpl:47 - Call method inputValidate() with id = -1
2021-10-31 13:18:47 ERROR CategoryServiceImpl:49 - id can not be less or equals zero
2021-10-31 13:20:47 DEBUG CategoryServiceImpl:123 - Call method deleteCategoryById() with id = -1
2021-10-31 13:20:47 DEBUG CategoryServiceImpl:47 - Call method inputValidate() with id = -1
2021-10-31 13:20:47 ERROR CategoryServiceImpl:49 - id can not be less or equals zero
2021-10-31 13:21:09 DEBUG CategoryServiceImpl:56 - Call method findAllCategories()
2021-10-31 13:21:09 DEBUG CategoryServiceImpl:66 - Categories are [Category(id=4, title=Art concert), Category(id=1, title=exhibition), Category(id=2, title=movie), Category(id=3, title=theatre)]
2021-10-31 13:21:09 DEBUG CategoryServiceImpl:73 - Call method saveCategory() for category with id = 1
2021-10-31 13:21:09 DEBUG CategoryServiceImpl:47 - Call method inputValidate() with id = 1
2021-10-31 13:21:09 DEBUG CategoryServiceImpl:108 - Call method updateCategory() for category with id = 1
2021-10-31 13:21:09 DEBUG CategoryServiceImpl:117 - Category(id=1, title=opera) is updated in DB
2021-10-31 13:21:09 DEBUG CategoryServiceImpl:123 - Call method deleteCategoryById() with id = -1
2021-10-31 13:21:09 DEBUG CategoryServiceImpl:47 - Call method inputValidate() with id = -1
2021-10-31 13:21:09 ERROR CategoryServiceImpl:49 - id can not be less or equals zero
2021-10-31 13:21:09 DEBUG CategoryServiceImpl:56 - Call method findAllCategories()
2021-10-31 13:21:09 DEBUG CategoryServiceImpl:66 - Categories are [Category(id=4, title=Art concert), Category(id=1, title=exhibition)]
2021-10-31 13:21:09 DEBUG CategoryServiceImpl:26 - Call method getCategoryById() with id = -1
2021-10-31 13:21:09 DEBUG CategoryServiceImpl:47 - Call method inputValidate() with id = -1
2021-10-31 13:21:09 ERROR CategoryServiceImpl:49 - id can not be less or equals zero
2021-10-31 13:21:09 DEBUG CategoryServiceImpl:73 - Call method saveCategory() for category with id = 5
2021-10-31 13:21:09 DEBUG CategoryServiceImpl:47 - Call method inputValidate() with id = 5
2021-10-31 13:21:09 DEBUG CategoryServiceImpl:94 - Call method saveNewCategory() for category with id = 5
2021-10-31 13:21:09 DEBUG CategoryServiceImpl:103 - Category(id=5, title=opera) is added in DB
2021-10-31 13:21:09 DEBUG CategoryServiceImpl:56 - Call method findAllCategories()
2021-10-31 13:21:09 DEBUG CategoryServiceImpl:66 - Categories are [Category(id=1, title=exhibition), Category(id=2, title=movie), Category(id=3, title=theatre), Category(id=4, title=Art concert)]
2021-10-31 13:21:09 DEBUG CategoryServiceImpl:73 - Call method saveCategory() for category with id = -1
2021-10-31 13:21:09 DEBUG CategoryServiceImpl:47 - Call method inputValidate() with id = -1
2021-10-31 13:21:09 ERROR CategoryServiceImpl:49 - id can not be less or equals zero
2021-10-31 13:21:09 DEBUG CategoryServiceImpl:123 - Call method deleteCategoryById() with id = 1
2021-10-31 13:21:09 DEBUG CategoryServiceImpl:47 - Call method inputValidate() with id = 1
2021-10-31 13:21:09 DEBUG CategoryServiceImpl:133 - Category with id = 1 is deleted in DB
2021-10-31 13:21:09 DEBUG CategoryServiceImpl:56 - Call method findAllCategories()
2021-10-31 13:21:09 DEBUG CategoryServiceImpl:66 - Categories are [Category(id=1, title=exhibition), Category(id=2, title=movie), Category(id=3, title=theatre), Category(id=4, title=Art concert)]
2021-10-31 13:21:09 DEBUG CategoryServiceImpl:26 - Call method getCategoryById() with id = 1
2021-10-31 13:21:09 DEBUG CategoryServiceImpl:47 - Call method inputValidate() with id = 1
2021-10-31 13:21:09 DEBUG CategoryServiceImpl:41 - Category is Category(id=1, title=exhibition)
2021-10-31 14:43:18 DEBUG CategoryServiceImpl:56 - Call method findAllCategories()
2021-10-31 14:43:18 DEBUG CategoryServiceImpl:66 - Categories are [Category(id=4, title=Art concert), Category(id=1, title=exhibition), Category(id=2, title=movie), Category(id=3, title=theatre)]
2021-10-31 14:43:18 DEBUG CategoryServiceImpl:73 - Call method saveCategory() for category with id = 1
2021-10-31 14:43:18 DEBUG CategoryServiceImpl:47 - Call method inputValidate() with id = 1
2021-10-31 14:43:18 DEBUG CategoryServiceImpl:108 - Call method updateCategory() for category with id = 1
2021-10-31 14:43:18 DEBUG CategoryServiceImpl:117 - Category(id=1, title=opera) is updated in DB
2021-10-31 14:43:18 DEBUG CategoryServiceImpl:123 - Call method deleteCategoryById() with id = -1
2021-10-31 14:43:18 DEBUG CategoryServiceImpl:47 - Call method inputValidate() with id = -1
2021-10-31 14:43:18 ERROR CategoryServiceImpl:49 - id can not be less or equals zero
2021-10-31 14:43:18 DEBUG CategoryServiceImpl:56 - Call method findAllCategories()
2021-10-31 14:43:18 DEBUG CategoryServiceImpl:66 - Categories are [Category(id=4, title=Art concert), Category(id=1, title=exhibition)]
2021-10-31 14:43:18 DEBUG CategoryServiceImpl:26 - Call method getCategoryById() with id = -1
2021-10-31 14:43:18 DEBUG CategoryServiceImpl:47 - Call method inputValidate() with id = -1
2021-10-31 14:43:18 ERROR CategoryServiceImpl:49 - id can not be less or equals zero
2021-10-31 14:43:18 DEBUG CategoryServiceImpl:73 - Call method saveCategory() for category with id = 5
2021-10-31 14:43:18 DEBUG CategoryServiceImpl:47 - Call method inputValidate() with id = 5
2021-10-31 14:43:18 DEBUG CategoryServiceImpl:94 - Call method saveNewCategory() for category with id = 5
2021-10-31 14:43:18 DEBUG CategoryServiceImpl:103 - Category(id=5, title=opera) is added in DB
2021-10-31 14:43:18 DEBUG CategoryServiceImpl:56 - Call method findAllCategories()
2021-10-31 14:43:18 DEBUG CategoryServiceImpl:66 - Categories are [Category(id=1, title=exhibition), Category(id=2, title=movie), Category(id=3, title=theatre), Category(id=4, title=Art concert)]
2021-10-31 14:43:18 DEBUG CategoryServiceImpl:73 - Call method saveCategory() for category with id = -1
2021-10-31 14:43:18 DEBUG CategoryServiceImpl:47 - Call method inputValidate() with id = -1
2021-10-31 14:43:18 ERROR CategoryServiceImpl:49 - id can not be less or equals zero
2021-10-31 14:43:18 DEBUG CategoryServiceImpl:123 - Call method deleteCategoryById() with id = 1
2021-10-31 14:43:18 DEBUG CategoryServiceImpl:47 - Call method inputValidate() with id = 1
2021-10-31 14:43:18 DEBUG CategoryServiceImpl:133 - Category with id = 1 is deleted in DB
2021-10-31 14:43:18 DEBUG CategoryServiceImpl:56 - Call method findAllCategories()
2021-10-31 14:43:18 DEBUG CategoryServiceImpl:66 - Categories are [Category(id=1, title=exhibition), Category(id=2, title=movie), Category(id=3, title=theatre), Category(id=4, title=Art concert)]
2021-10-31 14:43:18 DEBUG CategoryServiceImpl:26 - Call method getCategoryById() with id = 1
2021-10-31 14:43:18 DEBUG CategoryServiceImpl:47 - Call method inputValidate() with id = 1
2021-10-31 14:43:18 DEBUG CategoryServiceImpl:41 - Category is Category(id=1, title=exhibition)
2021-10-31 14:54:56 DEBUG LocationServiceImpl:26 - Call method getLocationById() with id = 100
2021-10-31 14:54:56 DEBUG LocationServiceImpl:47 - Call method inputValidate() with id = 100
2021-10-31 14:54:56 DEBUG LocationServiceImpl:41 - Location isLocation(id=100, title=Drunk oyster, workingHours=08:00-22:00, type=bar, address=FooBar street, description=description test, capacityPeople=300)
2021-10-31 14:56:15 DEBUG LocationServiceImpl:26 - Call method getLocationById() with id = -1
2021-10-31 14:56:15 DEBUG LocationServiceImpl:47 - Call method inputValidate() with id = -1
2021-10-31 14:56:15 ERROR LocationServiceImpl:49 - id can not be less or equals zero
2021-10-31 14:59:52 DEBUG LocationServiceImpl:56 - Call method findAllLocations()
2021-10-31 14:59:52 DEBUG LocationServiceImpl:66 - Locations are [Location(id=100, title=Drunk oyster, workingHours=08:00-22:00, type=bar, address=FooBar street, description=description test, capacityPeople=300), Location(id=101, title=Moes, workingHours=06:00-00:00, type=tavern, address=the great street, description=description bla bla bla for test, capacityPeople=750)]
2021-10-31 15:04:08 DEBUG LocationServiceImpl:56 - Call method findAllLocations()
2021-10-31 15:04:08 DEBUG LocationServiceImpl:66 - Locations are [Location(id=100, title=Drunk oyster, workingHours=08:00-22:00, type=bar, address=FooBar street, description=description test, capacityPeople=300), Location(id=101, title=Moes, workingHours=06:00-00:00, type=tavern, address=the great street, description=description bla bla bla for test, capacityPeople=750)]
2021-10-31 15:05:33 DEBUG LocationServiceImpl:56 - Call method findAllLocations()
2021-10-31 15:05:33 DEBUG LocationServiceImpl:66 - Locations are [Location(id=100, title=Drunk oyster, workingHours=08:00-22:00, type=bar, address=FooBar street, description=description test, capacityPeople=300), Location(id=101, title=Moes, workingHours=06:00-00:00, type=tavern, address=the great street, description=description bla bla bla for test, capacityPeople=750)]
2021-10-31 15:07:49 DEBUG LocationServiceImpl:56 - Call method findAllLocations()
2021-10-31 15:07:49 DEBUG LocationServiceImpl:66 - Locations are [Location(id=100, title=Drunk oyster, workingHours=08:00-22:00, type=bar, address=FooBar street, description=description test, capacityPeople=300)]
2021-10-31 15:17:12 DEBUG LocationServiceImpl:73 - Call method saveLocation() for location with id = 102
2021-10-31 15:17:12 DEBUG LocationServiceImpl:79 - Call method validate() for location with id = 102
2021-10-31 15:17:12 DEBUG LocationServiceImpl:47 - Call method inputValidate() with id = 102
2021-10-31 15:17:12 DEBUG LocationServiceImpl:95 - Call method saveNewLocation() for location with id = 102
2021-10-31 15:17:12 DEBUG LocationServiceImpl:104 - Location(id=102, title=Green sleeve, workingHours=10:00-15:00, type=restaurant, address=Derzhavina str., 13, description=The first Irish pub in the city, capacityPeople=1200)is added in DB
2021-10-31 15:20:15 DEBUG LocationServiceImpl:73 - Call method saveLocation() for location with id = -102
2021-10-31 15:20:15 DEBUG LocationServiceImpl:79 - Call method validate() for location with id = -102
2021-10-31 15:20:15 DEBUG LocationServiceImpl:47 - Call method validateId() with id = -102
2021-10-31 15:20:15 ERROR LocationServiceImpl:49 - id can not be less or equals zero
2021-10-31 15:25:10 DEBUG LocationServiceImpl:73 - Call method saveLocation() for location with id = 100
2021-10-31 15:25:10 DEBUG LocationServiceImpl:79 - Call method validate() for location with id = 100
2021-10-31 15:25:10 DEBUG LocationServiceImpl:47 - Call method validateId() with id = 100
2021-10-31 15:25:10 DEBUG LocationServiceImpl:109 - Call method updateLocation() for location with id = 100
2021-10-31 15:25:10 DEBUG LocationServiceImpl:118 - Location(id=100, title=Green sleeve, workingHours=10:00-15:00, type=restaurant, address=Derzhavina str., 13, description=The first Irish pub in the city, capacityPeople=1200)is updated in DB
2021-10-31 15:28:05 DEBUG LocationServiceImpl:124 - Call method deleteLocationById() with id = 100
2021-10-31 15:28:05 DEBUG LocationServiceImpl:132 - Location with id = 100 is deleted in DB
2021-10-31 15:28:55 DEBUG LocationServiceImpl:124 - Call method deleteLocationById() with id = -1
2021-10-31 15:28:55 DEBUG LocationServiceImpl:132 - Location with id = -1 is deleted in DB
2021-10-31 15:29:34 DEBUG LocationServiceImpl:124 - Call method deleteLocationById() with id = -1
2021-10-31 15:29:34 DEBUG LocationServiceImpl:47 - Call method validateId() with id = -1
2021-10-31 15:29:34 ERROR LocationServiceImpl:49 - id can not be less or equals zero
2021-10-31 15:30:53 DEBUG LocationServiceImpl:56 - Call method findAllLocations()
2021-10-31 15:30:53 DEBUG LocationServiceImpl:66 - Locations are [Location(id=100, title=Drunk oyster, workingHours=08:00-22:00, type=bar, address=FooBar street, description=description test, capacityPeople=300), Location(id=101, title=Moes, workingHours=06:00-00:00, type=tavern, address=the great street, description=description bla bla bla for test, capacityPeople=750)]
2021-10-31 15:30:53 DEBUG LocationServiceImpl:73 - Call method saveLocation() for location with id = 100
2021-10-31 15:30:53 DEBUG LocationServiceImpl:79 - Call method validate() for location with id = 100
2021-10-31 15:30:53 DEBUG LocationServiceImpl:47 - Call method validateId() with id = 100
2021-10-31 15:30:53 DEBUG LocationServiceImpl:109 - Call method updateLocation() for location with id = 100
2021-10-31 15:30:53 DEBUG LocationServiceImpl:118 - Location(id=100, title=Green sleeve, workingHours=10:00-15:00, type=restaurant, address=Derzhavina str., 13, description=The first Irish pub in the city, capacityPeople=1200)is updated in DB
2021-10-31 15:30:53 DEBUG LocationServiceImpl:124 - Call method deleteLocationById() with id = 100
2021-10-31 15:30:53 DEBUG LocationServiceImpl:47 - Call method validateId() with id = 100
2021-10-31 15:30:53 DEBUG LocationServiceImpl:134 - Location with id = 100 is deleted in DB
2021-10-31 15:30:53 DEBUG LocationServiceImpl:56 - Call method findAllLocations()
2021-10-31 15:30:53 DEBUG LocationServiceImpl:66 - Locations are [Location(id=100, title=Drunk oyster, workingHours=08:00-22:00, type=bar, address=FooBar street, description=description test, capacityPeople=300)]
2021-10-31 15:30:53 DEBUG LocationServiceImpl:56 - Call method findAllLocations()
2021-10-31 15:30:53 DEBUG LocationServiceImpl:66 - Locations are [Location(id=100, title=Drunk oyster, workingHours=08:00-22:00, type=bar, address=FooBar street, description=description test, capacityPeople=300), Location(id=101, title=Moes, workingHours=06:00-00:00, type=tavern, address=the great street, description=description bla bla bla for test, capacityPeople=750)]
2021-10-31 15:30:53 DEBUG LocationServiceImpl:26 - Call method getLocationById() with id = 100
2021-10-31 15:30:53 DEBUG LocationServiceImpl:47 - Call method validateId() with id = 100
2021-10-31 15:30:53 DEBUG LocationServiceImpl:41 - Location is Location(id=100, title=Drunk oyster, workingHours=08:00-22:00, type=bar, address=FooBar street, description=description test, capacityPeople=300)
2021-10-31 15:30:53 DEBUG LocationServiceImpl:124 - Call method deleteLocationById() with id = -1
2021-10-31 15:30:53 DEBUG LocationServiceImpl:47 - Call method validateId() with id = -1
2021-10-31 15:30:53 ERROR LocationServiceImpl:49 - id can not be less or equals zero
2021-10-31 15:30:53 DEBUG LocationServiceImpl:73 - Call method saveLocation() for location with id = -102
2021-10-31 15:30:53 DEBUG LocationServiceImpl:79 - Call method validate() for location with id = -102
2021-10-31 15:30:53 DEBUG LocationServiceImpl:47 - Call method validateId() with id = -102
2021-10-31 15:30:53 ERROR LocationServiceImpl:49 - id can not be less or equals zero
2021-10-31 15:30:53 DEBUG LocationServiceImpl:26 - Call method getLocationById() with id = -1
2021-10-31 15:30:53 DEBUG LocationServiceImpl:47 - Call method validateId() with id = -1
2021-10-31 15:30:53 ERROR LocationServiceImpl:49 - id can not be less or equals zero
2021-10-31 15:30:54 DEBUG LocationServiceImpl:73 - Call method saveLocation() for location with id = 102
2021-10-31 15:30:54 DEBUG LocationServiceImpl:79 - Call method validate() for location with id = 102
2021-10-31 15:30:54 DEBUG LocationServiceImpl:47 - Call method validateId() with id = 102
2021-10-31 15:30:54 DEBUG LocationServiceImpl:95 - Call method saveNewLocation() for location with id = 102
2021-10-31 15:30:54 DEBUG LocationServiceImpl:104 - Location(id=102, title=Green sleeve, workingHours=10:00-15:00, type=restaurant, address=Derzhavina str., 13, description=The first Irish pub in the city, capacityPeople=1200)is added in DB
2021-10-31 15:30:54 DEBUG LocationServiceImpl:56 - Call method findAllLocations()
2021-10-31 15:30:54 DEBUG LocationServiceImpl:66 - Locations are [Location(id=100, title=Drunk oyster, workingHours=08:00-22:00, type=bar, address=FooBar street, description=description test, capacityPeople=300), Location(id=101, title=Moes, workingHours=06:00-00:00, type=tavern, address=the great street, description=description bla bla bla for test, capacityPeople=750)]
2021-10-31 16:08:27 DEBUG TicketServiceImpl:26 - Call method getById() with id = 3000
2021-10-31 16:08:27 DEBUG TicketServiceImpl:47 - Call method validateId() with id = 3000
2021-10-31 16:08:27 DEBUG TicketServiceImpl:41 - Ticket isTicket(id=3000, eventName=Oxxxymiron concert, uniqueCode=123456789, creationDate=Mon Feb 17 20:45:00 MSK 1992, status=actual, userId=2000, eventId=1000)
2021-10-31 16:09:22 DEBUG TicketServiceImpl:26 - Call method getById() with id = -1
2021-10-31 16:09:22 DEBUG TicketServiceImpl:47 - Call method validateId() with id = -1
2021-10-31 16:09:22 ERROR TicketServiceImpl:49 - id can not be less or equals zero
2021-10-31 16:12:01 DEBUG TicketServiceImpl:56 - Call method findAll()
2021-10-31 16:12:01 DEBUG TicketServiceImpl:66 - Tickets are [Ticket(id=3001, eventName=Basta, uniqueCode=987654321, creationDate=Tue Feb 18 02:30:00 MSK 1986, status=cancelled, userId=2001, eventId=1001), Ticket(id=3000, eventName=Oxxxymiron concert, uniqueCode=123456789, creationDate=Mon Feb 17 20:45:00 MSK 1992, status=actual, userId=2000, eventId=1000)]
2021-10-31 16:13:23 DEBUG TicketServiceImpl:56 - Call method findAll()
2021-10-31 16:13:23 DEBUG TicketServiceImpl:66 - Tickets are [Ticket(id=3001, eventName=Basta, uniqueCode=987654321, creationDate=Tue Feb 18 02:30:00 MSK 1986, status=cancelled, userId=2001, eventId=1001), Ticket(id=3000, eventName=Oxxxymiron concert, uniqueCode=123456789, creationDate=Mon Feb 17 20:45:00 MSK 1992, status=actual, userId=2000, eventId=1000)]
2021-10-31 16:15:06 DEBUG TicketServiceImpl:56 - Call method findAll()
2021-10-31 16:15:06 DEBUG TicketServiceImpl:66 - Tickets are [Ticket(id=3000, eventName=Oxxxymiron concert, uniqueCode=123456789, creationDate=Mon Feb 17 20:45:00 MSK 1992, status=actual, userId=2000, eventId=1000), Ticket(id=3001, eventName=Basta, uniqueCode=987654321, creationDate=Tue Feb 18 02:30:00 MSK 1986, status=cancelled, userId=2001, eventId=1001)]
2021-10-31 16:16:06 DEBUG TicketServiceImpl:56 - Call method findAll()
2021-10-31 16:16:06 DEBUG TicketServiceImpl:66 - Tickets are [Ticket(id=3001, eventName=Basta, uniqueCode=987654321, creationDate=Tue Feb 18 02:30:00 MSK 1986, status=cancelled, userId=2001, eventId=1001)]
2021-10-31 16:22:37 DEBUG TicketServiceImpl:73 - Call method saveTicket() for ticket with id = 3002
2021-10-31 16:22:37 DEBUG TicketServiceImpl:79 - Call method validate() for ticket with id = 3002
2021-10-31 16:22:37 DEBUG TicketServiceImpl:47 - Call method validateId() with id = 3002
2021-10-31 16:22:37 DEBUG TicketServiceImpl:95 - Call method saveNewTicket() for ticket with id = 3002
2021-10-31 16:22:37 DEBUG TicketServiceImpl:104 - Ticket(id=3002, eventName=circus du soleil, uniqueCode=0000000000, creationDate=Mon Feb 17 16:30:00 MSK 1992, status=actual, userId=2000, eventId=1000)is added in DB
2021-10-31 16:25:01 DEBUG TicketServiceImpl:73 - Call method saveTicket() for ticket with id = -1
2021-10-31 16:25:01 DEBUG TicketServiceImpl:79 - Call method validate() for ticket with id = -1
2021-10-31 16:25:01 DEBUG TicketServiceImpl:47 - Call method validateId() with id = -1
2021-10-31 16:25:01 ERROR TicketServiceImpl:49 - id can not be less or equals zero
2021-10-31 16:27:55 DEBUG TicketServiceImpl:73 - Call method saveTicket() for ticket with id = 3000
2021-10-31 16:27:55 DEBUG TicketServiceImpl:79 - Call method validate() for ticket with id = 3000
2021-10-31 16:27:55 DEBUG TicketServiceImpl:47 - Call method validateId() with id = 3000
2021-10-31 16:27:55 DEBUG TicketServiceImpl:109 - Call method update() for ticket with id = 3000
2021-10-31 16:27:55 DEBUG TicketServiceImpl:118 - Ticket(id=3000, eventName=Comedy club, uniqueCode=111111111, creationDate=Wed Sep 01 22:13:00 MSK 2021, status=actual, userId=2000, eventId=1000)is updated in DB
2021-10-31 16:30:20 DEBUG TicketServiceImpl:124 - Call method deleteTicketById() with id = 3000
2021-10-31 16:30:20 DEBUG TicketServiceImpl:47 - Call method validateId() with id = 3000
2021-10-31 16:30:20 DEBUG TicketServiceImpl:134 - Ticket with id = 3000 is deleted in DB
2021-10-31 16:31:36 DEBUG TicketServiceImpl:124 - Call method deleteTicketById() with id = -3000
2021-10-31 16:31:36 DEBUG TicketServiceImpl:47 - Call method validateId() with id = -3000
2021-10-31 16:31:36 ERROR TicketServiceImpl:49 - id can not be less or equals zero
2021-10-31 16:32:33 DEBUG TicketServiceImpl:73 - Call method saveTicket() for ticket with id = 3000
2021-10-31 16:32:33 DEBUG TicketServiceImpl:79 - Call method validate() for ticket with id = 3000
2021-10-31 16:32:33 DEBUG TicketServiceImpl:47 - Call method validateId() with id = 3000
2021-10-31 16:32:33 DEBUG TicketServiceImpl:109 - Call method update() for ticket with id = 3000
2021-10-31 16:32:33 DEBUG TicketServiceImpl:118 - Ticket(id=3000, eventName=Comedy club, uniqueCode=111111111, creationDate=Wed Sep 01 22:13:00 MSK 2021, status=actual, userId=2000, eventId=1000) is updated in DB
2021-10-31 16:32:33 DEBUG TicketServiceImpl:124 - Call method deleteTicketById() with id = -3000
2021-10-31 16:32:33 DEBUG TicketServiceImpl:47 - Call method validateId() with id = -3000
2021-10-31 16:32:33 ERROR TicketServiceImpl:49 - id can not be less or equals zero
2021-10-31 16:32:33 DEBUG TicketServiceImpl:26 - Call method getById() with id = -1
2021-10-31 16:32:33 DEBUG TicketServiceImpl:47 - Call method validateId() with id = -1
2021-10-31 16:32:33 ERROR TicketServiceImpl:49 - id can not be less or equals zero
2021-10-31 16:32:33 DEBUG TicketServiceImpl:56 - Call method findAll()
2021-10-31 16:32:33 DEBUG TicketServiceImpl:66 - Tickets are [Ticket(id=3000, eventName=Oxxxymiron concert, uniqueCode=123456789, creationDate=Mon Feb 17 20:45:00 MSK 1992, status=actual, userId=2000, eventId=1000), Ticket(id=3001, eventName=Basta, uniqueCode=987654321, creationDate=Tue Feb 18 02:30:00 MSK 1986, status=cancelled, userId=2001, eventId=1001)]
2021-10-31 16:32:33 DEBUG TicketServiceImpl:124 - Call method deleteTicketById() with id = 3000
2021-10-31 16:32:33 DEBUG TicketServiceImpl:47 - Call method validateId() with id = 3000
2021-10-31 16:32:33 DEBUG TicketServiceImpl:134 - Ticket with id = 3000 is deleted in DB
2021-10-31 16:32:33 DEBUG TicketServiceImpl:73 - Call method saveTicket() for ticket with id = -1
2021-10-31 16:32:33 DEBUG TicketServiceImpl:79 - Call method validate() for ticket with id = -1
2021-10-31 16:32:33 DEBUG TicketServiceImpl:47 - Call method validateId() with id = -1
2021-10-31 16:32:33 ERROR TicketServiceImpl:49 - id can not be less or equals zero
2021-10-31 16:32:33 DEBUG TicketServiceImpl:26 - Call method getById() with id = 3000
2021-10-31 16:32:33 DEBUG TicketServiceImpl:47 - Call method validateId() with id = 3000
2021-10-31 16:32:33 DEBUG TicketServiceImpl:41 - Ticket isTicket(id=3000, eventName=Oxxxymiron concert, uniqueCode=123456789, creationDate=Mon Feb 17 20:45:00 MSK 1992, status=actual, userId=2000, eventId=1000)
2021-10-31 16:32:33 DEBUG TicketServiceImpl:56 - Call method findAll()
2021-10-31 16:32:33 DEBUG TicketServiceImpl:66 - Tickets are [Ticket(id=3001, eventName=Basta, uniqueCode=987654321, creationDate=Tue Feb 18 02:30:00 MSK 1986, status=cancelled, userId=2001, eventId=1001)]
2021-10-31 16:32:33 DEBUG TicketServiceImpl:73 - Call method saveTicket() for ticket with id = 3002
2021-10-31 16:32:33 DEBUG TicketServiceImpl:79 - Call method validate() for ticket with id = 3002
2021-10-31 16:32:33 DEBUG TicketServiceImpl:47 - Call method validateId() with id = 3002
2021-10-31 16:32:33 DEBUG TicketServiceImpl:95 - Call method saveNewTicket() for ticket with id = 3002
2021-10-31 16:32:33 DEBUG TicketServiceImpl:104 - Ticket(id=3002, eventName=circus du soleil, uniqueCode=0000000000, creationDate=Mon Feb 17 16:30:00 MSK 1992, status=actual, userId=2000, eventId=1000) is added in DB
2021-10-31 16:32:33 DEBUG TicketServiceImpl:56 - Call method findAll()
2021-10-31 16:32:33 DEBUG TicketServiceImpl:66 - Tickets are [Ticket(id=3001, eventName=Basta, uniqueCode=987654321, creationDate=Tue Feb 18 02:30:00 MSK 1986, status=cancelled, userId=2001, eventId=1001), Ticket(id=3000, eventName=Oxxxymiron concert, uniqueCode=123456789, creationDate=Mon Feb 17 20:45:00 MSK 1992, status=actual, userId=2000, eventId=1000)]
2021-10-31 16:32:33 DEBUG TicketServiceImpl:56 - Call method findAll()
2021-10-31 16:32:33 DEBUG TicketServiceImpl:66 - Tickets are [Ticket(id=3001, eventName=Basta, uniqueCode=987654321, creationDate=Tue Feb 18 02:30:00 MSK 1986, status=cancelled, userId=2001, eventId=1001), Ticket(id=3000, eventName=Oxxxymiron concert, uniqueCode=123456789, creationDate=Mon Feb 17 20:45:00 MSK 1992, status=actual, userId=2000, eventId=1000)]
2021-10-31 16:48:48 DEBUG EventServiceImpl:39 - Call method getEventById() with id = 1000
2021-10-31 16:48:48 DEBUG EventServiceImpl:49 - Event is Event(id=1000, title=Oxxxymiron concert, date=Fri Aug 13 18:23:00 MSK 2021, price=5000, status=actual, description=Oxxxymiron is, locationId=101)
2021-10-31 16:50:44 DEBUG EventServiceImpl:41 - Call method getEventById() with id = 1000
2021-10-31 16:50:44 DEBUG EventServiceImpl:62 - Call method validateId() with id = 1000
2021-10-31 16:50:45 DEBUG EventServiceImpl:56 - Event is Event(id=1000, title=Oxxxymiron concert, date=Fri Aug 13 18:23:00 MSK 2021, price=5000, status=actual, description=Oxxxymiron is, locationId=101)
2021-10-31 16:52:07 DEBUG EventServiceImpl:41 - Call method getEventById() with id = -1
2021-10-31 16:52:07 DEBUG EventServiceImpl:62 - Call method validateId() with id = -1
2021-10-31 16:52:07 ERROR EventServiceImpl:64 - id can not be less or equals zero
2021-11-01 08:20:55 DEBUG EventServiceImpl:72 - Call method findAllEvents()
2021-11-01 08:20:55 DEBUG EventServiceImpl:82 - Events are [Event(id=1001, title=Basta, date=Sat Sep 14 15:30:00 MSK 2019, price=1000, status=actual, description=Bla bla bla, locationId=100), Event(id=1000, title=Oxxxymiron concert, date=Fri Aug 13 18:23:00 MSK 2021, price=5000, status=actual, description=Oxxxymiron is, locationId=101)]
2021-11-01 08:22:03 DEBUG EventServiceImpl:72 - Call method findAllEvents()
2021-11-01 08:22:03 DEBUG EventServiceImpl:82 - Events are [Event(id=1000, title=Oxxxymiron concert, date=Fri Aug 13 18:23:00 MSK 2021, price=5000, status=actual, description=Oxxxymiron is, locationId=101), Event(id=1001, title=Basta, date=Sat Sep 14 15:30:00 MSK 2019, price=1000, status=actual, description=Bla bla bla, locationId=100)]
2021-11-01 08:22:49 DEBUG EventServiceImpl:72 - Call method findAllEvents()
2021-11-01 08:22:49 DEBUG EventServiceImpl:82 - Events are [Event(id=1001, title=Basta, date=Sat Sep 14 15:30:00 MSK 2019, price=1000, status=actual, description=Bla bla bla, locationId=100)]
2021-11-01 08:23:59 DEBUG EventServiceImpl:72 - Call method findAllEvents()
2021-11-01 08:23:59 DEBUG EventServiceImpl:82 - Events are [Event(id=1001, title=Basta, date=Sat Sep 14 15:30:00 MSK 2019, price=1000, status=actual, description=Bla bla bla, locationId=100), Event(id=1000, title=Oxxxymiron concert, date=Fri Aug 13 18:23:00 MSK 2021, price=5000, status=actual, description=Oxxxymiron is, locationId=101)]
2021-11-01 08:31:14 DEBUG EventServiceImpl:89 - Call method saveEvent() for event with id = 1002
2021-11-01 08:31:14 DEBUG EventServiceImpl:41 - Call method getEventById() with id = 1002
2021-11-01 08:31:14 DEBUG EventServiceImpl:62 - Call method validateId() with id = 1002
2021-11-01 08:31:14 ERROR EventServiceImpl:49 - There is no such event with id = 1002
2021-11-01 08:32:21 DEBUG EventServiceImpl:89 - Call method saveEvent() for event with id = 1002
2021-11-01 08:32:21 DEBUG EventServiceImpl:95 - Call method validate() for event with id = 1002
2021-11-01 08:32:21 DEBUG EventServiceImpl:62 - Call method validateId() with id = 1002
2021-11-01 08:32:21 DEBUG EventServiceImpl:111 - Call method saveNewEvent() for event with id = 1002
2021-11-01 08:32:21 DEBUG EventServiceImpl:120 - Event(id=1002, title=Leonid Agutin, date=Mon Feb 17 16:30:00 MSK 1992, price=10000, status=cancelled, description=Wonderful concert..., locationId=100)is added in DB
2021-11-01 08:36:21 DEBUG EventServiceImpl:89 - Call method saveEvent() for event with id = 1000
2021-11-01 08:36:21 DEBUG EventServiceImpl:95 - Call method validate() for event with id = 1000
2021-11-01 08:36:21 DEBUG EventServiceImpl:62 - Call method validateId() with id = 1000
2021-11-01 08:36:21 DEBUG EventServiceImpl:125 - Call method updateEvent() for event with id = 1000
2021-11-01 08:36:21 DEBUG EventServiceImpl:134 - Event(id=1000, title=Leonid Agutin, date=Mon Feb 17 16:30:00 MSK 1992, price=1000000, status=cancelled, description=Wonderful concert..., locationId=100)is updated in DB
2021-11-01 08:38:48 DEBUG EventServiceImpl:140 - Call method deleteEventById() with event id = 1000
2021-11-01 08:38:48 DEBUG EventServiceImpl:62 - Call method validateId() with id = 1000
2021-11-01 08:38:48 DEBUG EventServiceImpl:150 - Event with id = 1000 is deleted in DB
2021-11-01 08:39:33 DEBUG EventServiceImpl:140 - Call method deleteEventById() with event id = -1000
2021-11-01 08:39:33 DEBUG EventServiceImpl:62 - Call method validateId() with id = -1000
2021-11-01 08:39:33 ERROR EventServiceImpl:64 - id can not be less or equals zero
2021-11-01 08:46:27 DEBUG EventServiceImpl:155 - Call method getAllCategoriesByEventId() with id = 1000
2021-11-01 08:46:27 DEBUG EventServiceImpl:62 - Call method validateId() with id = 1000
2021-11-01 08:46:27 DEBUG EventServiceImpl:167 - Categories are [exhibition, movie, theatre]
2021-11-01 08:48:14 DEBUG EventServiceImpl:155 - Call method getAllCategoriesByEventId() with id = -1000
2021-11-01 08:48:14 DEBUG EventServiceImpl:62 - Call method validateId() with id = -1000
2021-11-01 08:48:14 ERROR EventServiceImpl:64 - id can not be less or equals zero
2021-11-01 08:49:39 DEBUG EventServiceImpl:155 - Call method getAllCategoriesByEventId() with id = 125
2021-11-01 08:49:39 DEBUG EventServiceImpl:62 - Call method validateId() with id = 125
2021-11-01 08:49:39 DEBUG EventServiceImpl:167 - Categories are []
2021-11-01 09:02:33 DEBUG EventServiceImpl:174 - Call method addNewCategory() for event id = 1001 and category id = 1
2021-11-01 09:02:33 DEBUG EventServiceImpl:185 - Category with id = 1is added in DB
2021-11-01 09:04:09 DEBUG EventServiceImpl:190 - Call method removeCategory() for event id = 1000 and category id = 1
2021-11-01 09:04:09 DEBUG EventServiceImpl:199 - Category with id = 1 is deleted in DB
2021-11-01 09:45:50 DEBUG EventServiceImpl:204 - Call method getEventWithDetails() with id = 1000
2021-11-01 09:45:50 DEBUG EventServiceImpl:41 - Call method getEventById() with id = 1000
2021-11-01 09:45:50 DEBUG EventServiceImpl:62 - Call method validateId() with id = 1000
2021-11-01 09:45:50 DEBUG EventServiceImpl:56 - Event is Event(id=1000, title=Oxxxymiron concert, date=Fri Aug 13 18:23:00 MSK 2021, price=5000, status=actual, description=Oxxxymiron is, locationId=101)
2021-11-01 09:45:50 DEBUG EventServiceImpl:155 - Call method getAllCategoriesByEventId() with id = 1000
2021-11-01 09:45:50 DEBUG EventServiceImpl:62 - Call method validateId() with id = 1000
2021-11-01 09:45:50 DEBUG EventServiceImpl:167 - Categories are [exhibition, movie, theatre]
2021-11-01 09:45:50 DEBUG EventServiceImpl:221 - Call method getLocationById() with id = 101
2021-11-01 09:45:50 DEBUG EventServiceImpl:234 - Location is Location(id=101, title=Moes, workingHours=06:00-00:00, type=tavern, address=the great street, description=description bla bla bla for test, capacityPeople=750)
2021-11-01 09:47:02 DEBUG EventServiceImpl:155 - Call method getAllCategoriesByEventId() with id = 1000
2021-11-01 09:47:02 DEBUG EventServiceImpl:62 - Call method validateId() with id = 1000
2021-11-01 09:47:02 DEBUG EventServiceImpl:167 - Categories are [exhibition, movie, theatre]
2021-11-01 09:47:02 DEBUG EventServiceImpl:204 - Call method getEventWithDetails() with id = 1000
2021-11-01 09:47:02 DEBUG EventServiceImpl:41 - Call method getEventById() with id = 1000
2021-11-01 09:47:02 DEBUG EventServiceImpl:62 - Call method validateId() with id = 1000
2021-11-01 09:47:02 DEBUG EventServiceImpl:56 - Event is Event(id=1000, title=Oxxxymiron concert, date=Fri Aug 13 18:23:00 MSK 2021, price=5000, status=actual, description=Oxxxymiron is, locationId=101)
2021-11-01 09:47:02 DEBUG EventServiceImpl:155 - Call method getAllCategoriesByEventId() with id = 1000
2021-11-01 09:47:02 DEBUG EventServiceImpl:62 - Call method validateId() with id = 1000
2021-11-01 09:47:02 DEBUG EventServiceImpl:167 - Categories are [exhibition, movie, theatre]
2021-11-01 09:47:02 DEBUG EventServiceImpl:221 - Call method getLocationById() with id = 101
2021-11-01 09:47:02 DEBUG EventServiceImpl:234 - Location is Location(id=101, title=Moes, workingHours=06:00-00:00, type=tavern, address=the great street, description=description bla bla bla for test, capacityPeople=750)
2021-11-01 09:47:02 DEBUG EventServiceImpl:215 - EventDTO is null
2021-11-01 09:47:02 DEBUG EventServiceImpl:41 - Call method getEventById() with id = 1000
2021-11-01 09:47:02 DEBUG EventServiceImpl:62 - Call method validateId() with id = 1000
2021-11-01 09:47:02 DEBUG EventServiceImpl:56 - Event is Event(id=1000, title=Oxxxymiron concert, date=Fri Aug 13 18:23:00 MSK 2021, price=5000, status=actual, description=Oxxxymiron is, locationId=101)
2021-11-01 09:47:02 DEBUG EventServiceImpl:89 - Call method saveEvent() for event with id = 1002
2021-11-01 09:47:02 DEBUG EventServiceImpl:95 - Call method validate() for event with id = 1002
2021-11-01 09:47:02 DEBUG EventServiceImpl:62 - Call method validateId() with id = 1002
2021-11-01 09:47:02 DEBUG EventServiceImpl:111 - Call method saveNewEvent() for event with id = 1002
2021-11-01 09:47:02 DEBUG EventServiceImpl:120 - Event(id=1002, title=Leonid Agutin, date=Mon Feb 17 16:30:00 MSK 1992, price=10000, status=cancelled, description=Wonderful concert..., locationId=100) is added in DB
2021-11-01 09:47:02 DEBUG EventServiceImpl:72 - Call method findAllEvents()
2021-11-01 09:47:02 DEBUG EventServiceImpl:82 - Events are [Event(id=1001, title=Basta, date=Sat Sep 14 15:30:00 MSK 2019, price=1000, status=actual, description=Bla bla bla, locationId=100)]
2021-11-01 09:47:02 DEBUG EventServiceImpl:72 - Call method findAllEvents()
2021-11-01 09:47:02 DEBUG EventServiceImpl:82 - Events are [Event(id=1000, title=Oxxxymiron concert, date=Fri Aug 13 18:23:00 MSK 2021, price=5000, status=actual, description=Oxxxymiron is, locationId=101), Event(id=1001, title=Basta, date=Sat Sep 14 15:30:00 MSK 2019, price=1000, status=actual, description=Bla bla bla, locationId=100)]
2021-11-01 09:47:02 DEBUG EventServiceImpl:72 - Call method findAllEvents()
2021-11-01 09:47:02 DEBUG EventServiceImpl:82 - Events are [Event(id=1001, title=Basta, date=Sat Sep 14 15:30:00 MSK 2019, price=1000, status=actual, description=Bla bla bla, locationId=100), Event(id=1000, title=Oxxxymiron concert, date=Fri Aug 13 18:23:00 MSK 2021, price=5000, status=actual, description=Oxxxymiron is, locationId=101)]
2021-11-01 09:47:02 DEBUG EventServiceImpl:190 - Call method removeCategory() for event id = 1000 and category id = 1
2021-11-01 09:47:02 DEBUG EventServiceImpl:199 - Category with id = 1 is deleted in DB
2021-11-01 09:47:02 DEBUG EventServiceImpl:72 - Call method findAllEvents()
2021-11-01 09:47:02 DEBUG EventServiceImpl:82 - Events are [Event(id=1001, title=Basta, date=Sat Sep 14 15:30:00 MSK 2019, price=1000, status=actual, description=Bla bla bla, locationId=100), Event(id=1000, title=Oxxxymiron concert, date=Fri Aug 13 18:23:00 MSK 2021, price=5000, status=actual, description=Oxxxymiron is, locationId=101)]
2021-11-01 09:47:02 DEBUG EventServiceImpl:155 - Call method getAllCategoriesByEventId() with id = -1000
2021-11-01 09:47:02 DEBUG EventServiceImpl:62 - Call method validateId() with id = -1000
2021-11-01 09:47:02 ERROR EventServiceImpl:64 - id can not be less or equals zero
2021-11-01 09:47:02 DEBUG EventServiceImpl:140 - Call method deleteEventById() with event id = -1000
2021-11-01 09:47:02 DEBUG EventServiceImpl:62 - Call method validateId() with id = -1000
2021-11-01 09:47:02 ERROR EventServiceImpl:64 - id can not be less or equals zero
2021-11-01 09:47:02 DEBUG EventServiceImpl:155 - Call method getAllCategoriesByEventId() with id = 125
2021-11-01 09:47:02 DEBUG EventServiceImpl:62 - Call method validateId() with id = 125
2021-11-01 09:47:02 DEBUG EventServiceImpl:167 - Categories are []
2021-11-01 09:47:02 DEBUG EventServiceImpl:174 - Call method addNewCategory() for event id = 1001 and category id = 1
2021-11-01 09:47:02 DEBUG EventServiceImpl:185 - Category with id = 1 is added in DB
2021-11-01 09:47:02 DEBUG EventServiceImpl:41 - Call method getEventById() with id = -1
2021-11-01 09:47:02 DEBUG EventServiceImpl:62 - Call method validateId() with id = -1
2021-11-01 09:47:02 ERROR EventServiceImpl:64 - id can not be less or equals zero
2021-11-01 09:47:02 DEBUG EventServiceImpl:89 - Call method saveEvent() for event with id = 1000
2021-11-01 09:47:02 DEBUG EventServiceImpl:95 - Call method validate() for event with id = 1000
2021-11-01 09:47:02 DEBUG EventServiceImpl:62 - Call method validateId() with id = 1000
2021-11-01 09:47:02 DEBUG EventServiceImpl:125 - Call method updateEvent() for event with id = 1000
2021-11-01 09:47:02 DEBUG EventServiceImpl:134 - Event(id=1000, title=Leonid Agutin, date=Mon Feb 17 16:30:00 MSK 1992, price=1000000, status=cancelled, description=Wonderful concert..., locationId=100) is updated in DB
2021-11-01 09:47:02 DEBUG EventServiceImpl:140 - Call method deleteEventById() with event id = 1000
2021-11-01 09:47:02 DEBUG EventServiceImpl:62 - Call method validateId() with id = 1000
2021-11-01 09:47:02 DEBUG EventServiceImpl:150 - Event with id = 1000 is deleted in DB
2021-11-01 09:51:03 DEBUG EventServiceImpl:204 - Call method getEventWithDetails() with id = 1000
2021-11-01 09:51:03 DEBUG EventServiceImpl:41 - Call method getEventById() with id = 1000
2021-11-01 09:51:03 DEBUG EventServiceImpl:62 - Call method validateId() with id = 1000
2021-11-01 09:51:03 DEBUG EventServiceImpl:56 - Event is Event(id=1000, title=Oxxxymiron concert, date=Fri Aug 13 18:23:00 MSK 2021, price=5000, status=actual, description=Oxxxymiron is, locationId=101)
2021-11-01 09:51:03 DEBUG EventServiceImpl:155 - Call method getAllCategoriesByEventId() with id = 1000
2021-11-01 09:51:03 DEBUG EventServiceImpl:62 - Call method validateId() with id = 1000
2021-11-01 09:51:03 DEBUG EventServiceImpl:167 - Categories are [exhibition, movie, theatre]
2021-11-01 09:51:03 DEBUG EventServiceImpl:221 - Call method getLocationById() with id = 101
2021-11-01 09:51:03 DEBUG EventServiceImpl:234 - Location is Location(id=101, title=Moes, workingHours=06:00-00:00, type=tavern, address=the great street, description=description bla bla bla for test, capacityPeople=750)
2021-11-01 09:51:03 DEBUG EventServiceImpl:215 - EventDTO is EventDTO(eventId=1000, eventName=Oxxxymiron concert, eventDate=Fri Aug 13 18:23:00 MSK 2021, eventPrice=5000, eventStatus=actual, eventDescription=Oxxxymiron is, eventCategories=[exhibition, movie, theatre], locationName=Moes, locationWorkingHours=06:00-00:00, locationType=tavern, locationAddress=the great street, locationDescription=description bla bla bla for test, capacityPeople=750)
2021-11-01 09:51:22 DEBUG EventServiceImpl:204 - Call method getEventWithDetails() with id = 1000
2021-11-01 09:51:22 DEBUG EventServiceImpl:41 - Call method getEventById() with id = 1000
2021-11-01 09:51:22 DEBUG EventServiceImpl:62 - Call method validateId() with id = 1000
2021-11-01 09:51:22 DEBUG EventServiceImpl:56 - Event is null
2021-11-01 09:51:22 DEBUG EventServiceImpl:155 - Call method getAllCategoriesByEventId() with id = 1000
2021-11-01 09:51:22 DEBUG EventServiceImpl:62 - Call method validateId() with id = 1000
2021-11-01 09:51:22 DEBUG EventServiceImpl:167 - Categories are []
2021-11-01 09:54:20 DEBUG EventServiceImpl:204 - Call method getEventWithDetails() with id = -1000
2021-11-01 09:54:20 DEBUG EventServiceImpl:41 - Call method getEventById() with id = -1000
2021-11-01 09:54:20 DEBUG EventServiceImpl:62 - Call method validateId() with id = -1000
2021-11-01 09:54:20 ERROR EventServiceImpl:64 - id can not be less or equals zero
2021-11-01 09:54:33 DEBUG EventServiceImpl:204 - Call method getEventWithDetails() with id = 125
2021-11-01 09:54:33 DEBUG EventServiceImpl:41 - Call method getEventById() with id = 125
2021-11-01 09:54:33 DEBUG EventServiceImpl:62 - Call method validateId() with id = 125
2021-11-01 09:54:33 DEBUG EventServiceImpl:56 - Event is null
2021-11-01 09:54:33 DEBUG EventServiceImpl:155 - Call method getAllCategoriesByEventId() with id = 125
2021-11-01 09:54:33 DEBUG EventServiceImpl:62 - Call method validateId() with id = 125
2021-11-01 09:54:33 DEBUG EventServiceImpl:167 - Categories are []
2021-11-01 09:57:00 DEBUG EventServiceImpl:204 - Call method getEventWithDetails() with id = 125
2021-11-01 09:57:05 DEBUG EventServiceImpl:41 - Call method getEventById() with id = 125
2021-11-01 09:57:05 DEBUG EventServiceImpl:62 - Call method validateId() with id = 125
2021-11-01 09:57:29 DEBUG EventServiceImpl:56 - Event is null
2021-11-01 09:57:29 DEBUG EventServiceImpl:155 - Call method getAllCategoriesByEventId() with id = 125
2021-11-01 09:57:29 DEBUG EventServiceImpl:62 - Call method validateId() with id = 125
2021-11-01 09:57:29 DEBUG EventServiceImpl:167 - Categories are []
2021-11-01 09:57:37 DEBUG EventServiceImpl:204 - Call method getEventWithDetails() with id = 125
2021-11-01 09:57:40 DEBUG EventServiceImpl:41 - Call method getEventById() with id = 125
2021-11-01 09:57:41 DEBUG EventServiceImpl:62 - Call method validateId() with id = 125
2021-11-01 09:57:57 DEBUG EventServiceImpl:56 - Event is null
2021-11-01 09:57:57 DEBUG EventServiceImpl:155 - Call method getAllCategoriesByEventId() with id = 125
2021-11-01 09:57:57 DEBUG EventServiceImpl:62 - Call method validateId() with id = 125
2021-11-01 09:57:57 DEBUG EventServiceImpl:167 - Categories are []
2021-11-01 09:58:49 DEBUG EventServiceImpl:204 - Call method getEventWithDetails() with id = 125
2021-11-01 09:58:52 DEBUG EventServiceImpl:41 - Call method getEventById() with id = 125
2021-11-01 09:58:52 DEBUG EventServiceImpl:62 - Call method validateId() with id = 125
2021-11-01 09:59:21 DEBUG EventServiceImpl:56 - Event is null
2021-11-01 09:59:21 DEBUG EventServiceImpl:155 - Call method getAllCategoriesByEventId() with id = 125
2021-11-01 09:59:21 DEBUG EventServiceImpl:62 - Call method validateId() with id = 125
2021-11-01 09:59:21 DEBUG EventServiceImpl:167 - Categories are []
2021-11-01 10:18:09 DEBUG EventServiceImpl:204 - Call method getEventWithDetails() with id = -1000
2021-11-01 10:18:09 DEBUG EventServiceImpl:41 - Call method getEventById() with id = -1000
2021-11-01 10:18:09 DEBUG EventServiceImpl:62 - Call method validateId() with id = -1000
2021-11-01 10:18:09 ERROR EventServiceImpl:64 - id can not be less or equals zero
2021-11-01 10:19:29 DEBUG EventServiceImpl:204 - Call method getEventWithDetails() with id = 125
2021-11-01 10:19:29 DEBUG EventServiceImpl:41 - Call method getEventById() with id = 125
2021-11-01 10:19:29 DEBUG EventServiceImpl:62 - Call method validateId() with id = 125
2021-11-01 10:19:29 DEBUG EventServiceImpl:56 - Event is null
2021-11-01 10:19:29 DEBUG EventServiceImpl:155 - Call method getAllCategoriesByEventId() with id = 125
2021-11-01 10:19:29 DEBUG EventServiceImpl:62 - Call method validateId() with id = 125
2021-11-01 10:19:29 DEBUG EventServiceImpl:167 - Categories are []
2021-11-01 10:27:24 DEBUG EventServiceImpl:204 - Call method getEventWithDetails() with id = 125
2021-11-01 10:27:24 DEBUG EventServiceImpl:41 - Call method getEventById() with id = 125
2021-11-01 10:27:24 DEBUG EventServiceImpl:62 - Call method validateId() with id = 125
2021-11-01 10:49:01 DEBUG EventServiceImpl:204 - Call method getEventWithDetails() with id = 125
2021-11-01 10:49:01 DEBUG EventServiceImpl:41 - Call method getEventById() with id = 125
2021-11-01 10:49:01 DEBUG EventServiceImpl:62 - Call method validateId() with id = 125
2021-11-01 10:50:00 DEBUG EventServiceImpl:204 - Call method getEventWithDetails() with id = 125
2021-11-01 10:50:00 DEBUG EventServiceImpl:41 - Call method getEventById() with id = 125
2021-11-01 10:50:00 DEBUG EventServiceImpl:62 - Call method validateId() with id = 125
2021-11-01 10:53:43 DEBUG EventServiceImpl:204 - Call method getEventWithDetails() with id = 125
2021-11-01 10:53:43 DEBUG EventServiceImpl:41 - Call method getEventById() with id = 125
2021-11-01 10:53:43 DEBUG EventServiceImpl:62 - Call method validateId() with id = 125
2021-11-01 10:53:43 DEBUG EventServiceImpl:56 - Event is null
2021-11-01 10:53:43 DEBUG EventServiceImpl:155 - Call method getAllCategoriesByEventId() with id = 125
2021-11-01 10:53:43 DEBUG EventServiceImpl:62 - Call method validateId() with id = 125
2021-11-01 10:53:43 DEBUG EventServiceImpl:167 - Categories are []
2021-11-01 10:54:59 DEBUG EventServiceImpl:41 - Call method getEventById() with id = -1
2021-11-01 10:54:59 DEBUG EventServiceImpl:62 - Call method validateId() with id = -1
2021-11-01 10:54:59 ERROR EventServiceImpl:64 - id can not be less or equals zero
2021-11-01 10:56:11 DEBUG EventServiceImpl:204 - Call method getEventWithDetails() with id = 125
2021-11-01 10:56:11 DEBUG EventServiceImpl:41 - Call method getEventById() with id = 125
2021-11-01 10:56:11 DEBUG EventServiceImpl:62 - Call method validateId() with id = 125
2021-11-01 10:56:11 ERROR EventServiceImpl:49 - There is no such event with id = 125
2021-11-01 10:56:29 DEBUG EventServiceImpl:204 - Call method getEventWithDetails() with id = 125
2021-11-01 10:56:29 DEBUG EventServiceImpl:41 - Call method getEventById() with id = 125
2021-11-01 10:56:29 DEBUG EventServiceImpl:62 - Call method validateId() with id = 125
2021-11-01 10:56:29 ERROR EventServiceImpl:49 - There is no such event with id = 125
2021-11-01 11:06:46 DEBUG UserServiceImpl:40 - Call method getUserById() with id = 2000
2021-11-01 11:06:46 DEBUG UserServiceImpl:61 - Call method validateId() with id = 2000
2021-11-01 11:06:46 DEBUG UserServiceImpl:55 - User is User(id=2000, name=Dennis, surname=Yudin, email=dennisYudin@mail.ru, login=Big boss, password=0000, type=customer)
2021-11-01 11:07:56 DEBUG UserServiceImpl:40 - Call method getUserById() with id = -1
2021-11-01 11:07:56 DEBUG UserServiceImpl:61 - Call method validateId() with id = -1
2021-11-01 11:07:56 ERROR UserServiceImpl:63 - id can not be less or equals zero
2021-11-01 11:13:11 DEBUG UserServiceImpl:70 - Call method findAll()
2021-11-01 11:13:11 DEBUG UserServiceImpl:80 - Users are [User(id=2000, name=Dennis, surname=Yudin, email=dennisYudin@mail.ru, login=Big boss, password=0000, type=customer), User(id=2001, name=Mark, surname=Batmanov, email=redDragon@mail.ru, login=HelloWorld, password=1234, type=customer)]
2021-11-01 12:57:20 DEBUG UserServiceImpl:70 - Call method findAll()
2021-11-01 12:57:20 DEBUG UserServiceImpl:80 - Users are [User(id=2000, name=Dennis, surname=Yudin, email=dennisYudin@mail.ru, login=Big boss, password=0000, type=customer)]
2021-11-01 12:59:09 DEBUG UserServiceImpl:70 - Call method findAll()
2021-11-01 12:59:09 DEBUG UserServiceImpl:80 - Users are [User(id=2001, name=Mark, surname=Batmanov, email=redDragon@mail.ru, login=HelloWorld, password=1234, type=customer), User(id=2000, name=Dennis, surname=Yudin, email=dennisYudin@mail.ru, login=Big boss, password=0000, type=customer)]
2021-11-01 13:00:16 DEBUG UserServiceImpl:70 - Call method findAll()
2021-11-01 13:00:16 DEBUG UserServiceImpl:80 - Users are [User(id=2000, name=Dennis, surname=Yudin, email=dennisYudin@mail.ru, login=Big boss, password=0000, type=customer), User(id=2001, name=Mark, surname=Batmanov, email=redDragon@mail.ru, login=HelloWorld, password=1234, type=customer)]
2021-11-01 13:06:32 DEBUG UserServiceImpl:87 - Call method saveUser() for user with id = 2002
2021-11-01 13:06:32 DEBUG UserServiceImpl:93 - Call method validate() for user with id = 2002
2021-11-01 13:06:32 DEBUG UserServiceImpl:61 - Call method validateId() with id = 2002
2021-11-01 13:06:32 DEBUG UserServiceImpl:109 - Call method saveNewUser() for user with id = 2002
2021-11-01 13:06:32 DEBUG UserServiceImpl:118 - User(id=2002, name=Vandam, surname=Ivanov, email=machoMan2013@yandex.ru, login=wonderfulFlower, password=1234, type=customer)is added in DB
2021-11-01 13:09:12 DEBUG UserServiceImpl:87 - Call method saveUser() for user with id = 2000
2021-11-01 13:09:12 DEBUG UserServiceImpl:93 - Call method validate() for user with id = 2000
2021-11-01 13:09:12 DEBUG UserServiceImpl:61 - Call method validateId() with id = 2000
2021-11-01 13:09:12 DEBUG UserServiceImpl:123 - Call method updateUser() for user with id = 2000
2021-11-01 13:09:12 DEBUG UserServiceImpl:132 - User(id=2000, name=Oleg, surname=Petrov, email=machoMan2013@yandex.ru, login=wonderfulFlower, password=0000, type=customer)is updated in DB
2021-11-01 13:10:47 DEBUG UserServiceImpl:138 - Call method deleteUserById() with id = 2000
2021-11-01 13:10:47 DEBUG UserServiceImpl:61 - Call method validateId() with id = 2000
2021-11-01 13:10:47 DEBUG UserServiceImpl:148 - User with id = 2000 is deleted in DB
2021-11-01 13:11:54 DEBUG UserServiceImpl:138 - Call method deleteUserById() with id = -1
2021-11-01 13:11:54 DEBUG UserServiceImpl:61 - Call method validateId() with id = -1
2021-11-01 13:11:54 ERROR UserServiceImpl:63 - id can not be less or equals zero
2021-11-01 13:15:22 DEBUG UserServiceImpl:153 - Call method getAllEventsByUserId() with id = 2000
2021-11-01 13:15:22 DEBUG UserServiceImpl:61 - Call method validateId() with id = 2000
2021-11-01 13:15:22 DEBUG UserServiceImpl:165 - Events are [Oxxxymiron concert]
2021-11-01 13:16:46 DEBUG UserServiceImpl:153 - Call method getAllEventsByUserId() with id = -1
2021-11-01 13:16:46 DEBUG UserServiceImpl:61 - Call method validateId() with id = -1
2021-11-01 13:16:46 ERROR UserServiceImpl:63 - id can not be less or equals zero
2021-11-01 13:18:16 DEBUG UserServiceImpl:153 - Call method getAllEventsByUserId() with id = 165
2021-11-01 13:18:16 DEBUG UserServiceImpl:61 - Call method validateId() with id = 165
2021-11-01 13:18:16 DEBUG UserServiceImpl:165 - Events are []
2021-11-01 13:18:34 DEBUG UserServiceImpl:153 - Call method getAllEventsByUserId() with id = 165
2021-11-01 13:18:34 DEBUG UserServiceImpl:61 - Call method validateId() with id = 165
2021-11-01 13:18:34 DEBUG UserServiceImpl:165 - Events are []
2021-11-01 13:19:05 DEBUG UserServiceImpl:153 - Call method getAllEventsByUserId() with id = -1
2021-11-01 13:19:05 DEBUG UserServiceImpl:61 - Call method validateId() with id = -1
2021-11-01 13:19:05 ERROR UserServiceImpl:63 - id can not be less or equals zero
2021-11-01 13:19:05 DEBUG UserServiceImpl:70 - Call method findAll()
2021-11-01 13:19:05 DEBUG UserServiceImpl:80 - Users are [User(id=2000, name=Dennis, surname=Yudin, email=dennisYudin@mail.ru, login=Big boss, password=0000, type=customer), User(id=2001, name=Mark, surname=Batmanov, email=redDragon@mail.ru, login=HelloWorld, password=1234, type=customer)]
2021-11-01 13:19:05 DEBUG UserServiceImpl:138 - Call method deleteUserById() with id = -1
2021-11-01 13:19:05 DEBUG UserServiceImpl:61 - Call method validateId() with id = -1
2021-11-01 13:19:05 ERROR UserServiceImpl:63 - id can not be less or equals zero
2021-11-01 13:19:05 DEBUG UserServiceImpl:70 - Call method findAll()
2021-11-01 13:19:05 DEBUG UserServiceImpl:80 - Users are [User(id=2001, name=Mark, surname=Batmanov, email=redDragon@mail.ru, login=HelloWorld, password=1234, type=customer), User(id=2000, name=Dennis, surname=Yudin, email=dennisYudin@mail.ru, login=Big boss, password=0000, type=customer)]
2021-11-01 13:19:05 DEBUG UserServiceImpl:153 - Call method getAllEventsByUserId() with id = 165
2021-11-01 13:19:05 DEBUG UserServiceImpl:61 - Call method validateId() with id = 165
2021-11-01 13:19:05 DEBUG UserServiceImpl:165 - Events are []
2021-11-01 13:19:05 DEBUG UserServiceImpl:153 - Call method getAllEventsByUserId() with id = 2000
2021-11-01 13:19:05 DEBUG UserServiceImpl:61 - Call method validateId() with id = 2000
2021-11-01 13:19:05 DEBUG UserServiceImpl:165 - Events are [Oxxxymiron concert]
2021-11-01 13:19:05 DEBUG UserServiceImpl:87 - Call method saveUser() for user with id = 2000
2021-11-01 13:19:05 DEBUG UserServiceImpl:93 - Call method validate() for user with id = 2000
2021-11-01 13:19:05 DEBUG UserServiceImpl:61 - Call method validateId() with id = 2000
2021-11-01 13:19:05 DEBUG UserServiceImpl:123 - Call method updateUser() for user with id = 2000
2021-11-01 13:19:05 DEBUG UserServiceImpl:132 - User(id=2000, name=Oleg, surname=Petrov, email=machoMan2013@yandex.ru, login=wonderfulFlower, password=0000, type=customer)is updated in DB
2021-11-01 13:19:05 DEBUG UserServiceImpl:70 - Call method findAll()
2021-11-01 13:19:05 DEBUG UserServiceImpl:80 - Users are [User(id=2000, name=Dennis, surname=Yudin, email=dennisYudin@mail.ru, login=Big boss, password=0000, type=customer), User(id=2001, name=Mark, surname=Batmanov, email=redDragon@mail.ru, login=HelloWorld, password=1234, type=customer)]
2021-11-01 13:19:05 DEBUG UserServiceImpl:70 - Call method findAll()
2021-11-01 13:19:05 DEBUG UserServiceImpl:80 - Users are [User(id=2000, name=Dennis, surname=Yudin, email=dennisYudin@mail.ru, login=Big boss, password=0000, type=customer)]
2021-11-01 13:19:05 DEBUG UserServiceImpl:138 - Call method deleteUserById() with id = 2000
2021-11-01 13:19:05 DEBUG UserServiceImpl:61 - Call method validateId() with id = 2000
2021-11-01 13:19:05 DEBUG UserServiceImpl:148 - User with id = 2000 is deleted in DB
2021-11-01 13:19:05 DEBUG UserServiceImpl:40 - Call method getUserById() with id = 2000
2021-11-01 13:19:05 DEBUG UserServiceImpl:61 - Call method validateId() with id = 2000
2021-11-01 13:19:05 DEBUG UserServiceImpl:55 - User is User(id=2000, name=Dennis, surname=Yudin, email=dennisYudin@mail.ru, login=Big boss, password=0000, type=customer)
2021-11-01 13:19:05 DEBUG UserServiceImpl:40 - Call method getUserById() with id = -1
2021-11-01 13:19:05 DEBUG UserServiceImpl:61 - Call method validateId() with id = -1
2021-11-01 13:19:05 ERROR UserServiceImpl:63 - id can not be less or equals zero
2021-11-01 13:19:05 DEBUG UserServiceImpl:87 - Call method saveUser() for user with id = 2002
2021-11-01 13:19:05 DEBUG UserServiceImpl:93 - Call method validate() for user with id = 2002
2021-11-01 13:19:05 DEBUG UserServiceImpl:61 - Call method validateId() with id = 2002
2021-11-01 13:19:05 DEBUG UserServiceImpl:109 - Call method saveNewUser() for user with id = 2002
2021-11-01 13:19:05 DEBUG UserServiceImpl:118 - User(id=2002, name=Vandam, surname=Ivanov, email=machoMan2013@yandex.ru, login=wonderfulFlower, password=1234, type=customer)is added in DB
2021-11-01 13:21:32 DEBUG UserServiceImpl:172 - Call method addNewEvent() for user id = 2001 and event id = 1001
2021-11-01 13:21:32 DEBUG UserServiceImpl:183 - Event with id = 1001is added in DB
2021-11-01 13:23:03 DEBUG UserServiceImpl:188 - Call method removeEvent() for user id = 2000 and event id = 1000
2021-11-01 13:23:03 DEBUG UserServiceImpl:197 - Event with id = 1000 is deleted in DB
2021-11-01 14:56:57 DEBUG UserServiceImpl:150 - Call method getAllEventsByUserId() with id = -1
2021-11-01 14:56:57 DEBUG UserServiceImpl:58 - Call method validateId() with id = -1
2021-11-01 14:56:57 ERROR UserServiceImpl:60 - id can not be less or equals zero
2021-11-01 14:56:57 DEBUG UserServiceImpl:185 - Call method removeEvent() for user id = 2000 and event id = 1000
2021-11-01 14:56:57 DEBUG UserServiceImpl:194 - Event with id = 1000 is deleted in DB
2021-11-01 14:56:57 DEBUG UserServiceImpl:67 - Call method findAll()
2021-11-01 14:56:57 DEBUG UserServiceImpl:77 - Users are [User(id=2000, name=Dennis, surname=Yudin, email=dennisYudin@mail.ru, login=Big boss, password=0000, type=customer), User(id=2001, name=Mark, surname=Batmanov, email=redDragon@mail.ru, login=HelloWorld, password=1234, type=customer)]
2021-11-01 14:56:57 DEBUG UserServiceImpl:135 - Call method deleteUserById() with id = -1
2021-11-01 14:56:57 DEBUG UserServiceImpl:58 - Call method validateId() with id = -1
2021-11-01 14:56:57 ERROR UserServiceImpl:60 - id can not be less or equals zero
2021-11-01 14:56:57 DEBUG UserServiceImpl:67 - Call method findAll()
2021-11-01 14:56:57 DEBUG UserServiceImpl:77 - Users are [User(id=2001, name=Mark, surname=Batmanov, email=redDragon@mail.ru, login=HelloWorld, password=1234, type=customer), User(id=2000, name=Dennis, surname=Yudin, email=dennisYudin@mail.ru, login=Big boss, password=0000, type=customer)]
2021-11-01 14:56:57 DEBUG UserServiceImpl:150 - Call method getAllEventsByUserId() with id = 165
2021-11-01 14:56:57 DEBUG UserServiceImpl:58 - Call method validateId() with id = 165
2021-11-01 14:56:57 DEBUG UserServiceImpl:162 - Events are []
2021-11-01 14:56:57 DEBUG UserServiceImpl:169 - Call method addNewEvent() for user id = 2001 and event id = 1001
2021-11-01 14:56:57 DEBUG UserServiceImpl:180 - Event with id = 1001 is added in DB
2021-11-01 14:56:57 DEBUG UserServiceImpl:150 - Call method getAllEventsByUserId() with id = 2000
2021-11-01 14:56:57 DEBUG UserServiceImpl:58 - Call method validateId() with id = 2000
2021-11-01 14:56:57 DEBUG UserServiceImpl:162 - Events are [Oxxxymiron concert]
2021-11-01 14:56:57 DEBUG UserServiceImpl:84 - Call method saveUser() for user with id = 2000
2021-11-01 14:56:57 DEBUG UserServiceImpl:90 - Call method validate() for user with id = 2000
2021-11-01 14:56:57 DEBUG UserServiceImpl:58 - Call method validateId() with id = 2000
2021-11-01 14:56:57 DEBUG UserServiceImpl:120 - Call method updateUser() for user with id = 2000
2021-11-01 14:56:57 DEBUG UserServiceImpl:129 - User(id=2000, name=Oleg, surname=Petrov, email=machoMan2013@yandex.ru, login=wonderfulFlower, password=0000, type=customer)is updated in DB
2021-11-01 14:56:57 DEBUG UserServiceImpl:67 - Call method findAll()
2021-11-01 14:56:57 DEBUG UserServiceImpl:77 - Users are [User(id=2000, name=Dennis, surname=Yudin, email=dennisYudin@mail.ru, login=Big boss, password=0000, type=customer), User(id=2001, name=Mark, surname=Batmanov, email=redDragon@mail.ru, login=HelloWorld, password=1234, type=customer)]
2021-11-01 14:56:57 DEBUG UserServiceImpl:67 - Call method findAll()
2021-11-01 14:56:57 DEBUG UserServiceImpl:77 - Users are [User(id=2000, name=Dennis, surname=Yudin, email=dennisYudin@mail.ru, login=Big boss, password=0000, type=customer)]
2021-11-01 14:56:57 DEBUG UserServiceImpl:135 - Call method deleteUserById() with id = 2000
2021-11-01 14:56:57 DEBUG UserServiceImpl:58 - Call method validateId() with id = 2000
2021-11-01 14:56:57 DEBUG UserServiceImpl:145 - User with id = 2000 is deleted in DB
2021-11-01 14:56:57 DEBUG UserServiceImpl:37 - Call method getUserById() with id = 2000
2021-11-01 14:56:57 DEBUG UserServiceImpl:58 - Call method validateId() with id = 2000
2021-11-01 14:56:57 DEBUG UserServiceImpl:52 - User is User(id=2000, name=Dennis, surname=Yudin, email=dennisYudin@mail.ru, login=Big boss, password=0000, type=customer)
2021-11-01 14:56:57 DEBUG UserServiceImpl:37 - Call method getUserById() with id = -1
2021-11-01 14:56:57 DEBUG UserServiceImpl:58 - Call method validateId() with id = -1
2021-11-01 14:56:57 ERROR UserServiceImpl:60 - id can not be less or equals zero
2021-11-01 14:56:57 DEBUG UserServiceImpl:84 - Call method saveUser() for user with id = 2002
2021-11-01 14:56:57 DEBUG UserServiceImpl:90 - Call method validate() for user with id = 2002
2021-11-01 14:56:57 DEBUG UserServiceImpl:58 - Call method validateId() with id = 2002
2021-11-01 14:56:57 DEBUG UserServiceImpl:106 - Call method saveNewUser() for user with id = 2002
2021-11-01 14:56:57 DEBUG UserServiceImpl:115 - User(id=2002, name=Vandam, surname=Ivanov, email=machoMan2013@yandex.ru, login=wonderfulFlower, password=1234, type=customer)is added in DB
2021-11-01 15:02:35 DEBUG UserServiceImpl:150 - Call method getAllEventsByUserId() with id = -1
2021-11-01 15:02:35 DEBUG UserServiceImpl:58 - Call method validateId() with id = -1
2021-11-01 15:02:35 ERROR UserServiceImpl:60 - id can not be less or equals zero
2021-11-01 15:02:35 DEBUG UserServiceImpl:185 - Call method removeEvent() for user id = 2000 and event id = 1000
2021-11-01 15:02:35 DEBUG UserServiceImpl:194 - Event with id = 1000 is deleted in DB
2021-11-01 15:02:35 DEBUG UserServiceImpl:67 - Call method findAll()
2021-11-01 15:02:35 DEBUG UserServiceImpl:77 - Users are [User(id=2000, name=Dennis, surname=Yudin, email=dennisYudin@mail.ru, login=Big boss, password=0000, type=customer), User(id=2001, name=Mark, surname=Batmanov, email=redDragon@mail.ru, login=HelloWorld, password=1234, type=customer)]
2021-11-01 15:02:35 DEBUG UserServiceImpl:135 - Call method deleteUserById() with id = -1
2021-11-01 15:02:35 DEBUG UserServiceImpl:58 - Call method validateId() with id = -1
2021-11-01 15:02:35 ERROR UserServiceImpl:60 - id can not be less or equals zero
2021-11-01 15:02:35 DEBUG UserServiceImpl:67 - Call method findAll()
2021-11-01 15:02:35 DEBUG UserServiceImpl:77 - Users are [User(id=2001, name=Mark, surname=Batmanov, email=redDragon@mail.ru, login=HelloWorld, password=1234, type=customer), User(id=2000, name=Dennis, surname=Yudin, email=dennisYudin@mail.ru, login=Big boss, password=0000, type=customer)]
2021-11-01 15:02:35 DEBUG UserServiceImpl:150 - Call method getAllEventsByUserId() with id = 165
2021-11-01 15:02:35 DEBUG UserServiceImpl:58 - Call method validateId() with id = 165
2021-11-01 15:02:35 DEBUG UserServiceImpl:162 - Events are []
2021-11-01 15:02:35 DEBUG UserServiceImpl:169 - Call method addNewEvent() for user id = 2001 and event id = 1001
2021-11-01 15:02:35 DEBUG UserServiceImpl:180 - Event with id = 1001 is added in DB
2021-11-01 15:02:35 DEBUG UserServiceImpl:150 - Call method getAllEventsByUserId() with id = 2000
2021-11-01 15:02:35 DEBUG UserServiceImpl:58 - Call method validateId() with id = 2000
2021-11-01 15:02:35 DEBUG UserServiceImpl:162 - Events are [Oxxxymiron concert]
2021-11-01 15:02:35 DEBUG UserServiceImpl:84 - Call method saveUser() for user with id = 2000
2021-11-01 15:02:35 DEBUG UserServiceImpl:90 - Call method validate() for user with id = 2000
2021-11-01 15:02:35 DEBUG UserServiceImpl:58 - Call method validateId() with id = 2000
2021-11-01 15:02:35 DEBUG UserServiceImpl:120 - Call method updateUser() for user with id = 2000
2021-11-01 15:02:35 DEBUG UserServiceImpl:129 - User(id=2000, name=Oleg, surname=Petrov, email=machoMan2013@yandex.ru, login=wonderfulFlower, password=0000, type=customer)is updated in DB
2021-11-01 15:02:35 DEBUG UserServiceImpl:67 - Call method findAll()
2021-11-01 15:02:35 DEBUG UserServiceImpl:77 - Users are [User(id=2000, name=Dennis, surname=Yudin, email=dennisYudin@mail.ru, login=Big boss, password=0000, type=customer), User(id=2001, name=Mark, surname=Batmanov, email=redDragon@mail.ru, login=HelloWorld, password=1234, type=customer)]
2021-11-01 15:02:35 DEBUG UserServiceImpl:67 - Call method findAll()
2021-11-01 15:02:35 DEBUG UserServiceImpl:77 - Users are [User(id=2000, name=Dennis, surname=Yudin, email=dennisYudin@mail.ru, login=Big boss, password=0000, type=customer)]
2021-11-01 15:02:35 DEBUG UserServiceImpl:135 - Call method deleteUserById() with id = 2000
2021-11-01 15:02:35 DEBUG UserServiceImpl:58 - Call method validateId() with id = 2000
2021-11-01 15:02:35 DEBUG UserServiceImpl:145 - User with id = 2000 is deleted in DB
2021-11-01 15:02:35 DEBUG UserServiceImpl:37 - Call method getUserById() with id = 2000
2021-11-01 15:02:35 DEBUG UserServiceImpl:58 - Call method validateId() with id = 2000
2021-11-01 15:02:35 DEBUG UserServiceImpl:52 - User is User(id=2000, name=Dennis, surname=Yudin, email=dennisYudin@mail.ru, login=Big boss, password=0000, type=customer)
2021-11-01 15:02:35 DEBUG UserServiceImpl:37 - Call method getUserById() with id = -1
2021-11-01 15:02:35 DEBUG UserServiceImpl:58 - Call method validateId() with id = -1
2021-11-01 15:02:35 ERROR UserServiceImpl:60 - id can not be less or equals zero
2021-11-01 15:02:35 DEBUG UserServiceImpl:84 - Call method saveUser() for user with id = 2002
2021-11-01 15:02:35 DEBUG UserServiceImpl:90 - Call method validate() for user with id = 2002
2021-11-01 15:02:35 DEBUG UserServiceImpl:58 - Call method validateId() with id = 2002
2021-11-01 15:02:35 DEBUG UserServiceImpl:106 - Call method saveNewUser() for user with id = 2002
2021-11-01 15:02:35 DEBUG UserServiceImpl:115 - User(id=2002, name=Vandam, surname=Ivanov, email=machoMan2013@yandex.ru, login=wonderfulFlower, password=1234, type=customer)is added in DB
